#
# There is insufficient memory for the Java Runtime Environment to continue.
# Native memory allocation (malloc) failed to allocate 1139856 bytes for Chunk::new
# Possible reasons:
#   The system is out of physical RAM or swap space
#   The process is running with CompressedOops enabled, and the Java Heap may be blocking the growth of the native heap
# Possible solutions:
#   Reduce memory load on the system
#   Increase physical memory or swap space
#   Check if swap backing store is full
#   Decrease Java heap size (-Xmx/-Xms)
#   Decrease number of Java threads
#   Decrease Java thread stack sizes (-Xss)
#   Set larger code cache with -XX:ReservedCodeCacheSize=
#   JVM is running with Unscaled Compressed Oops mode in which the Java heap is
#     placed in the first 4GB address space. The Java Heap base address is the
#     maximum limit for the native heap growth. Please use -XX:HeapBaseMinAddress
#     to set the Java Heap base and to place the Java Heap above 4GB virtual address.
# This output file may be truncated or incomplete.
#
#  Out of Memory Error (./src/hotspot/share/memory/arena.cpp:197), pid=14688, tid=14164
#
# JRE version: OpenJDK Runtime Environment (11.0.11+9) (build 11.0.11+9-b60-7590822)
# Java VM: OpenJDK 64-Bit Server VM (11.0.11+9-b60-7590822, mixed mode, tiered, compressed oops, g1 gc, windows-amd64)
# No core dump will be written. Minidumps are not enabled by default on client versions of Windows
#

---------------  S U M M A R Y ------------

Command Line: --add-opens=java.base/java.util=ALL-UNNAMED --add-opens=java.base/java.lang=ALL-UNNAMED --add-opens=java.base/java.lang.invoke=ALL-UNNAMED --add-opens=java.base/java.util=ALL-UNNAMED --add-opens=java.prefs/java.util.prefs=ALL-UNNAMED --add-opens=java.prefs/java.util.prefs=ALL-UNNAMED --add-opens=java.base/java.nio.charset=ALL-UNNAMED --add-opens=java.base/java.net=ALL-UNNAMED --add-opens=java.base/java.util.concurrent.atomic=ALL-UNNAMED -Xmx2048m -Dfile.encoding=UTF-8 -Duser.country=US -Duser.language=en -Duser.variant org.gradle.launcher.daemon.bootstrap.GradleDaemon 7.2

Host: Intel(R) Core(TM) i5-8250U CPU @ 1.60GHz, 8 cores, 11G,  Windows 10 , 64 bit Build 16299 (10.0.16299.15)
Time: Tue Apr 19 01:46:46 2022 Eastern Daylight Time elapsed time: 2028.260514 seconds (0d 0h 33m 48s)

---------------  T H R E A D  ---------------

Current thread (0x0000018c902fc000):  JavaThread "C2 CompilerThread0" daemon [_thread_in_native, id=14164, stack(0x0000004dc8300000,0x0000004dc8400000)]


Current CompileTask:
C2:2028260 17211   !   4       java.nio.file.FileTreeWalker::visit (204 bytes)

Stack: [0x0000004dc8300000,0x0000004dc8400000]
Native frames: (J=compiled Java code, j=interpreted, Vv=VM code, C=native code)
V  [jvm.dll+0x5f214a]
V  [jvm.dll+0x726fb5]
V  [jvm.dll+0x7285cd]
V  [jvm.dll+0x728c83]
V  [jvm.dll+0x243278]
V  [jvm.dll+0xbc53c]
V  [jvm.dll+0xbca3c]
V  [jvm.dll+0x353e3b]
V  [jvm.dll+0x321893]
V  [jvm.dll+0x320d8a]
V  [jvm.dll+0x1fc1e2]
V  [jvm.dll+0x1fb3d4]
V  [jvm.dll+0x183d6c]
V  [jvm.dll+0x209a57]
V  [jvm.dll+0x2082a1]
V  [jvm.dll+0x6ef58f]
V  [jvm.dll+0x6e80b5]
V  [jvm.dll+0x5f1036]
C  [ucrtbase.dll+0x1dc05]
C  [KERNEL32.DLL+0x11fe4]
C  [ntdll.dll+0x6efc1]


---------------  P R O C E S S  ---------------

Threads class SMR info:
_java_thread_list=0x0000018c9061c280, length=153, elements={
0x0000018cf554e800, 0x0000018c8fa87800, 0x0000018c8fa8b000, 0x0000018c8fa7e800,
0x0000018c8fa80000, 0x0000018c902fb800, 0x0000018c902fc000, 0x0000018c902fd000,
0x0000018c90302000, 0x0000018c90483000, 0x0000018c915bd800, 0x0000018c929f2000,
0x0000018c93afa000, 0x0000018c93882800, 0x0000018c93883800, 0x0000018c93884800,
0x0000018c9387f800, 0x0000018c93882000, 0x0000018c913f1800, 0x0000018c913f5800,
0x0000018c913f6800, 0x0000018c913f9800, 0x0000018c913fb800, 0x0000018c930dd000,
0x0000018c930db800, 0x0000018c930dc800, 0x0000018c930de000, 0x0000018c963fd800,
0x0000018c963f9000, 0x0000018c963fa800, 0x0000018c963f9800, 0x0000018c963fe800,
0x0000018c963ff800, 0x0000018c963fb000, 0x0000018c96400000, 0x0000018c96401000,
0x0000018c96402000, 0x0000018c963fc000, 0x0000018c96402800, 0x0000018c963fd000,
0x0000018c96403800, 0x0000018c96404000, 0x0000018c96405000, 0x0000018c96406000,
0x0000018c96406800, 0x0000018c930d0000, 0x0000018c930d1000, 0x0000018c930d3800,
0x0000018c930d1800, 0x0000018c930d2800, 0x0000018c930d4000, 0x0000018c930cf000,
0x0000018c930da800, 0x0000018c930d5800, 0x0000018c930d6800, 0x0000018c930d8000,
0x0000018c930da000, 0x0000018c930d9000, 0x0000018c930d5000, 0x0000018c930d7800,
0x0000018c913f7000, 0x0000018c913f8000, 0x0000018c913f9000, 0x0000018c913f3000,
0x0000018c913fa800, 0x0000018c913f5000, 0x0000018c913fc000, 0x0000018c913fd000,
0x0000018c913ff800, 0x0000018c913fe000, 0x0000018c913fe800, 0x0000018c91400000,
0x0000018c9387e800, 0x0000018c93881000, 0x0000018c9387e000, 0x0000018c93880000,
0x0000018c92cbf800, 0x0000018c92cc3800, 0x0000018c92cc3000, 0x0000018c92cbf000,
0x0000018c92cbe000, 0x0000018c92cc1800, 0x0000018c92cc4800, 0x0000018c92cc2000,
0x0000018c92cc5800, 0x0000018c92cc6000, 0x0000018c92cc0800, 0x0000018c92cc8800,
0x0000018c92ccb000, 0x0000018c92cc8000, 0x0000018c92cc9800, 0x0000018c92cca000,
0x0000018c92ccc000, 0x0000018c92ccc800, 0x0000018c92cc7000, 0x0000018c972ca800,
0x0000018c972cb800, 0x0000018c972cc800, 0x0000018c972cf800, 0x0000018c972cd000,
0x0000018c972ce000, 0x0000018c972cf000, 0x0000018c972ca000, 0x0000018c972d3000,
0x0000018c972d3800, 0x0000018c972d2000, 0x0000018c972d5800, 0x0000018c972d1000,
0x0000018c972d4800, 0x0000018c972d6000, 0x0000018c972d0800, 0x0000018c972d7000,
0x0000018c972d8000, 0x0000018c972d8800, 0x0000018c93e26000, 0x0000018c93e23000,
0x0000018c93e25800, 0x0000018c93e27000, 0x0000018c93e28000, 0x0000018c93e24800,
0x0000018c93e28800, 0x0000018c93e29800, 0x0000018c93e23800, 0x0000018c93e2d800,
0x0000018c93e2e800, 0x0000018c93e2b000, 0x0000018c93e30000, 0x0000018c93e2c000,
0x0000018c93e2a000, 0x0000018c93e31800, 0x0000018c93e2f000, 0x0000018c93e31000,
0x0000018c93e2c800, 0x0000018c961fa000, 0x0000018c961fb800, 0x0000018c961fd800,
0x0000018c961fb000, 0x0000018c961fc800, 0x0000018c96200000, 0x0000018c961ff000,
0x0000018c96203000, 0x0000018c96200800, 0x0000018c961f9000, 0x0000018c96201800,
0x0000018c96202000, 0x0000018c96204000, 0x0000018c961fe000, 0x0000018c96204800,
0x0000018c96205800, 0x0000018c96206800, 0x0000018c96207000, 0x0000018c91d37000,
0x0000018c9c227800
}

Java Threads: ( => current thread )
  0x0000018cf554e800 JavaThread "main" [_thread_blocked, id=14020, stack(0x0000004dc7600000,0x0000004dc7700000)]
  0x0000018c8fa87800 JavaThread "Reference Handler" daemon [_thread_blocked, id=5360, stack(0x0000004dc7d00000,0x0000004dc7e00000)]
  0x0000018c8fa8b000 JavaThread "Finalizer" daemon [_thread_blocked, id=14228, stack(0x0000004dc7e00000,0x0000004dc7f00000)]
  0x0000018c8fa7e800 JavaThread "Signal Dispatcher" daemon [_thread_blocked, id=6224, stack(0x0000004dc8000000,0x0000004dc8100000)]
  0x0000018c8fa80000 JavaThread "Attach Listener" daemon [_thread_blocked, id=10584, stack(0x0000004dc8100000,0x0000004dc8200000)]
  0x0000018c902fb800 JavaThread "Service Thread" daemon [_thread_blocked, id=16956, stack(0x0000004dc8200000,0x0000004dc8300000)]
=>0x0000018c902fc000 JavaThread "C2 CompilerThread0" daemon [_thread_in_native, id=14164, stack(0x0000004dc8300000,0x0000004dc8400000)]
  0x0000018c902fd000 JavaThread "C1 CompilerThread0" daemon [_thread_blocked, id=15972, stack(0x0000004dc8400000,0x0000004dc8500000)]
  0x0000018c90302000 JavaThread "Sweeper thread" daemon [_thread_blocked, id=12556, stack(0x0000004dc8500000,0x0000004dc8600000)]
  0x0000018c90483000 JavaThread "Common-Cleaner" daemon [_thread_blocked, id=17920, stack(0x0000004dc8600000,0x0000004dc8700000)]
  0x0000018c915bd800 JavaThread "Daemon health stats" [_thread_blocked, id=12736, stack(0x0000004dc8d00000,0x0000004dc8e00000)]
  0x0000018c929f2000 JavaThread "Incoming local TCP Connector on port 63408" [_thread_in_native, id=16096, stack(0x0000004dc8f00000,0x0000004dc9000000)]
  0x0000018c93afa000 JavaThread "Daemon periodic checks" [_thread_blocked, id=14064, stack(0x0000004dc9000000,0x0000004dc9100000)]
  0x0000018c93882800 JavaThread "Cache worker for journal cache (C:\Users\Bailey\.gradle\caches\journal-1)" [_thread_blocked, id=16412, stack(0x0000004dc9800000,0x0000004dc9900000)]
  0x0000018c93883800 JavaThread "File lock request listener" [_thread_in_native, id=15768, stack(0x0000004dc9900000,0x0000004dc9a00000)]
  0x0000018c93884800 JavaThread "Cache worker for file hash cache (C:\Users\Bailey\.gradle\caches\7.2\fileHashes)" [_thread_blocked, id=10436, stack(0x0000004dc9a00000,0x0000004dc9b00000)]
  0x0000018c9387f800 JavaThread "File watcher server" daemon [_thread_in_native, id=13536, stack(0x0000004dca200000,0x0000004dca300000)]
  0x0000018c93882000 JavaThread "File watcher consumer" daemon [_thread_blocked, id=14800, stack(0x0000004dca300000,0x0000004dca400000)]
  0x0000018c913f1800 JavaThread "Cache worker for execution history cache (C:\Users\Bailey\.gradle\caches\7.2\executionHistory)" [_thread_blocked, id=7964, stack(0x0000004dca800000,0x0000004dca900000)]
  0x0000018c913f5800 JavaThread "jar transforms" [_thread_blocked, id=12208, stack(0x0000004dcaa00000,0x0000004dcab00000)]
  0x0000018c913f6800 JavaThread "Cache worker for file content cache (C:\Users\Bailey\.gradle\caches\7.2\fileContent)" [_thread_blocked, id=4732, stack(0x0000004dcab00000,0x0000004dcac00000)]
  0x0000018c913f9800 JavaThread "jar transforms Thread 2" [_thread_blocked, id=17364, stack(0x0000004dcac00000,0x0000004dcad00000)]
  0x0000018c913fb800 JavaThread "jar transforms Thread 3" [_thread_blocked, id=6784, stack(0x0000004dcae00000,0x0000004dcaf00000)]
  0x0000018c930dd000 JavaThread "jar transforms Thread 4" [_thread_blocked, id=6892, stack(0x0000004dd0100000,0x0000004dd0200000)]
  0x0000018c930db800 JavaThread "jar transforms Thread 5" [_thread_blocked, id=16532, stack(0x0000004dd0200000,0x0000004dd0300000)]
  0x0000018c930dc800 JavaThread "jar transforms Thread 6" [_thread_blocked, id=17020, stack(0x0000004dd0300000,0x0000004dd0400000)]
  0x0000018c930de000 JavaThread "jar transforms Thread 7" [_thread_blocked, id=13000, stack(0x0000004dd0400000,0x0000004dd0500000)]
  0x0000018c963fd800 JavaThread "jar transforms Thread 8" [_thread_blocked, id=14752, stack(0x0000004dd0500000,0x0000004dd0600000)]
  0x0000018c963f9000 JavaThread "Memory manager" [_thread_blocked, id=17744, stack(0x0000004dd0700000,0x0000004dd0800000)]
  0x0000018c963fa800 JavaThread "Daemon Thread 2" [_thread_blocked, id=8852, stack(0x0000004dde000000,0x0000004dde100000)]
  0x0000018c963f9800 JavaThread "Handler for socket connection from /127.0.0.1:63408 to /127.0.0.1:63839" [_thread_in_native, id=17284, stack(0x0000004dde100000,0x0000004dde200000)]
  0x0000018c963fe800 JavaThread "Cancel handler" [_thread_blocked, id=17656, stack(0x0000004dde200000,0x0000004dde300000)]
  0x0000018c963ff800 JavaThread "Daemon worker Thread 2" [_thread_blocked, id=12084, stack(0x0000004dde300000,0x0000004dde400000)]
  0x0000018c963fb000 JavaThread "Asynchronous log dispatcher for DefaultDaemonConnection: socket connection from /127.0.0.1:63408 to /127.0.0.1:63839" [_thread_blocked, id=7364, stack(0x0000004dde400000,0x0000004dde500000)]
  0x0000018c96400000 JavaThread "Stdin handler" [_thread_blocked, id=3164, stack(0x0000004dde500000,0x0000004dde600000)]
  0x0000018c96401000 JavaThread "Daemon client event forwarder" [_thread_blocked, id=6260, stack(0x0000004dde600000,0x0000004dde700000)]
  0x0000018c96402000 JavaThread "Cache worker for file hash cache (C:\Users\Bailey\AndroidStudioProjects\CIS436_Project3-main\.gradle\7.2\fileHashes)" [_thread_blocked, id=16232, stack(0x0000004dde700000,0x0000004dde800000)]
  0x0000018c963fc000 JavaThread "Cache worker for checksums cache (C:\Users\Bailey\AndroidStudioProjects\CIS436_Project3-main\.gradle\checksums)" [_thread_blocked, id=1156, stack(0x0000004dde800000,0x0000004dde900000)]
  0x0000018c96402800 JavaThread "Cache worker for cache directory md-supplier (C:\Users\Bailey\.gradle\caches\7.2\md-supplier)" [_thread_blocked, id=17700, stack(0x0000004dde900000,0x0000004ddea00000)]
  0x0000018c963fd000 JavaThread "Cache worker for cache directory md-rule (C:\Users\Bailey\.gradle\caches\7.2\md-rule)" [_thread_blocked, id=18336, stack(0x0000004ddea00000,0x0000004ddeb00000)]
  0x0000018c96403800 JavaThread "Cache worker for dependencies-accessors (C:\Users\Bailey\AndroidStudioProjects\CIS436_Project3-main\.gradle\7.2\dependencies-accessors)" [_thread_blocked, id=11860, stack(0x0000004ddeb00000,0x0000004ddec00000)]
  0x0000018c96404000 JavaThread "Cache worker for Build Output Cleanup Cache (C:\Users\Bailey\AndroidStudioProjects\CIS436_Project3-main\.gradle\buildOutputCleanup)" [_thread_blocked, id=3984, stack(0x0000004dded00000,0x0000004ddee00000)]
  0x0000018c96405000 JavaThread "Unconstrained build operations" [_thread_blocked, id=11908, stack(0x0000004ddee00000,0x0000004ddef00000)]
  0x0000018c96406000 JavaThread "Unconstrained build operations Thread 2" [_thread_blocked, id=16924, stack(0x0000004ddef00000,0x0000004ddf000000)]
  0x0000018c96406800 JavaThread "Unconstrained build operations Thread 3" [_thread_blocked, id=12452, stack(0x0000004ddf000000,0x0000004ddf100000)]
  0x0000018c930d0000 JavaThread "Unconstrained build operations Thread 4" [_thread_blocked, id=13132, stack(0x0000004ddf100000,0x0000004ddf200000)]
  0x0000018c930d1000 JavaThread "Unconstrained build operations Thread 5" [_thread_blocked, id=12728, stack(0x0000004ddf200000,0x0000004ddf300000)]
  0x0000018c930d3800 JavaThread "Unconstrained build operations Thread 6" [_thread_blocked, id=15516, stack(0x0000004ddf300000,0x0000004ddf400000)]
  0x0000018c930d1800 JavaThread "Unconstrained build operations Thread 7" [_thread_blocked, id=2448, stack(0x0000004ddf400000,0x0000004ddf500000)]
  0x0000018c930d2800 JavaThread "Unconstrained build operations Thread 8" [_thread_blocked, id=1236, stack(0x0000004ddf500000,0x0000004ddf600000)]
  0x0000018c930d4000 JavaThread "Unconstrained build operations Thread 9" [_thread_blocked, id=15396, stack(0x0000004ddf600000,0x0000004ddf700000)]
  0x0000018c930cf000 JavaThread "Unconstrained build operations Thread 10" [_thread_blocked, id=6332, stack(0x0000004ddf700000,0x0000004ddf800000)]
  0x0000018c930da800 JavaThread "Unconstrained build operations Thread 11" [_thread_blocked, id=2304, stack(0x0000004ddf800000,0x0000004ddf900000)]
  0x0000018c930d5800 JavaThread "Unconstrained build operations Thread 12" [_thread_blocked, id=10016, stack(0x0000004ddf900000,0x0000004ddfa00000)]
  0x0000018c930d6800 JavaThread "Unconstrained build operations Thread 13" [_thread_blocked, id=16936, stack(0x0000004ddfa00000,0x0000004ddfb00000)]
  0x0000018c930d8000 JavaThread "Unconstrained build operations Thread 14" [_thread_blocked, id=17308, stack(0x0000004ddfb00000,0x0000004ddfc00000)]
  0x0000018c930da000 JavaThread "Unconstrained build operations Thread 15" [_thread_blocked, id=4120, stack(0x0000004ddfc00000,0x0000004ddfd00000)]
  0x0000018c930d9000 JavaThread "Unconstrained build operations Thread 16" [_thread_blocked, id=16608, stack(0x0000004ddfd00000,0x0000004ddfe00000)]
  0x0000018c930d5000 JavaThread "Unconstrained build operations Thread 17" [_thread_blocked, id=17940, stack(0x0000004ddfe00000,0x0000004ddff00000)]
  0x0000018c930d7800 JavaThread "Unconstrained build operations Thread 18" [_thread_blocked, id=920, stack(0x0000004ddff00000,0x0000004de0000000)]
  0x0000018c913f7000 JavaThread "Unconstrained build operations Thread 19" [_thread_blocked, id=8764, stack(0x0000004de0000000,0x0000004de0100000)]
  0x0000018c913f8000 JavaThread "Unconstrained build operations Thread 20" [_thread_blocked, id=11616, stack(0x0000004de0100000,0x0000004de0200000)]
  0x0000018c913f9000 JavaThread "Unconstrained build operations Thread 21" [_thread_blocked, id=9684, stack(0x0000004de0200000,0x0000004de0300000)]
  0x0000018c913f3000 JavaThread "Unconstrained build operations Thread 22" [_thread_blocked, id=1872, stack(0x0000004de0300000,0x0000004de0400000)]
  0x0000018c913fa800 JavaThread "Unconstrained build operations Thread 23" [_thread_blocked, id=17392, stack(0x0000004de0400000,0x0000004de0500000)]
  0x0000018c913f5000 JavaThread "Unconstrained build operations Thread 24" [_thread_blocked, id=12588, stack(0x0000004de0500000,0x0000004de0600000)]
  0x0000018c913fc000 JavaThread "Unconstrained build operations Thread 25" [_thread_blocked, id=5824, stack(0x0000004de0600000,0x0000004de0700000)]
  0x0000018c913fd000 JavaThread "Unconstrained build operations Thread 26" [_thread_blocked, id=8780, stack(0x0000004de0700000,0x0000004de0800000)]
  0x0000018c913ff800 JavaThread "Unconstrained build operations Thread 27" [_thread_blocked, id=2988, stack(0x0000004de0800000,0x0000004de0900000)]
  0x0000018c913fe000 JavaThread "Unconstrained build operations Thread 28" [_thread_blocked, id=9968, stack(0x0000004de0900000,0x0000004de0a00000)]
  0x0000018c913fe800 JavaThread "Unconstrained build operations Thread 29" [_thread_blocked, id=5212, stack(0x0000004de0a00000,0x0000004de0b00000)]
  0x0000018c91400000 JavaThread "Unconstrained build operations Thread 30" [_thread_blocked, id=2924, stack(0x0000004de0b00000,0x0000004de0c00000)]
  0x0000018c9387e800 JavaThread "Unconstrained build operations Thread 31" [_thread_blocked, id=16260, stack(0x0000004de0c00000,0x0000004de0d00000)]
  0x0000018c93881000 JavaThread "Unconstrained build operations Thread 32" [_thread_blocked, id=9156, stack(0x0000004de0d00000,0x0000004de0e00000)]
  0x0000018c9387e000 JavaThread "Unconstrained build operations Thread 33" [_thread_blocked, id=3656, stack(0x0000004de0e00000,0x0000004de0f00000)]
  0x0000018c93880000 JavaThread "Unconstrained build operations Thread 34" [_thread_blocked, id=11800, stack(0x0000004de0f00000,0x0000004de1000000)]
  0x0000018c92cbf800 JavaThread "Unconstrained build operations Thread 35" [_thread_blocked, id=10088, stack(0x0000004de1000000,0x0000004de1100000)]
  0x0000018c92cc3800 JavaThread "Unconstrained build operations Thread 36" [_thread_blocked, id=5772, stack(0x0000004de1100000,0x0000004de1200000)]
  0x0000018c92cc3000 JavaThread "Unconstrained build operations Thread 37" [_thread_blocked, id=15376, stack(0x0000004de1200000,0x0000004de1300000)]
  0x0000018c92cbf000 JavaThread "Unconstrained build operations Thread 38" [_thread_blocked, id=13404, stack(0x0000004de1300000,0x0000004de1400000)]
  0x0000018c92cbe000 JavaThread "Unconstrained build operations Thread 39" [_thread_blocked, id=16640, stack(0x0000004de1400000,0x0000004de1500000)]
  0x0000018c92cc1800 JavaThread "Unconstrained build operations Thread 40" [_thread_blocked, id=16416, stack(0x0000004de1500000,0x0000004de1600000)]
  0x0000018c92cc4800 JavaThread "Unconstrained build operations Thread 41" [_thread_blocked, id=18296, stack(0x0000004de1600000,0x0000004de1700000)]
  0x0000018c92cc2000 JavaThread "Unconstrained build operations Thread 42" [_thread_blocked, id=15060, stack(0x0000004de1700000,0x0000004de1800000)]
  0x0000018c92cc5800 JavaThread "Unconstrained build operations Thread 43" [_thread_blocked, id=13200, stack(0x0000004de1800000,0x0000004de1900000)]
  0x0000018c92cc6000 JavaThread "Unconstrained build operations Thread 44" [_thread_blocked, id=11292, stack(0x0000004de1900000,0x0000004de1a00000)]
  0x0000018c92cc0800 JavaThread "Unconstrained build operations Thread 45" [_thread_blocked, id=5576, stack(0x0000004de1a00000,0x0000004de1b00000)]
  0x0000018c92cc8800 JavaThread "Unconstrained build operations Thread 46" [_thread_blocked, id=8836, stack(0x0000004de1b00000,0x0000004de1c00000)]
  0x0000018c92ccb000 JavaThread "Unconstrained build operations Thread 47" [_thread_blocked, id=6156, stack(0x0000004de1c00000,0x0000004de1d00000)]
  0x0000018c92cc8000 JavaThread "Unconstrained build operations Thread 48" [_thread_blocked, id=17968, stack(0x0000004de1d00000,0x0000004de1e00000)]
  0x0000018c92cc9800 JavaThread "Unconstrained build operations Thread 49" [_thread_blocked, id=2088, stack(0x0000004de1e00000,0x0000004de1f00000)]
  0x0000018c92cca000 JavaThread "Unconstrained build operations Thread 50" [_thread_blocked, id=13848, stack(0x0000004de1f00000,0x0000004de2000000)]
  0x0000018c92ccc000 JavaThread "Unconstrained build operations Thread 51" [_thread_blocked, id=1840, stack(0x0000004de2000000,0x0000004de2100000)]
  0x0000018c92ccc800 JavaThread "Unconstrained build operations Thread 52" [_thread_blocked, id=1476, stack(0x0000004de2100000,0x0000004de2200000)]
  0x0000018c92cc7000 JavaThread "Unconstrained build operations Thread 53" [_thread_blocked, id=14736, stack(0x0000004de2200000,0x0000004de2300000)]
  0x0000018c972ca800 JavaThread "Unconstrained build operations Thread 54" [_thread_blocked, id=13308, stack(0x0000004de2300000,0x0000004de2400000)]
  0x0000018c972cb800 JavaThread "Unconstrained build operations Thread 55" [_thread_blocked, id=14672, stack(0x0000004de2400000,0x0000004de2500000)]
  0x0000018c972cc800 JavaThread "Unconstrained build operations Thread 56" [_thread_blocked, id=15504, stack(0x0000004de2500000,0x0000004de2600000)]
  0x0000018c972cf800 JavaThread "Unconstrained build operations Thread 57" [_thread_blocked, id=2644, stack(0x0000004de2600000,0x0000004de2700000)]
  0x0000018c972cd000 JavaThread "Unconstrained build operations Thread 58" [_thread_blocked, id=17276, stack(0x0000004de2700000,0x0000004de2800000)]
  0x0000018c972ce000 JavaThread "Unconstrained build operations Thread 59" [_thread_blocked, id=10420, stack(0x0000004de2800000,0x0000004de2900000)]
  0x0000018c972cf000 JavaThread "Unconstrained build operations Thread 60" [_thread_blocked, id=16772, stack(0x0000004de2900000,0x0000004de2a00000)]
  0x0000018c972ca000 JavaThread "Unconstrained build operations Thread 61" [_thread_blocked, id=9188, stack(0x0000004de2a00000,0x0000004de2b00000)]
  0x0000018c972d3000 JavaThread "Unconstrained build operations Thread 62" [_thread_blocked, id=15120, stack(0x0000004de2b00000,0x0000004de2c00000)]
  0x0000018c972d3800 JavaThread "Unconstrained build operations Thread 63" [_thread_blocked, id=4704, stack(0x0000004de2c00000,0x0000004de2d00000)]
  0x0000018c972d2000 JavaThread "Unconstrained build operations Thread 64" [_thread_blocked, id=13968, stack(0x0000004de2d00000,0x0000004de2e00000)]
  0x0000018c972d5800 JavaThread "Unconstrained build operations Thread 65" [_thread_blocked, id=5596, stack(0x0000004de2e00000,0x0000004de2f00000)]
  0x0000018c972d1000 JavaThread "Unconstrained build operations Thread 66" [_thread_blocked, id=1556, stack(0x0000004de2f00000,0x0000004de3000000)]
  0x0000018c972d4800 JavaThread "Unconstrained build operations Thread 67" [_thread_blocked, id=18188, stack(0x0000004de3000000,0x0000004de3100000)]
  0x0000018c972d6000 JavaThread "Unconstrained build operations Thread 68" [_thread_blocked, id=15952, stack(0x0000004de3100000,0x0000004de3200000)]
  0x0000018c972d0800 JavaThread "Unconstrained build operations Thread 69" [_thread_blocked, id=15852, stack(0x0000004de3200000,0x0000004de3300000)]
  0x0000018c972d7000 JavaThread "Unconstrained build operations Thread 70" [_thread_blocked, id=17260, stack(0x0000004de3300000,0x0000004de3400000)]
  0x0000018c972d8000 JavaThread "Unconstrained build operations Thread 71" [_thread_blocked, id=17536, stack(0x0000004de3400000,0x0000004de3500000)]
  0x0000018c972d8800 JavaThread "Unconstrained build operations Thread 72" [_thread_blocked, id=18184, stack(0x0000004de3500000,0x0000004de3600000)]
  0x0000018c93e26000 JavaThread "Unconstrained build operations Thread 73" [_thread_blocked, id=5720, stack(0x0000004de3600000,0x0000004de3700000)]
  0x0000018c93e23000 JavaThread "Unconstrained build operations Thread 74" [_thread_blocked, id=6280, stack(0x0000004de3700000,0x0000004de3800000)]
  0x0000018c93e25800 JavaThread "Unconstrained build operations Thread 75" [_thread_blocked, id=16796, stack(0x0000004de3800000,0x0000004de3900000)]
  0x0000018c93e27000 JavaThread "Unconstrained build operations Thread 76" [_thread_blocked, id=17228, stack(0x0000004de3900000,0x0000004de3a00000)]
  0x0000018c93e28000 JavaThread "Unconstrained build operations Thread 77" [_thread_blocked, id=6700, stack(0x0000004de3a00000,0x0000004de3b00000)]
  0x0000018c93e24800 JavaThread "Unconstrained build operations Thread 78" [_thread_blocked, id=7696, stack(0x0000004de3b00000,0x0000004de3c00000)]
  0x0000018c93e28800 JavaThread "Unconstrained build operations Thread 79" [_thread_blocked, id=10984, stack(0x0000004de3c00000,0x0000004de3d00000)]
  0x0000018c93e29800 JavaThread "Unconstrained build operations Thread 80" [_thread_blocked, id=15288, stack(0x0000004de3d00000,0x0000004de3e00000)]
  0x0000018c93e23800 JavaThread "build event listener" [_thread_blocked, id=10044, stack(0x0000004de3f00000,0x0000004de4000000)]
  0x0000018c93e2d800 JavaThread "Execution worker for ':'" [_thread_blocked, id=17376, stack(0x0000004de4000000,0x0000004de4100000)]
  0x0000018c93e2e800 JavaThread "Execution worker for ':' Thread 2" [_thread_blocked, id=10492, stack(0x0000004de4100000,0x0000004de4200000)]
  0x0000018c93e2b000 JavaThread "Execution worker for ':' Thread 3" [_thread_blocked, id=16108, stack(0x0000004de4200000,0x0000004de4300000)]
  0x0000018c93e30000 JavaThread "Execution worker for ':' Thread 4" [_thread_blocked, id=12908, stack(0x0000004de4300000,0x0000004de4400000)]
  0x0000018c93e2c000 JavaThread "Execution worker for ':' Thread 5" [_thread_blocked, id=8772, stack(0x0000004de4400000,0x0000004de4500000)]
  0x0000018c93e2a000 JavaThread "Execution worker for ':' Thread 6" [_thread_blocked, id=6080, stack(0x0000004de4500000,0x0000004de4600000)]
  0x0000018c93e31800 JavaThread "Execution worker for ':' Thread 7" [_thread_in_native, id=4608, stack(0x0000004de4600000,0x0000004de4700000)]
  0x0000018c93e2f000 JavaThread "Cache worker for execution history cache (C:\Users\Bailey\AndroidStudioProjects\CIS436_Project3-main\.gradle\7.2\executionHistory)" [_thread_blocked, id=18048, stack(0x0000004de4700000,0x0000004de4800000)]
  0x0000018c93e31000 JavaThread "WorkerExecutor Queue" [_thread_blocked, id=15180, stack(0x0000004de4a00000,0x0000004de4b00000)]
  0x0000018c93e2c800 JavaThread "WorkerExecutor Queue Thread 2" [_thread_blocked, id=10196, stack(0x0000004de4c00000,0x0000004de4d00000)]
  0x0000018c961fa000 JavaThread "WorkerExecutor Queue Thread 3" [_thread_blocked, id=9260, stack(0x0000004de4d00000,0x0000004de4e00000)]
  0x0000018c961fb800 JavaThread "pool-6-thread-1" [_thread_blocked, id=8568, stack(0x0000004de4e00000,0x0000004de4f00000)]
  0x0000018c961fd800 JavaThread "stderr" [_thread_in_native, id=5160, stack(0x0000004de4f00000,0x0000004de5000000)]
  0x0000018c961fb000 JavaThread "stdout" [_thread_in_native, id=17412, stack(0x0000004de5000000,0x0000004de5100000)]
  0x0000018c961fc800 JavaThread "RMI Scheduler(0)" daemon [_thread_blocked, id=8216, stack(0x0000004de5300000,0x0000004de5400000)]
  0x0000018c96200000 JavaThread "RMI GC Daemon" daemon [_thread_blocked, id=2728, stack(0x0000004de5500000,0x0000004de5600000)]
  0x0000018c961ff000 JavaThread "RMI TCP Accept-0" daemon [_thread_in_native, id=9988, stack(0x0000004de5600000,0x0000004de5700000)]
  0x0000018c96203000 JavaThread "RMI Reaper" [_thread_blocked, id=14580, stack(0x0000004de5700000,0x0000004de5800000)]
  0x0000018c96200800 JavaThread "RMI TCP Connection(1)-127.0.0.1" daemon [_thread_in_native, id=17496, stack(0x0000004de5800000,0x0000004de5900000)]
  0x0000018c961f9000 JavaThread "Cache worker for Java compile cache (C:\Users\Bailey\.gradle\caches\7.2\javaCompile)" [_thread_blocked, id=3024, stack(0x0000004de5b00000,0x0000004de5c00000)]
  0x0000018c96201800 JavaThread "Build operations" [_thread_blocked, id=12644, stack(0x0000004de5c00000,0x0000004de5d00000)]
  0x0000018c96202000 JavaThread "Build operations Thread 2" [_thread_blocked, id=17684, stack(0x0000004de5d00000,0x0000004de5e00000)]
  0x0000018c96204000 JavaThread "Build operations Thread 3" [_thread_blocked, id=14816, stack(0x0000004de5e00000,0x0000004de5f00000)]
  0x0000018c961fe000 JavaThread "Build operations Thread 4" [_thread_blocked, id=956, stack(0x0000004de5f00000,0x0000004de6000000)]
  0x0000018c96204800 JavaThread "Build operations Thread 5" [_thread_blocked, id=15684, stack(0x0000004de6000000,0x0000004de6100000)]
  0x0000018c96205800 JavaThread "Build operations Thread 6" [_thread_blocked, id=15444, stack(0x0000004de6100000,0x0000004de6200000)]
  0x0000018c96206800 JavaThread "Build operations Thread 7" [_thread_blocked, id=16764, stack(0x0000004de6200000,0x0000004de6300000)]
  0x0000018c96207000 JavaThread "Build operations Thread 8" [_thread_blocked, id=16868, stack(0x0000004de6300000,0x0000004de6400000)]
  0x0000018c91d37000 JavaThread "C2 CompilerThread1" daemon [_thread_in_native, id=17244, stack(0x0000004de6400000,0x0000004de6500000)]
  0x0000018c9c227800 JavaThread "C2 CompilerThread2" daemon [_thread_in_native, id=7772, stack(0x0000004de6500000,0x0000004de6600000)]

Other Threads:
  0x0000018c8fa73000 VMThread "VM Thread" [stack: 0x0000004dc7c00000,0x0000004dc7d00000] [id=5580]
  0x0000018c904b9800 WatcherThread [stack: 0x0000004dc8700000,0x0000004dc8800000] [id=6208]
  0x0000018cf5564800 GCTaskThread "GC Thread#0" [stack: 0x0000004dc7700000,0x0000004dc7800000] [id=4272]
  0x0000018c9116f800 GCTaskThread "GC Thread#1" [stack: 0x0000004dc8a00000,0x0000004dc8b00000] [id=11428]
  0x0000018c90c9c800 GCTaskThread "GC Thread#2" [stack: 0x0000004dc8b00000,0x0000004dc8c00000] [id=4164]
  0x0000018c91184800 GCTaskThread "GC Thread#3" [stack: 0x0000004dc8c00000,0x0000004dc8d00000] [id=8704]
  0x0000018c92d46800 GCTaskThread "GC Thread#4" [stack: 0x0000004dc9b00000,0x0000004dc9c00000] [id=2520]
  0x0000018c926bd800 GCTaskThread "GC Thread#5" [stack: 0x0000004dc9c00000,0x0000004dc9d00000] [id=8332]
  0x0000018c9180b800 GCTaskThread "GC Thread#6" [stack: 0x0000004dc9d00000,0x0000004dc9e00000] [id=9816]
  0x0000018c9180c800 GCTaskThread "GC Thread#7" [stack: 0x0000004dc9e00000,0x0000004dc9f00000] [id=17348]
  0x0000018cf5598000 ConcurrentGCThread "G1 Main Marker" [stack: 0x0000004dc7800000,0x0000004dc7900000] [id=2868]
  0x0000018cf5599000 ConcurrentGCThread "G1 Conc#0" [stack: 0x0000004dc7900000,0x0000004dc7a00000] [id=7928]
  0x0000018c92f0f000 ConcurrentGCThread "G1 Conc#1" [stack: 0x0000004dc9f00000,0x0000004dca000000] [id=16568]
  0x0000018c8f8de800 ConcurrentGCThread "G1 Refine#0" [stack: 0x0000004dc7a00000,0x0000004dc7b00000] [id=9480]
  0x0000018c9427e800 ConcurrentGCThread "G1 Refine#1" [stack: 0x0000004dd0600000,0x0000004dd0700000] [id=13716]
  0x0000018c9d58f800 ConcurrentGCThread "G1 Refine#2" [stack: 0x0000004dd7800000,0x0000004dd7900000] [id=16944]
  0x0000018c97785800 ConcurrentGCThread "G1 Refine#3" [stack: 0x0000004dd7900000,0x0000004dd7a00000] [id=7052]
  0x0000018c9c718000 ConcurrentGCThread "G1 Refine#4" [stack: 0x0000004de4800000,0x0000004de4900000] [id=13740]
  0x0000018c8fa7c800 ConcurrentGCThread "G1 Refine#5" [stack: 0x0000004de4900000,0x0000004de4a00000] [id=3852]
  0x0000018c8f8df800 ConcurrentGCThread "G1 Young RemSet Sampling" [stack: 0x0000004dc7b00000,0x0000004dc7c00000] [id=5152]

Threads with active compile tasks:
C2 CompilerThread02028284 17211   !   4       java.nio.file.FileTreeWalker::visit (204 bytes)
C2 CompilerThread12028284 17173   !   4       java.nio.file.FileTreeWalker::next (144 bytes)
C2 CompilerThread22028284 17260       4       java.time.chrono.ChronoLocalDateTime::toEpochSecond (50 bytes)

VM state:not at safepoint (normal execution)

VM Mutex/Monitor currently owned by a thread: None

Heap address: 0x0000000080000000, size: 2048 MB, Compressed Oops mode: 32-bit
Narrow klass base: 0x0000000000000000, Narrow klass shift: 3
Compressed class space size: 1073741824 Address: 0x0000000100000000

Heap:
 garbage-first heap   total 196608K, used 109701K [0x0000000080000000, 0x0000000100000000)
  region size 1024K, 15 young (15360K), 6 survivors (6144K)
 Metaspace       used 113225K, capacity 116034K, committed 116172K, reserved 1150976K
  class space    used 14225K, capacity 15268K, committed 15308K, reserved 1048576K
Heap Regions: E=young(eden), S=young(survivor), O=old, HS=humongous(starts), HC=humongous(continues), CS=collection set, F=free, A=archive, TAMS=top-at-mark-start (previous, next)
|   0|0x0000000080000000, 0x0000000080100000, 0x0000000080100000|100%| O|  |TAMS 0x0000000080100000, 0x0000000080000000| Untracked 
|   1|0x0000000080100000, 0x0000000080200000, 0x0000000080200000|100%| O|  |TAMS 0x0000000080200000, 0x0000000080100000| Untracked 
|   2|0x0000000080200000, 0x0000000080300000, 0x0000000080300000|100%| O|  |TAMS 0x0000000080300000, 0x0000000080200000| Untracked 
|   3|0x0000000080300000, 0x0000000080400000, 0x0000000080400000|100%|HS|  |TAMS 0x0000000080400000, 0x0000000080300000| Complete 
|   4|0x0000000080400000, 0x0000000080500000, 0x0000000080500000|100%|HC|  |TAMS 0x0000000080500000, 0x0000000080400000| Complete 
|   5|0x0000000080500000, 0x0000000080600000, 0x0000000080600000|100%|HC|  |TAMS 0x0000000080600000, 0x0000000080500000| Complete 
|   6|0x0000000080600000, 0x0000000080700000, 0x0000000080700000|100%| O|  |TAMS 0x0000000080700000, 0x0000000080600000| Untracked 
|   7|0x0000000080700000, 0x0000000080800000, 0x0000000080800000|100%| O|  |TAMS 0x0000000080800000, 0x0000000080700000| Untracked 
|   8|0x0000000080800000, 0x0000000080900000, 0x0000000080900000|100%| O|  |TAMS 0x0000000080900000, 0x0000000080800000| Untracked 
|   9|0x0000000080900000, 0x0000000080a00000, 0x0000000080a00000|100%| O|  |TAMS 0x0000000080a00000, 0x0000000080900000| Untracked 
|  10|0x0000000080a00000, 0x0000000080b00000, 0x0000000080b00000|100%| O|  |TAMS 0x0000000080b00000, 0x0000000080a00000| Untracked 
|  11|0x0000000080b00000, 0x0000000080c00000, 0x0000000080c00000|100%| O|  |TAMS 0x0000000080c00000, 0x0000000080b00000| Untracked 
|  12|0x0000000080c00000, 0x0000000080d00000, 0x0000000080d00000|100%| O|  |TAMS 0x0000000080d00000, 0x0000000080c00000| Untracked 
|  13|0x0000000080d00000, 0x0000000080e00000, 0x0000000080e00000|100%| O|  |TAMS 0x0000000080e00000, 0x0000000080d00000| Untracked 
|  14|0x0000000080e00000, 0x0000000080f00000, 0x0000000080f00000|100%| O|  |TAMS 0x0000000080f00000, 0x0000000080e00000| Untracked 
|  15|0x0000000080f00000, 0x0000000081000000, 0x0000000081000000|100%| O|  |TAMS 0x0000000081000000, 0x0000000080f00000| Untracked 
|  16|0x0000000081000000, 0x0000000081100000, 0x0000000081100000|100%| O|  |TAMS 0x0000000081100000, 0x0000000081000000| Untracked 
|  17|0x0000000081100000, 0x0000000081200000, 0x0000000081200000|100%|HS|  |TAMS 0x0000000081200000, 0x0000000081100000| Complete 
|  18|0x0000000081200000, 0x0000000081300000, 0x0000000081300000|100%|HS|  |TAMS 0x0000000081300000, 0x0000000081200000| Complete 
|  19|0x0000000081300000, 0x0000000081400000, 0x0000000081400000|100%|HS|  |TAMS 0x0000000081400000, 0x0000000081300000| Complete 
|  20|0x0000000081400000, 0x0000000081500000, 0x0000000081500000|100%|HS|  |TAMS 0x0000000081500000, 0x0000000081400000| Complete 
|  21|0x0000000081500000, 0x0000000081600000, 0x0000000081600000|100%|HS|  |TAMS 0x0000000081600000, 0x0000000081500000| Complete 
|  22|0x0000000081600000, 0x0000000081700000, 0x0000000081700000|100%|HC|  |TAMS 0x0000000081700000, 0x0000000081600000| Complete 
|  23|0x0000000081700000, 0x0000000081800000, 0x0000000081800000|100%|HC|  |TAMS 0x0000000081800000, 0x0000000081700000| Complete 
|  24|0x0000000081800000, 0x0000000081900000, 0x0000000081900000|100%|HS|  |TAMS 0x0000000081900000, 0x0000000081800000| Complete 
|  25|0x0000000081900000, 0x0000000081a00000, 0x0000000081a00000|100%|HC|  |TAMS 0x0000000081a00000, 0x0000000081900000| Complete 
|  26|0x0000000081a00000, 0x0000000081b00000, 0x0000000081b00000|100%| O|  |TAMS 0x0000000081b00000, 0x0000000081a00000| Untracked 
|  27|0x0000000081b00000, 0x0000000081c00000, 0x0000000081c00000|100%| O|  |TAMS 0x0000000081c00000, 0x0000000081b00000| Untracked 
|  28|0x0000000081c00000, 0x0000000081d00000, 0x0000000081d00000|100%| O|  |TAMS 0x0000000081d00000, 0x0000000081c00000| Untracked 
|  29|0x0000000081d00000, 0x0000000081e00000, 0x0000000081e00000|100%| O|  |TAMS 0x0000000081e00000, 0x0000000081d00000| Untracked 
|  30|0x0000000081e00000, 0x0000000081e00000, 0x0000000081f00000|  0%| F|  |TAMS 0x0000000081e00000, 0x0000000081e00000| Untracked 
|  31|0x0000000081f00000, 0x0000000082000000, 0x0000000082000000|100%| O|  |TAMS 0x0000000082000000, 0x0000000081f00000| Untracked 
|  32|0x0000000082000000, 0x0000000082100000, 0x0000000082100000|100%| O|  |TAMS 0x0000000082100000, 0x0000000082000000| Untracked 
|  33|0x0000000082100000, 0x0000000082200000, 0x0000000082200000|100%| O|  |TAMS 0x0000000082200000, 0x0000000082100000| Untracked 
|  34|0x0000000082200000, 0x0000000082300000, 0x0000000082300000|100%| O|  |TAMS 0x0000000082300000, 0x0000000082200000| Untracked 
|  35|0x0000000082300000, 0x0000000082400000, 0x0000000082400000|100%| O|  |TAMS 0x0000000082400000, 0x0000000082300000| Untracked 
|  36|0x0000000082400000, 0x0000000082500000, 0x0000000082500000|100%| O|  |TAMS 0x0000000082500000, 0x0000000082400000| Untracked 
|  37|0x0000000082500000, 0x0000000082600000, 0x0000000082600000|100%| O|  |TAMS 0x0000000082600000, 0x0000000082500000| Untracked 
|  38|0x0000000082600000, 0x0000000082700000, 0x0000000082700000|100%| O|  |TAMS 0x0000000082700000, 0x0000000082600000| Untracked 
|  39|0x0000000082700000, 0x0000000082800000, 0x0000000082800000|100%| O|  |TAMS 0x0000000082800000, 0x0000000082700000| Untracked 
|  40|0x0000000082800000, 0x0000000082900000, 0x0000000082900000|100%| O|  |TAMS 0x0000000082900000, 0x0000000082800000| Untracked 
|  41|0x0000000082900000, 0x0000000082a00000, 0x0000000082a00000|100%| O|  |TAMS 0x0000000082a00000, 0x0000000082900000| Untracked 
|  42|0x0000000082a00000, 0x0000000082b00000, 0x0000000082b00000|100%| O|  |TAMS 0x0000000082b00000, 0x0000000082a00000| Untracked 
|  43|0x0000000082b00000, 0x0000000082c00000, 0x0000000082c00000|100%| O|  |TAMS 0x0000000082c00000, 0x0000000082b00000| Untracked 
|  44|0x0000000082c00000, 0x0000000082d00000, 0x0000000082d00000|100%| O|  |TAMS 0x0000000082d00000, 0x0000000082c00000| Untracked 
|  45|0x0000000082d00000, 0x0000000082e00000, 0x0000000082e00000|100%| O|  |TAMS 0x0000000082e00000, 0x0000000082d00000| Untracked 
|  46|0x0000000082e00000, 0x0000000082f00000, 0x0000000082f00000|100%| O|  |TAMS 0x0000000082f00000, 0x0000000082e00000| Untracked 
|  47|0x0000000082f00000, 0x0000000083000000, 0x0000000083000000|100%| O|  |TAMS 0x0000000083000000, 0x0000000082f00000| Untracked 
|  48|0x0000000083000000, 0x0000000083100000, 0x0000000083100000|100%| O|  |TAMS 0x0000000083100000, 0x0000000083000000| Untracked 
|  49|0x0000000083100000, 0x0000000083200000, 0x0000000083200000|100%| O|  |TAMS 0x0000000083200000, 0x0000000083100000| Untracked 
|  50|0x0000000083200000, 0x0000000083300000, 0x0000000083300000|100%| O|  |TAMS 0x0000000083300000, 0x0000000083200000| Untracked 
|  51|0x0000000083300000, 0x0000000083400000, 0x0000000083400000|100%| O|  |TAMS 0x0000000083400000, 0x0000000083300000| Untracked 
|  52|0x0000000083400000, 0x0000000083500000, 0x0000000083500000|100%| O|  |TAMS 0x0000000083500000, 0x0000000083400000| Untracked 
|  53|0x0000000083500000, 0x0000000083600000, 0x0000000083600000|100%| O|  |TAMS 0x0000000083600000, 0x0000000083500000| Untracked 
|  54|0x0000000083600000, 0x0000000083600000, 0x0000000083700000|  0%| F|  |TAMS 0x0000000083600000, 0x0000000083600000| Untracked 
|  55|0x0000000083700000, 0x0000000083800000, 0x0000000083800000|100%| O|  |TAMS 0x0000000083800000, 0x0000000083700000| Untracked 
|  56|0x0000000083800000, 0x0000000083900000, 0x0000000083900000|100%| O|  |TAMS 0x0000000083900000, 0x0000000083800000| Untracked 
|  57|0x0000000083900000, 0x0000000083a00000, 0x0000000083a00000|100%| O|  |TAMS 0x0000000083a00000, 0x0000000083900000| Untracked 
|  58|0x0000000083a00000, 0x0000000083b00000, 0x0000000083b00000|100%| O|  |TAMS 0x0000000083b00000, 0x0000000083a00000| Untracked 
|  59|0x0000000083b00000, 0x0000000083c00000, 0x0000000083c00000|100%| O|  |TAMS 0x0000000083c00000, 0x0000000083b00000| Untracked 
|  60|0x0000000083c00000, 0x0000000083d00000, 0x0000000083d00000|100%| O|  |TAMS 0x0000000083d00000, 0x0000000083c00000| Untracked 
|  61|0x0000000083d00000, 0x0000000083e00000, 0x0000000083e00000|100%| O|  |TAMS 0x0000000083e00000, 0x0000000083d00000| Untracked 
|  62|0x0000000083e00000, 0x0000000083f00000, 0x0000000083f00000|100%| O|  |TAMS 0x0000000083f00000, 0x0000000083e00000| Untracked 
|  63|0x0000000083f00000, 0x0000000084000000, 0x0000000084000000|100%| O|  |TAMS 0x0000000084000000, 0x0000000083f00000| Untracked 
|  64|0x0000000084000000, 0x0000000084100000, 0x0000000084100000|100%| O|  |TAMS 0x0000000084100000, 0x0000000084000000| Untracked 
|  65|0x0000000084100000, 0x0000000084200000, 0x0000000084200000|100%| O|  |TAMS 0x0000000084200000, 0x0000000084100000| Untracked 
|  66|0x0000000084200000, 0x0000000084300000, 0x0000000084300000|100%| O|  |TAMS 0x0000000084300000, 0x0000000084200000| Untracked 
|  67|0x0000000084300000, 0x0000000084400000, 0x0000000084400000|100%| O|  |TAMS 0x0000000084400000, 0x0000000084300000| Untracked 
|  68|0x0000000084400000, 0x0000000084500000, 0x0000000084500000|100%| O|  |TAMS 0x0000000084500000, 0x0000000084400000| Untracked 
|  69|0x0000000084500000, 0x0000000084600000, 0x0000000084600000|100%| O|  |TAMS 0x0000000084600000, 0x0000000084500000| Untracked 
|  70|0x0000000084600000, 0x0000000084600000, 0x0000000084700000|  0%| F|  |TAMS 0x0000000084600000, 0x0000000084600000| Untracked 
|  71|0x0000000084700000, 0x0000000084800000, 0x0000000084800000|100%| O|  |TAMS 0x0000000084800000, 0x0000000084700000| Untracked 
|  72|0x0000000084800000, 0x0000000084900000, 0x0000000084900000|100%| O|  |TAMS 0x0000000084900000, 0x0000000084800000| Untracked 
|  73|0x0000000084900000, 0x0000000084a00000, 0x0000000084a00000|100%| O|  |TAMS 0x0000000084a00000, 0x0000000084900000| Untracked 
|  74|0x0000000084a00000, 0x0000000084b00000, 0x0000000084b00000|100%| O|  |TAMS 0x0000000084b00000, 0x0000000084a00000| Untracked 
|  75|0x0000000084b00000, 0x0000000084c00000, 0x0000000084c00000|100%| O|  |TAMS 0x0000000084c00000, 0x0000000084b00000| Untracked 
|  76|0x0000000084c00000, 0x0000000084d00000, 0x0000000084d00000|100%| O|  |TAMS 0x0000000084d00000, 0x0000000084c00000| Untracked 
|  77|0x0000000084d00000, 0x0000000084e00000, 0x0000000084e00000|100%| O|  |TAMS 0x0000000084e00000, 0x0000000084d00000| Untracked 
|  78|0x0000000084e00000, 0x0000000084f00000, 0x0000000084f00000|100%| O|  |TAMS 0x0000000084f00000, 0x0000000084e00000| Untracked 
|  79|0x0000000084f00000, 0x0000000085000000, 0x0000000085000000|100%| O|  |TAMS 0x0000000085000000, 0x0000000084f00000| Untracked 
|  80|0x0000000085000000, 0x0000000085100000, 0x0000000085100000|100%| O|  |TAMS 0x0000000085100000, 0x0000000085000000| Untracked 
|  81|0x0000000085100000, 0x0000000085200000, 0x0000000085200000|100%| O|  |TAMS 0x0000000085200000, 0x0000000085100000| Untracked 
|  82|0x0000000085200000, 0x00000000852f1600, 0x0000000085300000| 94%| O|  |TAMS 0x00000000852f1600, 0x0000000085200000| Untracked 
|  83|0x0000000085300000, 0x0000000085400000, 0x0000000085400000|100%|HS|  |TAMS 0x0000000085300000, 0x0000000085300000| Complete 
|  84|0x0000000085400000, 0x0000000085500000, 0x0000000085500000|100%|HC|  |TAMS 0x0000000085400000, 0x0000000085400000| Complete 
|  85|0x0000000085500000, 0x0000000085500000, 0x0000000085600000|  0%| F|  |TAMS 0x0000000085500000, 0x0000000085500000| Untracked 
|  86|0x0000000085600000, 0x0000000085600000, 0x0000000085700000|  0%| F|  |TAMS 0x0000000085600000, 0x0000000085600000| Untracked 
|  87|0x0000000085700000, 0x0000000085700000, 0x0000000085800000|  0%| F|  |TAMS 0x0000000085700000, 0x0000000085700000| Untracked 
|  88|0x0000000085800000, 0x0000000085800000, 0x0000000085900000|  0%| F|  |TAMS 0x0000000085800000, 0x0000000085800000| Untracked 
|  89|0x0000000085900000, 0x0000000085a00000, 0x0000000085a00000|100%| O|  |TAMS 0x0000000085a00000, 0x0000000085900000| Untracked 
|  90|0x0000000085a00000, 0x0000000085b00000, 0x0000000085b00000|100%| O|  |TAMS 0x0000000085b00000, 0x0000000085a00000| Untracked 
|  91|0x0000000085b00000, 0x0000000085c00000, 0x0000000085c00000|100%| O|  |TAMS 0x0000000085c00000, 0x0000000085b00000| Untracked 
|  92|0x0000000085c00000, 0x0000000085c00000, 0x0000000085d00000|  0%| F|  |TAMS 0x0000000085c00000, 0x0000000085c00000| Untracked 
|  93|0x0000000085d00000, 0x0000000085d00000, 0x0000000085e00000|  0%| F|  |TAMS 0x0000000085d00000, 0x0000000085d00000| Untracked 
|  94|0x0000000085e00000, 0x0000000085e00000, 0x0000000085f00000|  0%| F|  |TAMS 0x0000000085e00000, 0x0000000085e00000| Untracked 
|  95|0x0000000085f00000, 0x0000000085f00000, 0x0000000086000000|  0%| F|  |TAMS 0x0000000085f00000, 0x0000000085f00000| Untracked 
|  96|0x0000000086000000, 0x0000000086000000, 0x0000000086100000|  0%| F|  |TAMS 0x0000000086000000, 0x0000000086000000| Untracked 
|  97|0x0000000086100000, 0x0000000086100000, 0x0000000086200000|  0%| F|  |TAMS 0x0000000086100000, 0x0000000086100000| Untracked 
|  98|0x0000000086200000, 0x0000000086200000, 0x0000000086300000|  0%| F|  |TAMS 0x0000000086200000, 0x0000000086200000| Untracked 
|  99|0x0000000086300000, 0x0000000086300000, 0x0000000086400000|  0%| F|  |TAMS 0x0000000086300000, 0x0000000086300000| Untracked 
| 100|0x0000000086400000, 0x0000000086400000, 0x0000000086500000|  0%| F|  |TAMS 0x0000000086400000, 0x0000000086400000| Untracked 
| 101|0x0000000086500000, 0x0000000086500000, 0x0000000086600000|  0%| F|  |TAMS 0x0000000086500000, 0x0000000086500000| Untracked 
| 102|0x0000000086600000, 0x0000000086600000, 0x0000000086700000|  0%| F|  |TAMS 0x0000000086600000, 0x0000000086600000| Untracked 
| 103|0x0000000086700000, 0x0000000086700000, 0x0000000086800000|  0%| F|  |TAMS 0x0000000086700000, 0x0000000086700000| Untracked 
| 104|0x0000000086800000, 0x0000000086800000, 0x0000000086900000|  0%| F|  |TAMS 0x0000000086800000, 0x0000000086800000| Untracked 
| 105|0x0000000086900000, 0x0000000086900000, 0x0000000086a00000|  0%| F|  |TAMS 0x0000000086900000, 0x0000000086900000| Untracked 
| 106|0x0000000086a00000, 0x0000000086b00000, 0x0000000086b00000|100%| O|  |TAMS 0x0000000086b00000, 0x0000000086a00000| Untracked 
| 107|0x0000000086b00000, 0x0000000086b00000, 0x0000000086c00000|  0%| F|  |TAMS 0x0000000086b00000, 0x0000000086b00000| Untracked 
| 108|0x0000000086c00000, 0x0000000086c00000, 0x0000000086d00000|  0%| F|  |TAMS 0x0000000086c00000, 0x0000000086c00000| Untracked 
| 109|0x0000000086d00000, 0x0000000086d00000, 0x0000000086e00000|  0%| F|  |TAMS 0x0000000086d00000, 0x0000000086d00000| Untracked 
| 110|0x0000000086e00000, 0x0000000086e00000, 0x0000000086f00000|  0%| F|  |TAMS 0x0000000086e00000, 0x0000000086e00000| Untracked 
| 111|0x0000000086f00000, 0x0000000087000000, 0x0000000087000000|100%| O|  |TAMS 0x0000000087000000, 0x0000000086f00000| Untracked 
| 112|0x0000000087000000, 0x0000000087000000, 0x0000000087100000|  0%| F|  |TAMS 0x0000000087000000, 0x0000000087000000| Untracked 
| 113|0x0000000087100000, 0x0000000087100000, 0x0000000087200000|  0%| F|  |TAMS 0x0000000087100000, 0x0000000087100000| Untracked 
| 114|0x0000000087200000, 0x0000000087200000, 0x0000000087300000|  0%| F|  |TAMS 0x0000000087200000, 0x0000000087200000| Untracked 
| 115|0x0000000087300000, 0x0000000087300000, 0x0000000087400000|  0%| F|  |TAMS 0x0000000087300000, 0x0000000087300000| Untracked 
| 116|0x0000000087400000, 0x0000000087400000, 0x0000000087500000|  0%| F|  |TAMS 0x0000000087400000, 0x0000000087400000| Untracked 
| 117|0x0000000087500000, 0x0000000087500000, 0x0000000087600000|  0%| F|  |TAMS 0x0000000087500000, 0x0000000087500000| Untracked 
| 118|0x0000000087600000, 0x0000000087700000, 0x0000000087700000|100%| O|  |TAMS 0x0000000087700000, 0x0000000087600000| Untracked 
| 119|0x0000000087700000, 0x0000000087800000, 0x0000000087800000|100%| O|  |TAMS 0x0000000087800000, 0x0000000087700000| Untracked 
| 120|0x0000000087800000, 0x0000000087900000, 0x0000000087900000|100%| O|  |TAMS 0x0000000087900000, 0x0000000087800000| Untracked 
| 121|0x0000000087900000, 0x0000000087a00000, 0x0000000087a00000|100%| O|  |TAMS 0x0000000087a00000, 0x0000000087900000| Untracked 
| 122|0x0000000087a00000, 0x0000000087a00000, 0x0000000087b00000|  0%| F|  |TAMS 0x0000000087a00000, 0x0000000087a00000| Untracked 
| 123|0x0000000087b00000, 0x0000000087b00000, 0x0000000087c00000|  0%| F|  |TAMS 0x0000000087b00000, 0x0000000087b00000| Untracked 
| 124|0x0000000087c00000, 0x0000000087c00000, 0x0000000087d00000|  0%| F|  |TAMS 0x0000000087c00000, 0x0000000087c00000| Untracked 
| 125|0x0000000087d00000, 0x0000000087d00000, 0x0000000087e00000|  0%| F|  |TAMS 0x0000000087d00000, 0x0000000087d00000| Untracked 
| 126|0x0000000087e00000, 0x0000000087e00000, 0x0000000087f00000|  0%| F|  |TAMS 0x0000000087e00000, 0x0000000087e00000| Untracked 
| 127|0x0000000087f00000, 0x0000000087f00000, 0x0000000088000000|  0%| F|  |TAMS 0x0000000087f00000, 0x0000000087f00000| Untracked 
| 128|0x0000000088000000, 0x0000000088000000, 0x0000000088100000|  0%| F|  |TAMS 0x0000000088000000, 0x0000000088000000| Untracked 
| 129|0x0000000088100000, 0x0000000088100000, 0x0000000088200000|  0%| F|  |TAMS 0x0000000088100000, 0x0000000088100000| Untracked 
| 130|0x0000000088200000, 0x0000000088300000, 0x0000000088300000|100%| O|  |TAMS 0x0000000088300000, 0x0000000088200000| Untracked 
| 131|0x0000000088300000, 0x0000000088400000, 0x0000000088400000|100%| O|  |TAMS 0x0000000088400000, 0x0000000088300000| Untracked 
| 132|0x0000000088400000, 0x0000000088500000, 0x0000000088500000|100%| O|  |TAMS 0x0000000088500000, 0x0000000088400000| Untracked 
| 133|0x0000000088500000, 0x0000000088530090, 0x0000000088600000| 18%| S|CS|TAMS 0x0000000088500000, 0x0000000088500000| Complete 
| 134|0x0000000088600000, 0x0000000088700000, 0x0000000088700000|100%| S|CS|TAMS 0x0000000088600000, 0x0000000088600000| Complete 
| 135|0x0000000088700000, 0x0000000088800000, 0x0000000088800000|100%| S|CS|TAMS 0x0000000088700000, 0x0000000088700000| Complete 
| 136|0x0000000088800000, 0x0000000088900000, 0x0000000088900000|100%| S|CS|TAMS 0x0000000088800000, 0x0000000088800000| Complete 
| 137|0x0000000088900000, 0x0000000088a00000, 0x0000000088a00000|100%| S|CS|TAMS 0x0000000088900000, 0x0000000088900000| Complete 
| 138|0x0000000088a00000, 0x0000000088b00000, 0x0000000088b00000|100%| S|CS|TAMS 0x0000000088a00000, 0x0000000088a00000| Complete 
| 139|0x0000000088b00000, 0x0000000088b00000, 0x0000000088c00000|  0%| F|  |TAMS 0x0000000088b00000, 0x0000000088b00000| Untracked 
| 140|0x0000000088c00000, 0x0000000088c00000, 0x0000000088d00000|  0%| F|  |TAMS 0x0000000088c00000, 0x0000000088c00000| Untracked 
| 141|0x0000000088d00000, 0x0000000088d00000, 0x0000000088e00000|  0%| F|  |TAMS 0x0000000088d00000, 0x0000000088d00000| Untracked 
| 142|0x0000000088e00000, 0x0000000088e00000, 0x0000000088f00000|  0%| F|  |TAMS 0x0000000088e00000, 0x0000000088e00000| Untracked 
| 143|0x0000000088f00000, 0x0000000088f00000, 0x0000000089000000|  0%| F|  |TAMS 0x0000000088f00000, 0x0000000088f00000| Untracked 
| 144|0x0000000089000000, 0x0000000089000000, 0x0000000089100000|  0%| F|  |TAMS 0x0000000089000000, 0x0000000089000000| Untracked 
| 145|0x0000000089100000, 0x0000000089100000, 0x0000000089200000|  0%| F|  |TAMS 0x0000000089100000, 0x0000000089100000| Untracked 
| 146|0x0000000089200000, 0x0000000089200000, 0x0000000089300000|  0%| F|  |TAMS 0x0000000089200000, 0x0000000089200000| Untracked 
| 147|0x0000000089300000, 0x0000000089300000, 0x0000000089400000|  0%| F|  |TAMS 0x0000000089300000, 0x0000000089300000| Untracked 
| 148|0x0000000089400000, 0x0000000089400000, 0x0000000089500000|  0%| F|  |TAMS 0x0000000089400000, 0x0000000089400000| Untracked 
| 149|0x0000000089500000, 0x0000000089500000, 0x0000000089600000|  0%| F|  |TAMS 0x0000000089500000, 0x0000000089500000| Untracked 
| 150|0x0000000089600000, 0x0000000089600000, 0x0000000089700000|  0%| F|  |TAMS 0x0000000089600000, 0x0000000089600000| Untracked 
| 151|0x0000000089700000, 0x0000000089700000, 0x0000000089800000|  0%| F|  |TAMS 0x0000000089700000, 0x0000000089700000| Untracked 
| 152|0x0000000089800000, 0x0000000089800000, 0x0000000089900000|  0%| F|  |TAMS 0x0000000089800000, 0x0000000089800000| Untracked 
| 153|0x0000000089900000, 0x0000000089900000, 0x0000000089a00000|  0%| F|  |TAMS 0x0000000089900000, 0x0000000089900000| Untracked 
| 154|0x0000000089a00000, 0x0000000089a00000, 0x0000000089b00000|  0%| F|  |TAMS 0x0000000089a00000, 0x0000000089a00000| Untracked 
| 155|0x0000000089b00000, 0x0000000089b00000, 0x0000000089c00000|  0%| F|  |TAMS 0x0000000089b00000, 0x0000000089b00000| Untracked 
| 156|0x0000000089c00000, 0x0000000089c00000, 0x0000000089d00000|  0%| F|  |TAMS 0x0000000089c00000, 0x0000000089c00000| Untracked 
| 157|0x0000000089d00000, 0x0000000089d00000, 0x0000000089e00000|  0%| F|  |TAMS 0x0000000089d00000, 0x0000000089d00000| Untracked 
| 158|0x0000000089e00000, 0x0000000089e00000, 0x0000000089f00000|  0%| F|  |TAMS 0x0000000089e00000, 0x0000000089e00000| Untracked 
| 159|0x0000000089f00000, 0x0000000089f00000, 0x000000008a000000|  0%| F|  |TAMS 0x0000000089f00000, 0x0000000089f00000| Untracked 
| 160|0x000000008a000000, 0x000000008a000000, 0x000000008a100000|  0%| F|  |TAMS 0x000000008a000000, 0x000000008a000000| Untracked 
| 161|0x000000008a100000, 0x000000008a100000, 0x000000008a200000|  0%| F|  |TAMS 0x000000008a100000, 0x000000008a100000| Untracked 
| 162|0x000000008a200000, 0x000000008a200000, 0x000000008a300000|  0%| F|  |TAMS 0x000000008a200000, 0x000000008a200000| Untracked 
| 163|0x000000008a300000, 0x000000008a300000, 0x000000008a400000|  0%| F|  |TAMS 0x000000008a300000, 0x000000008a300000| Untracked 
| 164|0x000000008a400000, 0x000000008a400000, 0x000000008a500000|  0%| F|  |TAMS 0x000000008a400000, 0x000000008a400000| Untracked 
| 165|0x000000008a500000, 0x000000008a500000, 0x000000008a600000|  0%| F|  |TAMS 0x000000008a500000, 0x000000008a500000| Untracked 
| 166|0x000000008a600000, 0x000000008a600000, 0x000000008a700000|  0%| F|  |TAMS 0x000000008a600000, 0x000000008a600000| Untracked 
| 167|0x000000008a700000, 0x000000008a700000, 0x000000008a800000|  0%| F|  |TAMS 0x000000008a700000, 0x000000008a700000| Untracked 
| 168|0x000000008a800000, 0x000000008a800000, 0x000000008a900000|  0%| F|  |TAMS 0x000000008a800000, 0x000000008a800000| Untracked 
| 169|0x000000008a900000, 0x000000008a900000, 0x000000008aa00000|  0%| F|  |TAMS 0x000000008a900000, 0x000000008a900000| Untracked 
| 170|0x000000008aa00000, 0x000000008aa00000, 0x000000008ab00000|  0%| F|  |TAMS 0x000000008aa00000, 0x000000008aa00000| Untracked 
| 171|0x000000008ab00000, 0x000000008ab00000, 0x000000008ac00000|  0%| F|  |TAMS 0x000000008ab00000, 0x000000008ab00000| Untracked 
| 172|0x000000008ac00000, 0x000000008ac00000, 0x000000008ad00000|  0%| F|  |TAMS 0x000000008ac00000, 0x000000008ac00000| Untracked 
| 173|0x000000008ad00000, 0x000000008ad00000, 0x000000008ae00000|  0%| F|  |TAMS 0x000000008ad00000, 0x000000008ad00000| Untracked 
| 174|0x000000008ae00000, 0x000000008ae00000, 0x000000008af00000|  0%| F|  |TAMS 0x000000008ae00000, 0x000000008ae00000| Untracked 
| 175|0x000000008af00000, 0x000000008af00000, 0x000000008b000000|  0%| F|  |TAMS 0x000000008af00000, 0x000000008af00000| Untracked 
| 176|0x000000008b000000, 0x000000008b000000, 0x000000008b100000|  0%| F|  |TAMS 0x000000008b000000, 0x000000008b000000| Untracked 
| 177|0x000000008b100000, 0x000000008b100000, 0x000000008b200000|  0%| F|  |TAMS 0x000000008b100000, 0x000000008b100000| Untracked 
| 178|0x000000008b200000, 0x000000008b200000, 0x000000008b300000|  0%| F|  |TAMS 0x000000008b200000, 0x000000008b200000| Untracked 
| 179|0x000000008b300000, 0x000000008b300000, 0x000000008b400000|  0%| F|  |TAMS 0x000000008b300000, 0x000000008b300000| Untracked 
| 180|0x000000008b400000, 0x000000008b400000, 0x000000008b500000|  0%| F|  |TAMS 0x000000008b400000, 0x000000008b400000| Untracked 
| 181|0x000000008b500000, 0x000000008b500000, 0x000000008b600000|  0%| F|  |TAMS 0x000000008b500000, 0x000000008b500000| Untracked 
| 182|0x000000008b600000, 0x000000008b600000, 0x000000008b700000|  0%| F|  |TAMS 0x000000008b600000, 0x000000008b600000| Untracked 
| 183|0x000000008b700000, 0x000000008b800000, 0x000000008b800000|100%| E|  |TAMS 0x000000008b700000, 0x000000008b700000| Complete 
| 184|0x000000008b800000, 0x000000008b900000, 0x000000008b900000|100%| E|CS|TAMS 0x000000008b800000, 0x000000008b800000| Complete 
| 185|0x000000008b900000, 0x000000008ba00000, 0x000000008ba00000|100%| E|CS|TAMS 0x000000008b900000, 0x000000008b900000| Complete 
| 186|0x000000008ba00000, 0x000000008bb00000, 0x000000008bb00000|100%| E|CS|TAMS 0x000000008ba00000, 0x000000008ba00000| Complete 
| 187|0x000000008bb00000, 0x000000008bc00000, 0x000000008bc00000|100%| E|CS|TAMS 0x000000008bb00000, 0x000000008bb00000| Complete 
| 188|0x000000008bc00000, 0x000000008bd00000, 0x000000008bd00000|100%| E|CS|TAMS 0x000000008bc00000, 0x000000008bc00000| Complete 
| 189|0x000000008bd00000, 0x000000008be00000, 0x000000008be00000|100%| E|CS|TAMS 0x000000008bd00000, 0x000000008bd00000| Complete 
| 190|0x000000008be00000, 0x000000008bf00000, 0x000000008bf00000|100%| E|CS|TAMS 0x000000008be00000, 0x000000008be00000| Complete 
| 191|0x000000008bf00000, 0x000000008c000000, 0x000000008c000000|100%| E|CS|TAMS 0x000000008bf00000, 0x000000008bf00000| Complete 

Card table byte_map: [0x0000018cf9780000,0x0000018cf9b80000] _byte_map_base: 0x0000018cf9380000

Marking Bits (Prev, Next): (CMBitMap*) 0x0000018cf558ef40, (CMBitMap*) 0x0000018cf558ef08
 Prev Bits: [0x0000018cfbf80000, 0x0000018cfdf80000)
 Next Bits: [0x0000018cf9f80000, 0x0000018cfbf80000)

Polling page: 0x0000018cf3430000

Metaspace:

Usage:
  Non-class:     98.40 MB capacity,    96.68 MB ( 98%) used,     1.39 MB (  1%) free+waste,   339.31 KB ( <1%) overhead. 
      Class:     14.91 MB capacity,    13.89 MB ( 93%) used,   894.62 KB (  6%) free+waste,   148.25 KB ( <1%) overhead. 
       Both:    113.31 MB capacity,   110.57 MB ( 98%) used,     2.27 MB (  2%) free+waste,   487.56 KB ( <1%) overhead. 

Virtual space:
  Non-class space:      100.00 MB reserved,      98.50 MB ( 99%) committed 
      Class space:        1.00 GB reserved,      14.95 MB (  1%) committed 
             Both:        1.10 GB reserved,     113.45 MB ( 10%) committed 

Chunk freelists:
   Non-Class:  34.00 KB
       Class:  0 bytes
        Both:  34.00 KB

MaxMetaspaceSize: 17179869184.00 GB
CompressedClassSpaceSize: 1.00 GB

CodeHeap 'non-profiled nmethods': size=120000Kb used=12198Kb max_used=12198Kb free=107801Kb
 bounds [0x0000018c87ad0000, 0x0000018c886c0000, 0x0000018c8f000000]
CodeHeap 'profiled nmethods': size=120000Kb used=38002Kb max_used=38002Kb free=81998Kb
 bounds [0x0000018c805a0000, 0x0000018c82ac0000, 0x0000018c87ad0000]
CodeHeap 'non-nmethods': size=5760Kb used=2356Kb max_used=2405Kb free=3403Kb
 bounds [0x0000018c80000000, 0x0000018c80280000, 0x0000018c805a0000]
 total_blobs=18102 nmethods=17118 adapters=894
 compilation: enabled
              stopped_count=0, restarted_count=0
 full_count=0

Compilation events (20 events):
Event: 2028.229 Thread 0x0000018c902fd000 17237       3       com.sun.tools.javac.file.JavacFileManager$ArchiveContainer$1::preVisitDirectory (60 bytes)
Event: 2028.230 Thread 0x0000018c902fd000 nmethod 17237 0x0000018c82ab3c10 code [0x0000018c82ab3e20, 0x0000018c82ab4378]
Event: 2028.231 Thread 0x0000018c902fd000 17239       3       java.nio.file.SimpleFileVisitor::postVisitDirectory (15 bytes)
Event: 2028.231 Thread 0x0000018c902fd000 nmethod 17239 0x0000018c82ab4590 code [0x0000018c82ab4760, 0x0000018c82ab4a08]
Event: 2028.234 Thread 0x0000018c9c227800 nmethod 17217 0x0000018c886b3990 code [0x0000018c886b3b40, 0x0000018c886b4418]
Event: 2028.234 Thread 0x0000018c9c227800 17234       4       jdk.internal.util.ArraysSupport::mismatch (73 bytes)
Event: 2028.235 Thread 0x0000018c902fd000 17242       3       com.sun.tools.javac.file.RelativePath::<init> (10 bytes)
Event: 2028.235 Thread 0x0000018c902fd000 nmethod 17242 0x0000018c82ab4b90 code [0x0000018c82ab4d40, 0x0000018c82ab4ef8]
Event: 2028.235 Thread 0x0000018c902fd000 17243       3       jdk.nio.zipfs.ZipPath::relativize (314 bytes)
Event: 2028.237 Thread 0x0000018c9c227800 nmethod 17234 0x0000018c886b4690 code [0x0000018c886b4820, 0x0000018c886b49f8]
Event: 2028.237 Thread 0x0000018c9c227800 17240       4       java.util.Arrays::equals (43 bytes)
Event: 2028.237 Thread 0x0000018c902fd000 nmethod 17243 0x0000018c82ab4f90 code [0x0000018c82ab52e0, 0x0000018c82ab6898]
Event: 2028.239 Thread 0x0000018c9c227800 nmethod 17240 0x0000018c886b4b90 code [0x0000018c886b4d20, 0x0000018c886b4f18]
Event: 2028.240 Thread 0x0000018c9c227800 17241       4       jdk.nio.zipfs.ZipPath::getResolvedPath (42 bytes)
Event: 2028.245 Thread 0x0000018c9c227800 nmethod 17241 0x0000018c886b5090 code [0x0000018c886b5240, 0x0000018c886b55d8]
Event: 2028.245 Thread 0x0000018c9c227800 17235       4       java.util.concurrent.locks.AbstractQueuedSynchronizer::doReleaseShared (79 bytes)
Event: 2028.247 Thread 0x0000018c9c227800 nmethod 17235 0x0000018c886b5790 code [0x0000018c886b5940, 0x0000018c886b5a98]
Event: 2028.247 Thread 0x0000018c9c227800 17238       4       java.util.concurrent.locks.ReentrantReadWriteLock$Sync::tryAcquireShared (177 bytes)
Event: 2028.250 Thread 0x0000018c9c227800 nmethod 17238 0x0000018c886b5c10 code [0x0000018c886b5dc0, 0x0000018c886b6088]
Event: 2028.255 Thread 0x0000018c9c227800 17246       4       jdk.nio.zipfs.ZipFileSystem$IndexNode::name (14 bytes)

GC Heap History (20 events):
Event: 2018.919 GC heap before
{Heap before GC invocations=20 (full 0):
 garbage-first heap   total 196608K, used 116268K [0x0000000080000000, 0x0000000100000000)
  region size 1024K, 30 young (30720K), 5 survivors (5120K)
 Metaspace       used 95191K, capacity 97705K, committed 97868K, reserved 1134592K
  class space    used 12140K, capacity 13116K, committed 13132K, reserved 1048576K
}
Event: 2018.934 GC heap after
{Heap after GC invocations=21 (full 0):
 garbage-first heap   total 196608K, used 95508K [0x0000000080000000, 0x0000000100000000)
  region size 1024K, 8 young (8192K), 8 survivors (8192K)
 Metaspace       used 95191K, capacity 97705K, committed 97868K, reserved 1134592K
  class space    used 12140K, capacity 13116K, committed 13132K, reserved 1048576K
}
Event: 2019.831 GC heap before
{Heap before GC invocations=22 (full 0):
 garbage-first heap   total 196608K, used 152852K [0x0000000080000000, 0x0000000100000000)
  region size 1024K, 62 young (63488K), 8 survivors (8192K)
 Metaspace       used 97787K, capacity 99918K, committed 100812K, reserved 1136640K
  class space    used 12354K, capacity 13183K, committed 13516K, reserved 1048576K
}
Event: 2019.851 GC heap after
{Heap after GC invocations=23 (full 0):
 garbage-first heap   total 196608K, used 114961K [0x0000000080000000, 0x0000000100000000)
  region size 1024K, 8 young (8192K), 8 survivors (8192K)
 Metaspace       used 97787K, capacity 99918K, committed 100812K, reserved 1136640K
  class space    used 12354K, capacity 13183K, committed 13516K, reserved 1048576K
}
Event: 2019.879 GC heap before
{Heap before GC invocations=23 (full 0):
 garbage-first heap   total 196608K, used 122129K [0x0000000080000000, 0x0000000100000000)
  region size 1024K, 9 young (9216K), 8 survivors (8192K)
 Metaspace       used 97787K, capacity 99918K, committed 100812K, reserved 1136640K
  class space    used 12354K, capacity 13183K, committed 13516K, reserved 1048576K
}
Event: 2019.894 GC heap after
{Heap after GC invocations=24 (full 0):
 garbage-first heap   total 196608K, used 110599K [0x0000000080000000, 0x0000000100000000)
  region size 1024K, 1 young (1024K), 1 survivors (1024K)
 Metaspace       used 97787K, capacity 99918K, committed 100812K, reserved 1136640K
  class space    used 12354K, capacity 13183K, committed 13516K, reserved 1048576K
}
Event: 2019.899 GC heap before
{Heap before GC invocations=24 (full 0):
 garbage-first heap   total 196608K, used 110599K [0x0000000080000000, 0x0000000100000000)
  region size 1024K, 2 young (2048K), 1 survivors (1024K)
 Metaspace       used 97787K, capacity 99918K, committed 100812K, reserved 1136640K
  class space    used 12354K, capacity 13183K, committed 13516K, reserved 1048576K
}
Event: 2019.905 GC heap after
{Heap after GC invocations=25 (full 0):
 garbage-first heap   total 196608K, used 110311K [0x0000000080000000, 0x0000000100000000)
  region size 1024K, 1 young (1024K), 1 survivors (1024K)
 Metaspace       used 97787K, capacity 99918K, committed 100812K, reserved 1136640K
  class space    used 12354K, capacity 13183K, committed 13516K, reserved 1048576K
}
Event: 2020.558 GC heap before
{Heap before GC invocations=26 (full 0):
 garbage-first heap   total 196608K, used 161511K [0x0000000080000000, 0x0000000100000000)
  region size 1024K, 44 young (45056K), 1 survivors (1024K)
 Metaspace       used 101331K, capacity 103541K, committed 104268K, reserved 1140736K
  class space    used 12751K, capacity 13594K, committed 13900K, reserved 1048576K
}
Event: 2020.563 GC heap after
{Heap after GC invocations=27 (full 0):
 garbage-first heap   total 196608K, used 113816K [0x0000000080000000, 0x0000000100000000)
  region size 1024K, 4 young (4096K), 4 survivors (4096K)
 Metaspace       used 101331K, capacity 103541K, committed 104268K, reserved 1140736K
  class space    used 12751K, capacity 13594K, committed 13900K, reserved 1048576K
}
Event: 2020.662 GC heap before
{Heap before GC invocations=27 (full 0):
 garbage-first heap   total 196608K, used 117912K [0x0000000080000000, 0x0000000100000000)
  region size 1024K, 9 young (9216K), 4 survivors (4096K)
 Metaspace       used 101736K, capacity 104004K, committed 104780K, reserved 1140736K
  class space    used 12809K, capacity 13663K, committed 13900K, reserved 1048576K
}
Event: 2020.671 GC heap after
{Heap after GC invocations=28 (full 0):
 garbage-first heap   total 196608K, used 112248K [0x0000000080000000, 0x0000000100000000)
  region size 1024K, 1 young (1024K), 1 survivors (1024K)
 Metaspace       used 101736K, capacity 104004K, committed 104780K, reserved 1140736K
  class space    used 12809K, capacity 13663K, committed 13900K, reserved 1048576K
}
Event: 2022.672 GC heap before
{Heap before GC invocations=28 (full 0):
 garbage-first heap   total 196608K, used 156280K [0x0000000080000000, 0x0000000100000000)
  region size 1024K, 45 young (46080K), 1 survivors (1024K)
 Metaspace       used 103362K, capacity 105695K, committed 106188K, reserved 1140736K
  class space    used 12962K, capacity 13829K, committed 14028K, reserved 1048576K
}
Event: 2022.679 GC heap after
{Heap after GC invocations=29 (full 0):
 garbage-first heap   total 196608K, used 114605K [0x0000000080000000, 0x0000000100000000)
  region size 1024K, 3 young (3072K), 3 survivors (3072K)
 Metaspace       used 103362K, capacity 105695K, committed 106188K, reserved 1140736K
  class space    used 12962K, capacity 13829K, committed 14028K, reserved 1048576K
}
Event: 2026.560 GC heap before
{Heap before GC invocations=30 (full 0):
 garbage-first heap   total 196608K, used 145325K [0x0000000080000000, 0x0000000100000000)
  region size 1024K, 47 young (48128K), 3 survivors (3072K)
 Metaspace       used 105987K, capacity 108481K, committed 108748K, reserved 1144832K
  class space    used 13313K, capacity 14241K, committed 14284K, reserved 1048576K
}
Event: 2026.572 GC heap after
{Heap after GC invocations=31 (full 0):
 garbage-first heap   total 196608K, used 103492K [0x0000000080000000, 0x0000000100000000)
  region size 1024K, 6 young (6144K), 6 survivors (6144K)
 Metaspace       used 105987K, capacity 108481K, committed 108748K, reserved 1144832K
  class space    used 13313K, capacity 14241K, committed 14284K, reserved 1048576K
}
Event: 2026.755 GC heap before
{Heap before GC invocations=31 (full 0):
 garbage-first heap   total 196608K, used 106564K [0x0000000080000000, 0x0000000100000000)
  region size 1024K, 9 young (9216K), 6 survivors (6144K)
 Metaspace       used 106054K, capacity 108547K, committed 108748K, reserved 1144832K
  class space    used 13318K, capacity 14242K, committed 14284K, reserved 1048576K
}
Event: 2026.777 GC heap after
{Heap after GC invocations=32 (full 0):
 garbage-first heap   total 196608K, used 94901K [0x0000000080000000, 0x0000000100000000)
  region size 1024K, 1 young (1024K), 1 survivors (1024K)
 Metaspace       used 106054K, capacity 108547K, committed 108748K, reserved 1144832K
  class space    used 13318K, capacity 14242K, committed 14284K, reserved 1048576K
}
Event: 2028.055 GC heap before
{Heap before GC invocations=32 (full 0):
 garbage-first heap   total 196608K, used 148149K [0x0000000080000000, 0x0000000100000000)
  region size 1024K, 53 young (54272K), 1 survivors (1024K)
 Metaspace       used 112782K, capacity 115528K, committed 115660K, reserved 1148928K
  class space    used 14190K, capacity 15227K, committed 15308K, reserved 1048576K
}
Event: 2028.079 GC heap after
{Heap after GC invocations=33 (full 0):
 garbage-first heap   total 196608K, used 99461K [0x0000000080000000, 0x0000000100000000)
  region size 1024K, 6 young (6144K), 6 survivors (6144K)
 Metaspace       used 112782K, capacity 115528K, committed 115660K, reserved 1148928K
  class space    used 14190K, capacity 15227K, committed 15308K, reserved 1048576K
}

Deoptimization events (20 events):
Event: 2028.154 Thread 0x0000018c93e31800 Uncommon trap: trap_request=0xffffffc6 fr.pc=0x0000018c8815decc relative=0x0000000000004b4c
Event: 2028.154 Thread 0x0000018c93e31800 Uncommon trap: reason=bimorphic_or_optimized_type_check action=maybe_recompile pc=0x0000018c8815decc method=java.nio.file.FileTreeWalker.next()Ljava/nio/file/FileTreeWalker$Event; @ 37 c2
Event: 2028.154 Thread 0x0000018c93e31800 DEOPT PACKING pc=0x0000018c8815decc sp=0x0000004de46f8e20
Event: 2028.154 Thread 0x0000018c93e31800 DEOPT UNPACKING pc=0x0000018c8002662f sp=0x0000004de46f8e88 mode 2
Event: 2028.154 Thread 0x0000018c93e31800 Uncommon trap: trap_request=0xffffffc6 fr.pc=0x0000018c8815decc relative=0x0000000000004b4c
Event: 2028.154 Thread 0x0000018c93e31800 Uncommon trap: reason=bimorphic_or_optimized_type_check action=maybe_recompile pc=0x0000018c8815decc method=java.nio.file.FileTreeWalker.next()Ljava/nio/file/FileTreeWalker$Event; @ 37 c2
Event: 2028.154 Thread 0x0000018c93e31800 DEOPT PACKING pc=0x0000018c8815decc sp=0x0000004de46f8e20
Event: 2028.154 Thread 0x0000018c93e31800 DEOPT UNPACKING pc=0x0000018c8002662f sp=0x0000004de46f8e88 mode 2
Event: 2028.154 Thread 0x0000018c93e31800 Uncommon trap: trap_request=0xffffffc6 fr.pc=0x0000018c8815decc relative=0x0000000000004b4c
Event: 2028.154 Thread 0x0000018c93e31800 Uncommon trap: reason=bimorphic_or_optimized_type_check action=maybe_recompile pc=0x0000018c8815decc method=java.nio.file.FileTreeWalker.next()Ljava/nio/file/FileTreeWalker$Event; @ 37 c2
Event: 2028.154 Thread 0x0000018c93e31800 DEOPT PACKING pc=0x0000018c8815decc sp=0x0000004de46f8e20
Event: 2028.154 Thread 0x0000018c93e31800 DEOPT UNPACKING pc=0x0000018c8002662f sp=0x0000004de46f8e88 mode 2
Event: 2028.154 Thread 0x0000018c93e31800 Uncommon trap: trap_request=0xffffff4d fr.pc=0x0000018c8847c58c relative=0x00000000000001cc
Event: 2028.154 Thread 0x0000018c93e31800 Uncommon trap: reason=unstable_if action=reinterpret pc=0x0000018c8847c58c method=javax.lang.model.SourceVersion.isIdentifier(Ljava/lang/CharSequence;)Z @ 54 c2
Event: 2028.154 Thread 0x0000018c93e31800 DEOPT PACKING pc=0x0000018c8847c58c sp=0x0000004de46f8dc0
Event: 2028.154 Thread 0x0000018c93e31800 DEOPT UNPACKING pc=0x0000018c8002662f sp=0x0000004de46f8d48 mode 2
Event: 2028.154 Thread 0x0000018c93e31800 Uncommon trap: trap_request=0xffffffc6 fr.pc=0x0000018c8815decc relative=0x0000000000004b4c
Event: 2028.154 Thread 0x0000018c93e31800 Uncommon trap: reason=bimorphic_or_optimized_type_check action=maybe_recompile pc=0x0000018c8815decc method=java.nio.file.FileTreeWalker.next()Ljava/nio/file/FileTreeWalker$Event; @ 37 c2
Event: 2028.154 Thread 0x0000018c93e31800 DEOPT PACKING pc=0x0000018c8815decc sp=0x0000004de46f8e20
Event: 2028.154 Thread 0x0000018c93e31800 DEOPT UNPACKING pc=0x0000018c8002662f sp=0x0000004de46f8e88 mode 2

Classes redefined (0 events):
No events

Internal exceptions (20 events):
Event: 2023.176 Thread 0x0000018c93e31800 Exception <a 'java/lang/NoSuchMethodError'{0x000000008a409838}: 'java.lang.Object java.lang.invoke.DirectMethodHandle$Holder.invokeStatic(java.lang.Object, java.lang.Object, java.lang.Object, java.lang.Object, java.lang.Object, java.lang.Object, java.lang.Object, java.lang.Object, int, int, java.lang.Object)'> (0x000000008a409838) thrown at [./src/hotspot/share/interpreter/linkResolver.cpp, line 773]
Event: 2023.177 Thread 0x0000018c93e31800 Exception <a 'java/lang/NoSuchMethodError'{0x000000008a426db0}: 'java.lang.Object java.lang.invoke.DirectMethodHandle$Holder.invokeStatic(java.lang.Object, java.lang.Object, java.lang.Object, java.lang.Object, java.lang.Object, java.lang.Object, java.lang.Object, java.lang.Object, int, int, java.lang.Object, java.lang.Object)'> (0x000000008a426db0) thrown at [./src/hotspot/share/interpreter/linkResolver.cpp, line 773]
Event: 2023.186 Thread 0x0000018c93e31800 Exception <a 'java/lang/NoSuchMethodError'{0x000000008a459b90}: <clinit>> (0x000000008a459b90) thrown at [./src/hotspot/share/prims/jni.cpp, line 1362]
Event: 2023.190 Thread 0x0000018c93e31800 Exception <a 'java/lang/NoSuchMethodError'{0x000000008a48ebb8}: <clinit>> (0x000000008a48ebb8) thrown at [./src/hotspot/share/prims/jni.cpp, line 1362]
Event: 2023.193 Thread 0x0000018c961f9000 Exception <a 'java/lang/InterruptedException'{0x000000008a4a52b0}> (0x000000008a4a52b0) thrown at [./src/hotspot/share/runtime/objectMonitor.cpp, line 1635]
Event: 2023.194 Thread 0x0000018c961f9000 Exception <a 'java/lang/NoSuchMethodError'{0x000000008a4ad0c0}: 'java.lang.Object java.lang.invoke.DirectMethodHandle$Holder.invokeStatic(java.lang.Object, java.lang.Object, int, java.lang.Object, long)'> (0x000000008a4ad0c0) thrown at [./src/hotspot/share/interpreter/linkResolver.cpp, line 773]
Event: 2023.210 Thread 0x0000018c93e31800 Exception <a 'java/lang/NoSuchMethodError'{0x000000008a31d698}: <clinit>> (0x000000008a31d698) thrown at [./src/hotspot/share/prims/jni.cpp, line 1362]
Event: 2023.212 Thread 0x0000018c93e31800 Exception <a 'java/lang/NoSuchMethodError'{0x000000008a32f4c8}: <clinit>> (0x000000008a32f4c8) thrown at [./src/hotspot/share/prims/jni.cpp, line 1362]
Event: 2023.213 Thread 0x0000018c93e31800 Exception <a 'java/lang/NoSuchMethodError'{0x000000008a341298}: <clinit>> (0x000000008a341298) thrown at [./src/hotspot/share/prims/jni.cpp, line 1362]
Event: 2023.220 Thread 0x0000018c93e31800 Exception <a 'java/lang/NoSuchMethodError'{0x000000008a39ecc0}: <clinit>> (0x000000008a39ecc0) thrown at [./src/hotspot/share/prims/jni.cpp, line 1362]
Event: 2023.249 Thread 0x0000018c93e31800 Exception <a 'java/lang/NoSuchMethodError'{0x000000008a171318}: <clinit>> (0x000000008a171318) thrown at [./src/hotspot/share/prims/jni.cpp, line 1362]
Event: 2023.268 Thread 0x0000018c96200800 Exception <a 'java/lang/NoSuchMethodError'{0x0000000089f39598}: 'java.lang.Object java.lang.invoke.DirectMethodHandle$Holder.invokeStatic(java.lang.Object, java.lang.Object, java.lang.Object, java.lang.Object, java.lang.Object, java.lang.Object, java.lang.Object, java.lang.Object, java.lang.Object, java.lang.Object, java.lang.Object, java.lang.Object, java.lang.Object, int)'> (0x0000000089f39598) thrown at [./src/hotspot/share/interpreter/linkResolver.cpp, line 773]
Event: 2023.269 Thread 0x0000018c96200800 Exception <a 'java/lang/NoSuchMethodError'{0x0000000089f46260}: 'java.lang.Object java.lang.invoke.DirectMethodHandle$Holder.invokeStatic(java.lang.Object, java.lang.Object, java.lang.Object, java.lang.Object, java.lang.Object, java.lang.Object, java.lang.Object, java.lang.Object, java.lang.Object, java.lang.Object, java.lang.Object, java.lang.Object, java.lang.Object, int, int)'> (0x0000000089f46260) thrown at [./src/hotspot/share/interpreter/linkResolver.cpp, line 773]
Event: 2027.514 Thread 0x0000018c93e31800 Implicit null exception at 0x0000018c87dba4f7 to 0x0000018c87dba690
Event: 2027.723 Thread 0x0000018c93e31800 Exception <a 'sun/nio/fs/WindowsException'{0x0000000089b272c0}> (0x0000000089b272c0) thrown at [./src/hotspot/share/prims/jni.cpp, line 615]
Event: 2027.723 Thread 0x0000018c93e31800 Exception <a 'sun/nio/fs/WindowsException'{0x0000000089b295e0}> (0x0000000089b295e0) thrown at [./src/hotspot/share/prims/jni.cpp, line 615]
Event: 2027.725 Thread 0x0000018c93e31800 Exception <a 'java/lang/NoSuchMethodError'{0x0000000089b35670}: 'java.lang.Object java.lang.invoke.Invokers$Holder.linkToTargetMethod(java.lang.Object, java.lang.Object, java.lang.Object, int, int, java.lang.Object)'> (0x0000000089b35670) thrown at [./src/hotspot/share/interpreter/linkResolver.cpp, line 773]
Event: 2028.121 Thread 0x0000018c93e31800 Exception <a 'sun/nio/fs/WindowsException'{0x000000008be28838}> (0x000000008be28838) thrown at [./src/hotspot/share/prims/jni.cpp, line 615]
Event: 2028.121 Thread 0x0000018c93e31800 Exception <a 'sun/nio/fs/WindowsException'{0x000000008be28940}> (0x000000008be28940) thrown at [./src/hotspot/share/prims/jni.cpp, line 615]
Event: 2028.123 Thread 0x0000018c93e31800 Implicit null exception at 0x0000018c87c4e74e to 0x0000018c87c4e953

Events (20 events):
Event: 2028.099 loading class com/sun/tools/javac/parser/Tokens$TokenKind done
Event: 2028.099 loading class com/sun/tools/javac/util/Filter
Event: 2028.099 loading class com/sun/tools/javac/util/Filter done
Event: 2028.115 loading class com/sun/tools/javac/tree/JCTree
Event: 2028.115 loading class com/sun/tools/javac/tree/JCTree done
Event: 2028.115 loading class com/sun/tools/javac/tree/JCTree
Event: 2028.115 loading class com/sun/tools/javac/tree/JCTree done
Event: 2028.119 loading class com/sun/tools/javac/comp/Modules
Event: 2028.119 loading class com/sun/tools/javac/comp/Modules done
Event: 2028.120 loading class com/sun/tools/javac/code/Symbol$PackageSymbol
Event: 2028.120 loading class com/sun/tools/javac/code/Symbol$PackageSymbol done
Event: 2028.126 Thread 0x0000018c91d37000 Thread exited: 0x0000018c91d37000
Event: 2028.134 Thread 0x0000018c91d37000 Thread added: 0x0000018c91d37000
Event: 2028.135 Thread 0x0000018c9c227800 Thread added: 0x0000018c9c227800
Event: 2028.195 Executing VM operation: CGC_Operation
Event: 2028.209 Executing VM operation: CGC_Operation done
Event: 2028.238 loading class com/sun/tools/javac/code/Symbol$PackageSymbol
Event: 2028.238 loading class com/sun/tools/javac/code/Symbol$PackageSymbol done
Event: 2028.238 loading class com/sun/tools/javac/code/ClassFinder
Event: 2028.238 loading class com/sun/tools/javac/code/ClassFinder done


Dynamic libraries:
0x00007ff602c20000 - 0x00007ff602c2a000 	C:\Program Files\Android\Android Studio\jre\bin\java.exe
0x00007ff8a7c00000 - 0x00007ff8a7de0000 	C:\Windows\SYSTEM32\ntdll.dll
0x00007ff8a5340000 - 0x00007ff8a53ee000 	C:\Windows\System32\KERNEL32.DLL
0x00007ff8a44d0000 - 0x00007ff8a4736000 	C:\Windows\System32\KERNELBASE.dll
0x00007ff8a43d0000 - 0x00007ff8a44c6000 	C:\Windows\System32\ucrtbase.dll
0x00007ff891ab0000 - 0x00007ff891ac9000 	C:\Program Files\Android\Android Studio\jre\bin\jli.dll
0x00007ff88f630000 - 0x00007ff88f647000 	C:\Program Files\Android\Android Studio\jre\bin\VCRUNTIME140.dll
0x00007ff8a7680000 - 0x00007ff8a780f000 	C:\Windows\System32\USER32.dll
0x00007ff8a4080000 - 0x00007ff8a40a0000 	C:\Windows\System32\win32u.dll
0x00007ff88f6b0000 - 0x00007ff88f919000 	C:\Windows\WinSxS\amd64_microsoft.windows.common-controls_6595b64144ccf1df_6.0.16299.251_none_15c7cfda9365a4c7\COMCTL32.dll
0x00007ff8a7500000 - 0x00007ff8a7528000 	C:\Windows\System32\GDI32.dll
0x00007ff8a51f0000 - 0x00007ff8a528d000 	C:\Windows\System32\msvcrt.dll
0x00007ff8a4f30000 - 0x00007ff8a50c3000 	C:\Windows\System32\gdi32full.dll
0x00007ff8a5460000 - 0x00007ff8a5768000 	C:\Windows\System32\combase.dll
0x00007ff8a4e90000 - 0x00007ff8a4f2b000 	C:\Windows\System32\msvcp_win.dll
0x00007ff8a73e0000 - 0x00007ff8a74ff000 	C:\Windows\System32\RPCRT4.dll
0x00007ff8a4000000 - 0x00007ff8a4072000 	C:\Windows\System32\bcryptPrimitives.dll
0x00007ff8a7810000 - 0x00007ff8a783d000 	C:\Windows\System32\IMM32.DLL
0x00007ff874e10000 - 0x00007ff874ead000 	C:\Program Files\Android\Android Studio\jre\bin\msvcp140.dll
0x00007ff8447f0000 - 0x00007ff8452c5000 	C:\Program Files\Android\Android Studio\jre\bin\server\jvm.dll
0x00007ff8a50d0000 - 0x00007ff8a5171000 	C:\Windows\System32\ADVAPI32.dll
0x00007ff8a78c0000 - 0x00007ff8a791b000 	C:\Windows\System32\sechost.dll
0x00007ff8a7670000 - 0x00007ff8a7678000 	C:\Windows\System32\PSAPI.DLL
0x00007ff892ab0000 - 0x00007ff892ab9000 	C:\Windows\SYSTEM32\WSOCK32.dll
0x00007ff8a7600000 - 0x00007ff8a766c000 	C:\Windows\System32\WS2_32.dll
0x00007ff8a1df0000 - 0x00007ff8a1e13000 	C:\Windows\SYSTEM32\WINMM.dll
0x00007ff89f260000 - 0x00007ff89f26a000 	C:\Windows\SYSTEM32\VERSION.dll
0x00007ff8a1d90000 - 0x00007ff8a1dba000 	C:\Windows\SYSTEM32\WINMMBASE.dll
0x00007ff8a42d0000 - 0x00007ff8a431a000 	C:\Windows\System32\cfgmgr32.dll
0x00007ff8a3fa0000 - 0x00007ff8a3fb1000 	C:\Windows\System32\kernel.appcore.dll
0x00007ff88f610000 - 0x00007ff88f621000 	C:\Program Files\Android\Android Studio\jre\bin\verify.dll
0x00007ff8a2980000 - 0x00007ff8a2b48000 	C:\Windows\SYSTEM32\DBGHELP.DLL
0x00007ff88a7b0000 - 0x00007ff88a7d9000 	C:\Windows\SYSTEM32\dbgcore.DLL
0x00007ff88abc0000 - 0x00007ff88abe9000 	C:\Program Files\Android\Android Studio\jre\bin\java.dll
0x00007ff8919c0000 - 0x00007ff8919cb000 	C:\Program Files\Android\Android Studio\jre\bin\jimage.dll
0x00007ff88a790000 - 0x00007ff88a7a8000 	C:\Program Files\Android\Android Studio\jre\bin\zip.dll
0x00007ff8a5dd0000 - 0x00007ff8a7206000 	C:\Windows\System32\SHELL32.dll
0x00007ff8a5290000 - 0x00007ff8a5336000 	C:\Windows\System32\shcore.dll
0x00007ff8a4740000 - 0x00007ff8a4e87000 	C:\Windows\System32\windows.storage.dll
0x00007ff8a5400000 - 0x00007ff8a5451000 	C:\Windows\System32\shlwapi.dll
0x00007ff8a3f50000 - 0x00007ff8a3f9c000 	C:\Windows\System32\powrprof.dll
0x00007ff8a3fe0000 - 0x00007ff8a3ffb000 	C:\Windows\System32\profapi.dll
0x00007ff8872d0000 - 0x00007ff8872ea000 	C:\Program Files\Android\Android Studio\jre\bin\net.dll
0x00007ff89f3f0000 - 0x00007ff89f4ce000 	C:\Windows\SYSTEM32\WINHTTP.dll
0x00007ff8a3780000 - 0x00007ff8a37e6000 	C:\Windows\system32\mswsock.dll
0x00007ff883bb0000 - 0x00007ff883bc4000 	C:\Program Files\Android\Android Studio\jre\bin\nio.dll
0x00007ff882260000 - 0x00007ff882287000 	C:\Users\Bailey\.gradle\native\e1d6ef7f7dcc3fd88c89a11ec53ec762bb8ba0a96d01ffa2cd45eb1d1d8dd5c5\windows-amd64\native-platform.dll
0x00007ff871960000 - 0x00007ff871aa4000 	C:\Users\Bailey\.gradle\native\5664cfc778a61ccfe75a443a1ab52a65af34e5dc3c78e0209fed803814484fcb\windows-amd64\native-platform-file-events.dll
0x00007ff88f600000 - 0x00007ff88f60a000 	C:\Program Files\Android\Android Studio\jre\bin\management.dll
0x00007ff88f500000 - 0x00007ff88f50d000 	C:\Program Files\Android\Android Studio\jre\bin\management_ext.dll
0x00007ff8a3940000 - 0x00007ff8a3957000 	C:\Windows\SYSTEM32\CRYPTSP.dll
0x00007ff8a3390000 - 0x00007ff8a33c3000 	C:\Windows\system32\rsaenh.dll
0x00007ff8a3a50000 - 0x00007ff8a3a75000 	C:\Windows\SYSTEM32\bcrypt.dll
0x00007ff8a3e50000 - 0x00007ff8a3e79000 	C:\Windows\SYSTEM32\USERENV.dll
0x00007ff8a3960000 - 0x00007ff8a396b000 	C:\Windows\SYSTEM32\CRYPTBASE.dll
0x00007ff8a3510000 - 0x00007ff8a3549000 	C:\Windows\SYSTEM32\IPHLPAPI.DLL
0x00007ff8a53f0000 - 0x00007ff8a53f8000 	C:\Windows\System32\NSI.dll
0x00007ff89e280000 - 0x00007ff89e296000 	C:\Windows\SYSTEM32\dhcpcsvc6.DLL
0x00007ff89e260000 - 0x00007ff89e27a000 	C:\Windows\SYSTEM32\dhcpcsvc.DLL
0x00007ff8a3090000 - 0x00007ff8a30c1000 	C:\Windows\SYSTEM32\ntmarta.dll
0x00007ff88b660000 - 0x00007ff88b668000 	C:\Program Files\Android\Android Studio\jre\bin\rmi.dll

dbghelp: loaded successfully - version: 4.0.5 - missing functions: none
symbol engine: initialized successfully - sym options: 0x614 - pdb path: .;C:\Program Files\Android\Android Studio\jre\bin;C:\Windows\SYSTEM32;C:\Windows\WinSxS\amd64_microsoft.windows.common-controls_6595b64144ccf1df_6.0.16299.251_none_15c7cfda9365a4c7;C:\Program Files\Android\Android Studio\jre\bin\server;C:\Users\Bailey\.gradle\native\e1d6ef7f7dcc3fd88c89a11ec53ec762bb8ba0a96d01ffa2cd45eb1d1d8dd5c5\windows-amd64;C:\Users\Bailey\.gradle\native\5664cfc778a61ccfe75a443a1ab52a65af34e5dc3c78e0209fed803814484fcb\windows-amd64

VM Arguments:
jvm_args: --add-opens=java.base/java.util=ALL-UNNAMED --add-opens=java.base/java.lang=ALL-UNNAMED --add-opens=java.base/java.lang.invoke=ALL-UNNAMED --add-opens=java.base/java.util=ALL-UNNAMED --add-opens=java.prefs/java.util.prefs=ALL-UNNAMED --add-opens=java.prefs/java.util.prefs=ALL-UNNAMED --add-opens=java.base/java.nio.charset=ALL-UNNAMED --add-opens=java.base/java.net=ALL-UNNAMED --add-opens=java.base/java.util.concurrent.atomic=ALL-UNNAMED -Xmx2048m -Dfile.encoding=UTF-8 -Duser.country=US -Duser.language=en -Duser.variant 
java_command: org.gradle.launcher.daemon.bootstrap.GradleDaemon 7.2
java_class_path (initial): C:\Users\Bailey\.gradle\wrapper\dists\gradle-7.2-bin\2dnblmf4td7x66yl1d74lt32g\gradle-7.2\lib\gradle-launcher-7.2.jar
Launcher Type: SUN_STANDARD

[Global flags]
     intx CICompilerCount                          = 4                                         {product} {ergonomic}
     uint ConcGCThreads                            = 2                                         {product} {ergonomic}
     uint G1ConcRefinementThreads                  = 8                                         {product} {ergonomic}
   size_t G1HeapRegionSize                         = 1048576                                   {product} {ergonomic}
    uintx GCDrainStackTargetSize                   = 64                                        {product} {ergonomic}
   size_t InitialHeapSize                          = 201326592                                 {product} {ergonomic}
   size_t MarkStackSize                            = 4194304                                   {product} {ergonomic}
   size_t MaxHeapSize                              = 2147483648                                {product} {command line}
   size_t MaxNewSize                               = 1287651328                                {product} {ergonomic}
   size_t MinHeapDeltaBytes                        = 1048576                                   {product} {ergonomic}
    uintx NonNMethodCodeHeapSize                   = 5836300                                {pd product} {ergonomic}
    uintx NonProfiledCodeHeapSize                  = 122910970                              {pd product} {ergonomic}
    uintx ProfiledCodeHeapSize                     = 122910970                              {pd product} {ergonomic}
    uintx ReservedCodeCacheSize                    = 251658240                              {pd product} {ergonomic}
     bool SegmentedCodeCache                       = true                                      {product} {ergonomic}
     bool UseCompressedClassPointers               = true                                 {lp64_product} {ergonomic}
     bool UseCompressedOops                        = true                                 {lp64_product} {ergonomic}
     bool UseG1GC                                  = true                                      {product} {ergonomic}
     bool UseLargePagesIndividualAllocation        = false                                  {pd product} {ergonomic}

Logging:
Log output configuration:
 #0: stdout all=warning uptime,level,tags
 #1: stderr all=off uptime,level,tags

Environment Variables:
CLASSPATH=%CLASSPATH%;JUNIT_HOME%\C:\Users\Bailey\Downloads\JUNIT\junit-4.13.2.jar
PATH=C:\Program Files\Common Files\Oracle\Java\javapath;C:\Program Files (x86)\Common Files\Oracle\Java\javapath;C:\Windows\system32;C:\Windows;C:\Windows\System32\Wbem;C:\Windows\System32\WindowsPowerShell\v1.0\;C:\Program Files\dotnet\;C:\Users\Bailey\AppData\Local\Programs\Python\Python39\Scripts\;C:\Users\Bailey\AppData\Local\Programs\Python\Python39\;C:\Users\Bailey\AppData\Local\Microsoft\WindowsApps;C:\Program Files\PostgreSQL\13\bin;C:\Program Files\Java\jdk-11\bin;C:\Users\Bailey\AppData\Local\GitHubDesktop\bin
USERNAME=Bailey
OS=Windows_NT
PROCESSOR_IDENTIFIER=Intel64 Family 6 Model 142 Stepping 10, GenuineIntel



---------------  S Y S T E M  ---------------

OS: Windows 10 , 64 bit Build 16299 (10.0.16299.15)
OS uptime: 8 days 10:39 hours

CPU:total 8 (initial active 8) (4 cores per cpu, 2 threads per core) family 6 model 142 stepping 10 microcode 0x64, cmov, cx8, fxsr, mmx, sse, sse2, sse3, ssse3, sse4.1, sse4.2, popcnt, avx, avx2, aes, clmul, erms, 3dnowpref, lzcnt, ht, tsc, tscinvbit, bmi1, bmi2, adx, fma

Memory: 4k page, system-wide physical 12170M (627M free)
TotalPageFile size 12170M (AvailPageFile size 5M)
current process WorkingSet (physical memory assigned to process): 488M, peak: 492M
current process commit charge ("private bytes"): 564M, peak: 566M

vm_info: OpenJDK 64-Bit Server VM (11.0.11+9-b60-7590822) for windows-amd64 JRE (11.0.11+9-b60-7590822), built on Jul 29 2021 21:43:44 by "builder" with MS VC++ 14.0 (VS2015)

END.
