#
# There is insufficient memory for the Java Runtime Environment to continue.
# Native memory allocation (malloc) failed to allocate 32744 bytes for ChunkPool::allocate
# Possible reasons:
#   The system is out of physical RAM or swap space
#   The process is running with CompressedOops enabled, and the Java Heap may be blocking the growth of the native heap
# Possible solutions:
#   Reduce memory load on the system
#   Increase physical memory or swap space
#   Check if swap backing store is full
#   Decrease Java heap size (-Xmx/-Xms)
#   Decrease number of Java threads
#   Decrease Java thread stack sizes (-Xss)
#   Set larger code cache with -XX:ReservedCodeCacheSize=
#   JVM is running with Unscaled Compressed Oops mode in which the Java heap is
#     placed in the first 4GB address space. The Java Heap base address is the
#     maximum limit for the native heap growth. Please use -XX:HeapBaseMinAddress
#     to set the Java Heap base and to place the Java Heap above 4GB virtual address.
# This output file may be truncated or incomplete.
#
#  Out of Memory Error (./src/hotspot/share/memory/arena.cpp:81), pid=18204, tid=12244
#
# JRE version: OpenJDK Runtime Environment (11.0.11+9) (build 11.0.11+9-b60-7590822)
# Java VM: OpenJDK 64-Bit Server VM (11.0.11+9-b60-7590822, mixed mode, tiered, compressed oops, g1 gc, windows-amd64)
# No core dump will be written. Minidumps are not enabled by default on client versions of Windows
#

---------------  S U M M A R Y ------------

Command Line: --add-opens=java.base/java.util=ALL-UNNAMED --add-opens=java.base/java.lang=ALL-UNNAMED --add-opens=java.base/java.lang.invoke=ALL-UNNAMED --add-opens=java.base/java.util=ALL-UNNAMED --add-opens=java.prefs/java.util.prefs=ALL-UNNAMED --add-opens=java.prefs/java.util.prefs=ALL-UNNAMED --add-opens=java.base/java.nio.charset=ALL-UNNAMED --add-opens=java.base/java.net=ALL-UNNAMED --add-opens=java.base/java.util.concurrent.atomic=ALL-UNNAMED -Xmx2048m -Dfile.encoding=UTF-8 -Duser.country=US -Duser.language=en -Duser.variant org.gradle.launcher.daemon.bootstrap.GradleDaemon 7.2

Host: Intel(R) Core(TM) i5-8250U CPU @ 1.60GHz, 8 cores, 11G,  Windows 10 , 64 bit Build 16299 (10.0.16299.15)
Time: Tue Apr 19 01:47:46 2022 Eastern Daylight Time elapsed time: 48.536415 seconds (0d 0h 0m 48s)

---------------  T H R E A D  ---------------

Current thread (0x0000016d1e18f800):  JavaThread "C2 CompilerThread2" daemon [_thread_in_native, id=12244, stack(0x0000003dc5600000,0x0000003dc5700000)]


Current CompileTask:
C2:  48536 16962   !   4       java.io.ObjectOutputStream::writeObject0 (619 bytes)

Stack: [0x0000003dc5600000,0x0000003dc5700000]
Native frames: (J=compiled Java code, j=interpreted, Vv=VM code, C=native code)
V  [jvm.dll+0x5f214a]
V  [jvm.dll+0x726fb5]
V  [jvm.dll+0x7285cd]
V  [jvm.dll+0x728c83]
V  [jvm.dll+0x243278]
V  [jvm.dll+0xbc78b]
V  [jvm.dll+0xbca3c]
V  [jvm.dll+0x1fba31]
V  [jvm.dll+0x4f8555]
V  [jvm.dll+0x4f7c1f]
V  [jvm.dll+0x4f7c33]
V  [jvm.dll+0x4f7c33]
V  [jvm.dll+0x4f7c33]
V  [jvm.dll+0x4f7c33]
V  [jvm.dll+0x4f7c33]
V  [jvm.dll+0x4f7c33]
V  [jvm.dll+0x4f7c33]
V  [jvm.dll+0x5089e6]
V  [jvm.dll+0x1fd826]
V  [jvm.dll+0x1fb35f]
V  [jvm.dll+0x183d6c]
V  [jvm.dll+0x209a57]
V  [jvm.dll+0x2082a1]
V  [jvm.dll+0x6ef58f]
V  [jvm.dll+0x6e80b5]
V  [jvm.dll+0x5f1036]
C  [ucrtbase.dll+0x1dc05]
C  [KERNEL32.DLL+0x11fe4]
C  [ntdll.dll+0x6efc1]


---------------  P R O C E S S  ---------------

Threads class SMR info:
_java_thread_list=0x0000016d22452e40, length=141, elements={
0x0000016d7fb6f000, 0x0000016d1a084000, 0x0000016d1a08f000, 0x0000016d1a910000,
0x0000016d1a912000, 0x0000016d1a916000, 0x0000016d1a919000, 0x0000016d1a91a800,
0x0000016d1a91b800, 0x0000016d1aa91000, 0x0000016d1bff2800, 0x0000016d1c0d3000,
0x0000016d1db64800, 0x0000016d1dbe7000, 0x0000016d1b655000, 0x0000016d1cd40800,
0x0000016d1cd46000, 0x0000016d1cd45800, 0x0000016d1cd43800, 0x0000016d1cd41800,
0x0000016d1d389000, 0x0000016d1d384800, 0x0000016d1d386000, 0x0000016d1d383800,
0x0000016d1d388800, 0x0000016d1e305800, 0x0000016d1e309000, 0x0000016d1e30a800,
0x0000016d1e304800, 0x0000016d1e30b800, 0x0000016d21fa7000, 0x0000016d2214a800,
0x0000016d200b8800, 0x0000016d200be000, 0x0000016d200bc800, 0x0000016d200b9000,
0x0000016d200bd800, 0x0000016d200bf000, 0x0000016d200c0000, 0x0000016d2214c000,
0x0000016d2214b800, 0x0000016d2214d000, 0x0000016d2214d800, 0x0000016d2214e800,
0x0000016d22149000, 0x0000016d22149800, 0x0000016d22151000, 0x0000016d22153800,
0x0000016d22152800, 0x0000016d201aa800, 0x0000016d2214f800, 0x0000016d1e18f800,
0x0000016d22152000, 0x0000016d22155000, 0x0000016d22154000, 0x0000016d22156000,
0x0000016d22150000, 0x0000016d22156800, 0x0000016d22157800, 0x0000016d1e2fd800,
0x0000016d1e302800, 0x0000016d1e2fc800, 0x0000016d1e300000, 0x0000016d1e303000,
0x0000016d1e301800, 0x0000016d1e2ff000, 0x0000016d1e300800, 0x0000016d1e304000,
0x0000016d1e2fe000, 0x0000016d1e309800, 0x0000016d1e307000, 0x0000016d1e306800,
0x0000016d1e308000, 0x0000016d1d385000, 0x0000016d1d382800, 0x0000016d1d38e000,
0x0000016d1d38f800, 0x0000016d1d38b000, 0x0000016d1d38f000, 0x0000016d1d38d800,
0x0000016d1d38b800, 0x0000016d1d38c800, 0x0000016d1d38a000, 0x0000016d1d390800,
0x0000016d1d391800, 0x0000016d200ba000, 0x0000016d200c0800, 0x0000016d200bb000,
0x0000016d200c1800, 0x0000016d200bb800, 0x0000016d200c2000, 0x0000016d200c4000,
0x0000016d200c3000, 0x0000016d200c4800, 0x0000016d200c5800, 0x0000016d200c7000,
0x0000016d200c6800, 0x0000016d21fa5800, 0x0000016d21fa3000, 0x0000016d21fa6800,
0x0000016d21fa4000, 0x0000016d21fa8000, 0x0000016d21fa2000, 0x0000016d21fa9000,
0x0000016d1cd47000, 0x0000016d1cd44800, 0x0000016d1cd42000, 0x0000016d1cd43000,
0x0000016d22e13000, 0x0000016d22e0f800, 0x0000016d22e14800, 0x0000016d22e11800,
0x0000016d22e10800, 0x0000016d22e0f000, 0x0000016d22e12000, 0x0000016d22e15800,
0x0000016d22e19800, 0x0000016d22e14000, 0x0000016d22e18800, 0x0000016d22e1a800,
0x0000016d22e1b000, 0x0000016d22e17000, 0x0000016d22e1c000, 0x0000016d22e16800,
0x0000016d22e18000, 0x0000016d22e1d000, 0x0000016d22e1d800, 0x0000016d1bd24000,
0x0000016d1bd25000, 0x0000016d1bd21800, 0x0000016d1bd25800, 0x0000016d1bd26800,
0x0000016d1bd21000, 0x0000016d1bd27800, 0x0000016d1bd28000, 0x0000016d1bd22800,
0x0000016d1bd29000, 0x0000016d1bd23800, 0x0000016d1bd2f800, 0x0000016d1bd2c800,
0x0000016d1bd2b800
}

Java Threads: ( => current thread )
  0x0000016d7fb6f000 JavaThread "main" [_thread_blocked, id=18368, stack(0x0000003db2f00000,0x0000003db3000000)]
  0x0000016d1a084000 JavaThread "Reference Handler" daemon [_thread_blocked, id=15460, stack(0x0000003db3600000,0x0000003db3700000)]
  0x0000016d1a08f000 JavaThread "Finalizer" daemon [_thread_blocked, id=11136, stack(0x0000003db3700000,0x0000003db3800000)]
  0x0000016d1a910000 JavaThread "Signal Dispatcher" daemon [_thread_blocked, id=15076, stack(0x0000003db3900000,0x0000003db3a00000)]
  0x0000016d1a912000 JavaThread "Attach Listener" daemon [_thread_blocked, id=15796, stack(0x0000003db3a00000,0x0000003db3b00000)]
  0x0000016d1a916000 JavaThread "Service Thread" daemon [_thread_blocked, id=9304, stack(0x0000003db3b00000,0x0000003db3c00000)]
  0x0000016d1a919000 JavaThread "C2 CompilerThread0" daemon [_thread_in_native, id=2904, stack(0x0000003db3c00000,0x0000003db3d00000)]
  0x0000016d1a91a800 JavaThread "C1 CompilerThread0" daemon [_thread_in_native, id=4972, stack(0x0000003db3d00000,0x0000003db3e00000)]
  0x0000016d1a91b800 JavaThread "Sweeper thread" daemon [_thread_blocked, id=10060, stack(0x0000003db3e00000,0x0000003db3f00000)]
  0x0000016d1aa91000 JavaThread "Common-Cleaner" daemon [_thread_blocked, id=3864, stack(0x0000003db3f00000,0x0000003db4000000)]
  0x0000016d1bff2800 JavaThread "Daemon health stats" [_thread_blocked, id=4368, stack(0x0000003db4600000,0x0000003db4700000)]
  0x0000016d1c0d3000 JavaThread "Incoming local TCP Connector on port 63905" [_thread_in_native, id=5072, stack(0x0000003db4700000,0x0000003db4800000)]
  0x0000016d1db64800 JavaThread "Daemon periodic checks" [_thread_blocked, id=3132, stack(0x0000003db4800000,0x0000003db4900000)]
  0x0000016d1dbe7000 JavaThread "Daemon" [_thread_blocked, id=12164, stack(0x0000003db4900000,0x0000003db4a00000)]
  0x0000016d1b655000 JavaThread "Daemon worker" [_thread_blocked, id=17484, stack(0x0000003db4c00000,0x0000003db4d00000)]
  0x0000016d1cd40800 JavaThread "Cache worker for journal cache (C:\Users\Bailey\.gradle\caches\journal-1)" [_thread_blocked, id=17832, stack(0x0000003db5000000,0x0000003db5100000)]
  0x0000016d1cd46000 JavaThread "File lock request listener" [_thread_in_native, id=7384, stack(0x0000003db5100000,0x0000003db5200000)]
  0x0000016d1cd45800 JavaThread "Cache worker for file hash cache (C:\Users\Bailey\.gradle\caches\7.2\fileHashes)" [_thread_blocked, id=12120, stack(0x0000003db5200000,0x0000003db5300000)]
  0x0000016d1cd43800 JavaThread "File watcher server" daemon [_thread_in_native, id=17340, stack(0x0000003db5900000,0x0000003db5a00000)]
  0x0000016d1cd41800 JavaThread "File watcher consumer" daemon [_thread_blocked, id=2900, stack(0x0000003db5a00000,0x0000003db5b00000)]
  0x0000016d1d389000 JavaThread "Cache worker for execution history cache (C:\Users\Bailey\.gradle\caches\7.2\executionHistory)" [_thread_blocked, id=17760, stack(0x0000003db5f00000,0x0000003db6000000)]
  0x0000016d1d384800 JavaThread "jar transforms" [_thread_blocked, id=14520, stack(0x0000003db6000000,0x0000003db6100000)]
  0x0000016d1d386000 JavaThread "Cache worker for file content cache (C:\Users\Bailey\.gradle\caches\7.2\fileContent)" [_thread_blocked, id=13660, stack(0x0000003db6100000,0x0000003db6200000)]
  0x0000016d1d383800 JavaThread "jar transforms Thread 2" [_thread_blocked, id=12468, stack(0x0000003db6200000,0x0000003db6300000)]
  0x0000016d1d388800 JavaThread "jar transforms Thread 3" [_thread_blocked, id=10944, stack(0x0000003db6400000,0x0000003db6500000)]
  0x0000016d1e305800 JavaThread "jar transforms Thread 4" [_thread_blocked, id=14100, stack(0x0000003dbb600000,0x0000003dbb700000)]
  0x0000016d1e309000 JavaThread "jar transforms Thread 5" [_thread_blocked, id=14536, stack(0x0000003dbb700000,0x0000003dbb800000)]
  0x0000016d1e30a800 JavaThread "jar transforms Thread 6" [_thread_blocked, id=12340, stack(0x0000003dbb800000,0x0000003dbb900000)]
  0x0000016d1e304800 JavaThread "jar transforms Thread 7" [_thread_blocked, id=6624, stack(0x0000003dbb900000,0x0000003dbba00000)]
  0x0000016d1e30b800 JavaThread "jar transforms Thread 8" [_thread_blocked, id=17160, stack(0x0000003dbba00000,0x0000003dbbb00000)]
  0x0000016d21fa7000 JavaThread "Memory manager" [_thread_blocked, id=8204, stack(0x0000003dbbd00000,0x0000003dbbe00000)]
  0x0000016d2214a800 JavaThread "Cache worker for Java compile cache (C:\Users\Bailey\.gradle\caches\7.2\javaCompile)" [_thread_blocked, id=6920, stack(0x0000003dbc800000,0x0000003dbc900000)]
  0x0000016d200b8800 JavaThread "ForkJoinPool.commonPool-worker-3" daemon [_thread_blocked, id=4132, stack(0x0000003dbdc00000,0x0000003dbdd00000)]
  0x0000016d200be000 JavaThread "ForkJoinPool.commonPool-worker-5" daemon [_thread_blocked, id=2040, stack(0x0000003dbdd00000,0x0000003dbde00000)]
  0x0000016d200bc800 JavaThread "ForkJoinPool.commonPool-worker-7" daemon [_thread_blocked, id=11152, stack(0x0000003dbde00000,0x0000003dbdf00000)]
  0x0000016d200b9000 JavaThread "ForkJoinPool.commonPool-worker-9" daemon [_thread_blocked, id=15820, stack(0x0000003dbdf00000,0x0000003dbe000000)]
  0x0000016d200bd800 JavaThread "ForkJoinPool.commonPool-worker-11" daemon [_thread_blocked, id=12300, stack(0x0000003dbe000000,0x0000003dbe100000)]
  0x0000016d200bf000 JavaThread "ForkJoinPool.commonPool-worker-15" daemon [_thread_blocked, id=9808, stack(0x0000003dbe100000,0x0000003dbe200000)]
  0x0000016d200c0000 JavaThread "ForkJoinPool.commonPool-worker-13" daemon [_thread_blocked, id=4324, stack(0x0000003dbe200000,0x0000003dbe300000)]
  0x0000016d2214c000 JavaThread "Handler for socket connection from /127.0.0.1:63905 to /127.0.0.1:63973" [_thread_in_native, id=17804, stack(0x0000003dc4a00000,0x0000003dc4b00000)]
  0x0000016d2214b800 JavaThread "Cancel handler" [_thread_blocked, id=18168, stack(0x0000003dc4b00000,0x0000003dc4c00000)]
  0x0000016d2214d000 JavaThread "Asynchronous log dispatcher for DefaultDaemonConnection: socket connection from /127.0.0.1:63905 to /127.0.0.1:63973" [_thread_blocked, id=10788, stack(0x0000003dc4c00000,0x0000003dc4d00000)]
  0x0000016d2214d800 JavaThread "Stdin handler" [_thread_blocked, id=1256, stack(0x0000003dc4d00000,0x0000003dc4e00000)]
  0x0000016d2214e800 JavaThread "Daemon client event forwarder" [_thread_blocked, id=16788, stack(0x0000003dc4e00000,0x0000003dc4f00000)]
  0x0000016d22149000 JavaThread "Cache worker for file hash cache (C:\Users\Bailey\AndroidStudioProjects\CIS436_Project3-main\.gradle\7.2\fileHashes)" [_thread_blocked, id=17448, stack(0x0000003dc4f00000,0x0000003dc5000000)]
  0x0000016d22149800 JavaThread "Cache worker for checksums cache (C:\Users\Bailey\AndroidStudioProjects\CIS436_Project3-main\.gradle\checksums)" [_thread_blocked, id=8208, stack(0x0000003dc5000000,0x0000003dc5100000)]
  0x0000016d22151000 JavaThread "Cache worker for cache directory md-supplier (C:\Users\Bailey\.gradle\caches\7.2\md-supplier)" [_thread_blocked, id=6792, stack(0x0000003dc5100000,0x0000003dc5200000)]
  0x0000016d22153800 JavaThread "Cache worker for cache directory md-rule (C:\Users\Bailey\.gradle\caches\7.2\md-rule)" [_thread_blocked, id=16508, stack(0x0000003dc5200000,0x0000003dc5300000)]
  0x0000016d22152800 JavaThread "Cache worker for dependencies-accessors (C:\Users\Bailey\AndroidStudioProjects\CIS436_Project3-main\.gradle\7.2\dependencies-accessors)" [_thread_blocked, id=336, stack(0x0000003dc5300000,0x0000003dc5400000)]
  0x0000016d201aa800 JavaThread "C2 CompilerThread1" daemon [_thread_in_native, id=2908, stack(0x0000003dc5400000,0x0000003dc5500000)]
  0x0000016d2214f800 JavaThread "Cache worker for Build Output Cleanup Cache (C:\Users\Bailey\AndroidStudioProjects\CIS436_Project3-main\.gradle\buildOutputCleanup)" [_thread_blocked, id=16500, stack(0x0000003dc5500000,0x0000003dc5600000)]
=>0x0000016d1e18f800 JavaThread "C2 CompilerThread2" daemon [_thread_in_native, id=12244, stack(0x0000003dc5600000,0x0000003dc5700000)]
  0x0000016d22152000 JavaThread "Unconstrained build operations" [_thread_blocked, id=18104, stack(0x0000003dc5700000,0x0000003dc5800000)]
  0x0000016d22155000 JavaThread "Unconstrained build operations Thread 2" [_thread_blocked, id=2096, stack(0x0000003dc5800000,0x0000003dc5900000)]
  0x0000016d22154000 JavaThread "Unconstrained build operations Thread 3" [_thread_blocked, id=15824, stack(0x0000003dc5900000,0x0000003dc5a00000)]
  0x0000016d22156000 JavaThread "Unconstrained build operations Thread 4" [_thread_blocked, id=2224, stack(0x0000003dc5a00000,0x0000003dc5b00000)]
  0x0000016d22150000 JavaThread "Unconstrained build operations Thread 5" [_thread_blocked, id=10544, stack(0x0000003dc5b00000,0x0000003dc5c00000)]
  0x0000016d22156800 JavaThread "Unconstrained build operations Thread 6" [_thread_blocked, id=11064, stack(0x0000003dc5c00000,0x0000003dc5d00000)]
  0x0000016d22157800 JavaThread "Unconstrained build operations Thread 7" [_thread_blocked, id=17552, stack(0x0000003dc5d00000,0x0000003dc5e00000)]
  0x0000016d1e2fd800 JavaThread "Unconstrained build operations Thread 8" [_thread_blocked, id=1648, stack(0x0000003dc5e00000,0x0000003dc5f00000)]
  0x0000016d1e302800 JavaThread "Unconstrained build operations Thread 9" [_thread_blocked, id=16800, stack(0x0000003dc5f00000,0x0000003dc6000000)]
  0x0000016d1e2fc800 JavaThread "Unconstrained build operations Thread 10" [_thread_blocked, id=13616, stack(0x0000003dc6000000,0x0000003dc6100000)]
  0x0000016d1e300000 JavaThread "Unconstrained build operations Thread 11" [_thread_blocked, id=1464, stack(0x0000003dc6100000,0x0000003dc6200000)]
  0x0000016d1e303000 JavaThread "Unconstrained build operations Thread 12" [_thread_blocked, id=16132, stack(0x0000003dc6200000,0x0000003dc6300000)]
  0x0000016d1e301800 JavaThread "Unconstrained build operations Thread 13" [_thread_blocked, id=17560, stack(0x0000003dc6300000,0x0000003dc6400000)]
  0x0000016d1e2ff000 JavaThread "Unconstrained build operations Thread 14" [_thread_blocked, id=16776, stack(0x0000003dc6400000,0x0000003dc6500000)]
  0x0000016d1e300800 JavaThread "Unconstrained build operations Thread 15" [_thread_blocked, id=8468, stack(0x0000003dc6500000,0x0000003dc6600000)]
  0x0000016d1e304000 JavaThread "Unconstrained build operations Thread 16" [_thread_blocked, id=7048, stack(0x0000003dc6600000,0x0000003dc6700000)]
  0x0000016d1e2fe000 JavaThread "Unconstrained build operations Thread 17" [_thread_blocked, id=17852, stack(0x0000003dc6700000,0x0000003dc6800000)]
  0x0000016d1e309800 JavaThread "Unconstrained build operations Thread 18" [_thread_blocked, id=18120, stack(0x0000003dc6800000,0x0000003dc6900000)]
  0x0000016d1e307000 JavaThread "Unconstrained build operations Thread 19" [_thread_blocked, id=16836, stack(0x0000003dc6900000,0x0000003dc6a00000)]
  0x0000016d1e306800 JavaThread "Unconstrained build operations Thread 20" [_thread_blocked, id=3216, stack(0x0000003dc6a00000,0x0000003dc6b00000)]
  0x0000016d1e308000 JavaThread "Unconstrained build operations Thread 21" [_thread_blocked, id=13976, stack(0x0000003dc6b00000,0x0000003dc6c00000)]
  0x0000016d1d385000 JavaThread "Unconstrained build operations Thread 22" [_thread_blocked, id=10200, stack(0x0000003dc6c00000,0x0000003dc6d00000)]
  0x0000016d1d382800 JavaThread "Unconstrained build operations Thread 23" [_thread_blocked, id=17312, stack(0x0000003dc6d00000,0x0000003dc6e00000)]
  0x0000016d1d38e000 JavaThread "Unconstrained build operations Thread 24" [_thread_blocked, id=3316, stack(0x0000003dc6e00000,0x0000003dc6f00000)]
  0x0000016d1d38f800 JavaThread "Unconstrained build operations Thread 25" [_thread_blocked, id=1680, stack(0x0000003dc6f00000,0x0000003dc7000000)]
  0x0000016d1d38b000 JavaThread "Unconstrained build operations Thread 26" [_thread_blocked, id=7176, stack(0x0000003dc7000000,0x0000003dc7100000)]
  0x0000016d1d38f000 JavaThread "Unconstrained build operations Thread 27" [_thread_blocked, id=14612, stack(0x0000003dc7100000,0x0000003dc7200000)]
  0x0000016d1d38d800 JavaThread "Unconstrained build operations Thread 28" [_thread_blocked, id=17004, stack(0x0000003dc7200000,0x0000003dc7300000)]
  0x0000016d1d38b800 JavaThread "Unconstrained build operations Thread 29" [_thread_blocked, id=13496, stack(0x0000003dc7300000,0x0000003dc7400000)]
  0x0000016d1d38c800 JavaThread "Unconstrained build operations Thread 30" [_thread_blocked, id=15672, stack(0x0000003dc7400000,0x0000003dc7500000)]
  0x0000016d1d38a000 JavaThread "Unconstrained build operations Thread 31" [_thread_blocked, id=4144, stack(0x0000003dc7500000,0x0000003dc7600000)]
  0x0000016d1d390800 JavaThread "Unconstrained build operations Thread 32" [_thread_blocked, id=9056, stack(0x0000003dc7600000,0x0000003dc7700000)]
  0x0000016d1d391800 JavaThread "Unconstrained build operations Thread 33" [_thread_blocked, id=13408, stack(0x0000003dc7700000,0x0000003dc7800000)]
  0x0000016d200ba000 JavaThread "Unconstrained build operations Thread 34" [_thread_blocked, id=3712, stack(0x0000003dc7800000,0x0000003dc7900000)]
  0x0000016d200c0800 JavaThread "Unconstrained build operations Thread 35" [_thread_blocked, id=5784, stack(0x0000003dc7900000,0x0000003dc7a00000)]
  0x0000016d200bb000 JavaThread "Unconstrained build operations Thread 36" [_thread_blocked, id=6056, stack(0x0000003dc7a00000,0x0000003dc7b00000)]
  0x0000016d200c1800 JavaThread "Unconstrained build operations Thread 37" [_thread_blocked, id=17468, stack(0x0000003dc7b00000,0x0000003dc7c00000)]
  0x0000016d200bb800 JavaThread "Unconstrained build operations Thread 38" [_thread_blocked, id=3076, stack(0x0000003dc7c00000,0x0000003dc7d00000)]
  0x0000016d200c2000 JavaThread "Unconstrained build operations Thread 39" [_thread_blocked, id=12816, stack(0x0000003dc7d00000,0x0000003dc7e00000)]
  0x0000016d200c4000 JavaThread "Unconstrained build operations Thread 40" [_thread_blocked, id=13864, stack(0x0000003dc7e00000,0x0000003dc7f00000)]
  0x0000016d200c3000 JavaThread "Unconstrained build operations Thread 41" [_thread_blocked, id=11028, stack(0x0000003dc7f00000,0x0000003dc8000000)]
  0x0000016d200c4800 JavaThread "Unconstrained build operations Thread 42" [_thread_blocked, id=8276, stack(0x0000003dc8000000,0x0000003dc8100000)]
  0x0000016d200c5800 JavaThread "Unconstrained build operations Thread 43" [_thread_blocked, id=4336, stack(0x0000003dc8100000,0x0000003dc8200000)]
  0x0000016d200c7000 JavaThread "Unconstrained build operations Thread 44" [_thread_blocked, id=18260, stack(0x0000003dc8200000,0x0000003dc8300000)]
  0x0000016d200c6800 JavaThread "Unconstrained build operations Thread 45" [_thread_blocked, id=17480, stack(0x0000003dc8300000,0x0000003dc8400000)]
  0x0000016d21fa5800 JavaThread "Unconstrained build operations Thread 46" [_thread_blocked, id=12852, stack(0x0000003dc8400000,0x0000003dc8500000)]
  0x0000016d21fa3000 JavaThread "Unconstrained build operations Thread 47" [_thread_blocked, id=2272, stack(0x0000003dc8500000,0x0000003dc8600000)]
  0x0000016d21fa6800 JavaThread "Unconstrained build operations Thread 48" [_thread_blocked, id=15212, stack(0x0000003dc8600000,0x0000003dc8700000)]
  0x0000016d21fa4000 JavaThread "Unconstrained build operations Thread 49" [_thread_blocked, id=14192, stack(0x0000003dc8700000,0x0000003dc8800000)]
  0x0000016d21fa8000 JavaThread "Unconstrained build operations Thread 50" [_thread_blocked, id=18328, stack(0x0000003dc8800000,0x0000003dc8900000)]
  0x0000016d21fa2000 JavaThread "Unconstrained build operations Thread 51" [_thread_blocked, id=18360, stack(0x0000003dc8900000,0x0000003dc8a00000)]
  0x0000016d21fa9000 JavaThread "Unconstrained build operations Thread 52" [_thread_blocked, id=13560, stack(0x0000003dc8a00000,0x0000003dc8b00000)]
  0x0000016d1cd47000 JavaThread "Unconstrained build operations Thread 53" [_thread_blocked, id=3620, stack(0x0000003dc8b00000,0x0000003dc8c00000)]
  0x0000016d1cd44800 JavaThread "Unconstrained build operations Thread 54" [_thread_blocked, id=3328, stack(0x0000003dc8c00000,0x0000003dc8d00000)]
  0x0000016d1cd42000 JavaThread "Unconstrained build operations Thread 55" [_thread_blocked, id=1288, stack(0x0000003dc8d00000,0x0000003dc8e00000)]
  0x0000016d1cd43000 JavaThread "Unconstrained build operations Thread 56" [_thread_blocked, id=8660, stack(0x0000003dc8e00000,0x0000003dc8f00000)]
  0x0000016d22e13000 JavaThread "Unconstrained build operations Thread 57" [_thread_blocked, id=17208, stack(0x0000003dc8f00000,0x0000003dc9000000)]
  0x0000016d22e0f800 JavaThread "Unconstrained build operations Thread 58" [_thread_blocked, id=17828, stack(0x0000003dc9000000,0x0000003dc9100000)]
  0x0000016d22e14800 JavaThread "Unconstrained build operations Thread 59" [_thread_blocked, id=16560, stack(0x0000003dc9100000,0x0000003dc9200000)]
  0x0000016d22e11800 JavaThread "Unconstrained build operations Thread 60" [_thread_blocked, id=13648, stack(0x0000003dc9200000,0x0000003dc9300000)]
  0x0000016d22e10800 JavaThread "Unconstrained build operations Thread 61" [_thread_blocked, id=7940, stack(0x0000003dc9300000,0x0000003dc9400000)]
  0x0000016d22e0f000 JavaThread "Unconstrained build operations Thread 62" [_thread_blocked, id=16684, stack(0x0000003dc9400000,0x0000003dc9500000)]
  0x0000016d22e12000 JavaThread "Unconstrained build operations Thread 63" [_thread_blocked, id=11060, stack(0x0000003dc9500000,0x0000003dc9600000)]
  0x0000016d22e15800 JavaThread "Unconstrained build operations Thread 64" [_thread_blocked, id=1520, stack(0x0000003dc9600000,0x0000003dc9700000)]
  0x0000016d22e19800 JavaThread "Unconstrained build operations Thread 65" [_thread_blocked, id=14720, stack(0x0000003dc9700000,0x0000003dc9800000)]
  0x0000016d22e14000 JavaThread "Unconstrained build operations Thread 66" [_thread_blocked, id=14048, stack(0x0000003dc9800000,0x0000003dc9900000)]
  0x0000016d22e18800 JavaThread "Unconstrained build operations Thread 67" [_thread_blocked, id=9524, stack(0x0000003dc9900000,0x0000003dc9a00000)]
  0x0000016d22e1a800 JavaThread "Unconstrained build operations Thread 68" [_thread_blocked, id=6940, stack(0x0000003dc9a00000,0x0000003dc9b00000)]
  0x0000016d22e1b000 JavaThread "Unconstrained build operations Thread 69" [_thread_blocked, id=4636, stack(0x0000003dc9b00000,0x0000003dc9c00000)]
  0x0000016d22e17000 JavaThread "Unconstrained build operations Thread 70" [_thread_blocked, id=2740, stack(0x0000003dc9c00000,0x0000003dc9d00000)]
  0x0000016d22e1c000 JavaThread "Unconstrained build operations Thread 71" [_thread_blocked, id=9104, stack(0x0000003dc9d00000,0x0000003dc9e00000)]
  0x0000016d22e16800 JavaThread "Unconstrained build operations Thread 72" [_thread_blocked, id=9248, stack(0x0000003dc9e00000,0x0000003dc9f00000)]
  0x0000016d22e18000 JavaThread "Unconstrained build operations Thread 73" [_thread_blocked, id=12180, stack(0x0000003dc9f00000,0x0000003dca000000)]
  0x0000016d22e1d000 JavaThread "Unconstrained build operations Thread 74" [_thread_blocked, id=16308, stack(0x0000003dca000000,0x0000003dca100000)]
  0x0000016d22e1d800 JavaThread "Unconstrained build operations Thread 75" [_thread_blocked, id=2192, stack(0x0000003dca100000,0x0000003dca200000)]
  0x0000016d1bd24000 JavaThread "Unconstrained build operations Thread 76" [_thread_blocked, id=8516, stack(0x0000003dca200000,0x0000003dca300000)]
  0x0000016d1bd25000 JavaThread "Unconstrained build operations Thread 77" [_thread_blocked, id=2696, stack(0x0000003dca300000,0x0000003dca400000)]
  0x0000016d1bd21800 JavaThread "Unconstrained build operations Thread 78" [_thread_blocked, id=17616, stack(0x0000003dca400000,0x0000003dca500000)]
  0x0000016d1bd25800 JavaThread "Unconstrained build operations Thread 79" [_thread_blocked, id=14416, stack(0x0000003dca500000,0x0000003dca600000)]
  0x0000016d1bd26800 JavaThread "Unconstrained build operations Thread 80" [_thread_blocked, id=6908, stack(0x0000003dca600000,0x0000003dca700000)]
  0x0000016d1bd21000 JavaThread "build event listener" [_thread_blocked, id=10356, stack(0x0000003dca700000,0x0000003dca800000)]
  0x0000016d1bd27800 JavaThread "Execution worker for ':'" [_thread_in_Java, id=15244, stack(0x0000003dca800000,0x0000003dca900000)]
  0x0000016d1bd28000 JavaThread "Execution worker for ':' Thread 2" [_thread_blocked, id=3292, stack(0x0000003dca900000,0x0000003dcaa00000)]
  0x0000016d1bd22800 JavaThread "Execution worker for ':' Thread 3" [_thread_blocked, id=18288, stack(0x0000003dcaa00000,0x0000003dcab00000)]
  0x0000016d1bd29000 JavaThread "Execution worker for ':' Thread 4" [_thread_blocked, id=17488, stack(0x0000003dcab00000,0x0000003dcac00000)]
  0x0000016d1bd23800 JavaThread "Execution worker for ':' Thread 5" [_thread_blocked, id=8888, stack(0x0000003dcac00000,0x0000003dcad00000)]
  0x0000016d1bd2f800 JavaThread "Execution worker for ':' Thread 6" [_thread_blocked, id=1128, stack(0x0000003dcad00000,0x0000003dcae00000)]
  0x0000016d1bd2c800 JavaThread "Execution worker for ':' Thread 7" [_thread_blocked, id=15548, stack(0x0000003dcae00000,0x0000003dcaf00000)]
  0x0000016d1bd2b800 JavaThread "Cache worker for execution history cache (C:\Users\Bailey\AndroidStudioProjects\CIS436_Project3-main\.gradle\7.2\executionHistory)" [_thread_blocked, id=14900, stack(0x0000003dcaf00000,0x0000003dcb000000)]

Other Threads:
  0x0000016d1a8c5800 VMThread "VM Thread" [stack: 0x0000003db3500000,0x0000003db3600000] [id=6212]
  0x0000016d1aa99800 WatcherThread [stack: 0x0000003db4000000,0x0000003db4100000] [id=17764]
  0x0000016d7fb86000 GCTaskThread "GC Thread#0" [stack: 0x0000003db3000000,0x0000003db3100000] [id=18116]
  0x0000016d1b883800 GCTaskThread "GC Thread#1" [stack: 0x0000003db4300000,0x0000003db4400000] [id=17880]
  0x0000016d1b6fa800 GCTaskThread "GC Thread#2" [stack: 0x0000003db4400000,0x0000003db4500000] [id=6988]
  0x0000016d1ba3d000 GCTaskThread "GC Thread#3" [stack: 0x0000003db4500000,0x0000003db4600000] [id=18384]
  0x0000016d1c91c800 GCTaskThread "GC Thread#4" [stack: 0x0000003db5300000,0x0000003db5400000] [id=6460]
  0x0000016d1c00b800 GCTaskThread "GC Thread#5" [stack: 0x0000003db5400000,0x0000003db5500000] [id=10560]
  0x0000016d1caa3800 GCTaskThread "GC Thread#6" [stack: 0x0000003db5500000,0x0000003db5600000] [id=9624]
  0x0000016d1c0e4000 GCTaskThread "GC Thread#7" [stack: 0x0000003db5600000,0x0000003db5700000] [id=15232]
  0x0000016d7fbb7000 ConcurrentGCThread "G1 Main Marker" [stack: 0x0000003db3100000,0x0000003db3200000] [id=16616]
  0x0000016d7fbb8800 ConcurrentGCThread "G1 Conc#0" [stack: 0x0000003db3200000,0x0000003db3300000] [id=18052]
  0x0000016d1d22a800 ConcurrentGCThread "G1 Conc#1" [stack: 0x0000003db5700000,0x0000003db5800000] [id=17380]
  0x0000016d7fc3e000 ConcurrentGCThread "G1 Refine#0" [stack: 0x0000003db3300000,0x0000003db3400000] [id=15208]
  0x0000016d19ef6800 ConcurrentGCThread "G1 Young RemSet Sampling" [stack: 0x0000003db3400000,0x0000003db3500000] [id=84]

Threads with active compile tasks:
C2 CompilerThread0  48553 16971       4       org.gradle.tooling.internal.provider.runner.SubtreeFilteringBuildOperationListener::started (118 bytes)
C1 CompilerThread0  48553 17038       3       org.gradle.api.internal.file.pattern.HasPrefixPatternStep::matches (27 bytes)
C2 CompilerThread1  48553 16534       4       org.gradle.internal.service.DefaultServiceRegistry$ClassInspector$ClassDetails::collectTypes (63 bytes)
C2 CompilerThread2  48553 16962   !   4       java.io.ObjectOutputStream::writeObject0 (619 bytes)

VM state:not at safepoint (normal execution)

VM Mutex/Monitor currently owned by a thread: None

Heap address: 0x0000000080000000, size: 2048 MB, Compressed Oops mode: 32-bit
Narrow klass base: 0x0000000000000000, Narrow klass shift: 3
Compressed class space size: 1073741824 Address: 0x0000000100000000

Heap:
 garbage-first heap   total 236544K, used 140259K [0x0000000080000000, 0x0000000100000000)
  region size 1024K, 31 young (31744K), 7 survivors (7168K)
 Metaspace       used 117988K, capacity 121128K, committed 121804K, reserved 1155072K
  class space    used 15325K, capacity 16561K, committed 16896K, reserved 1048576K
Heap Regions: E=young(eden), S=young(survivor), O=old, HS=humongous(starts), HC=humongous(continues), CS=collection set, F=free, A=archive, TAMS=top-at-mark-start (previous, next)
|   0|0x0000000080000000, 0x0000000080100000, 0x0000000080100000|100%| O|  |TAMS 0x0000000080100000, 0x0000000080000000| Untracked 
|   1|0x0000000080100000, 0x0000000080200000, 0x0000000080200000|100%| O|  |TAMS 0x0000000080200000, 0x0000000080100000| Untracked 
|   2|0x0000000080200000, 0x0000000080300000, 0x0000000080300000|100%| O|  |TAMS 0x0000000080300000, 0x0000000080200000| Untracked 
|   3|0x0000000080300000, 0x0000000080400000, 0x0000000080400000|100%|HS|  |TAMS 0x0000000080400000, 0x0000000080300000| Complete 
|   4|0x0000000080400000, 0x0000000080500000, 0x0000000080500000|100%|HC|  |TAMS 0x0000000080500000, 0x0000000080400000| Complete 
|   5|0x0000000080500000, 0x0000000080600000, 0x0000000080600000|100%|HC|  |TAMS 0x0000000080600000, 0x0000000080500000| Complete 
|   6|0x0000000080600000, 0x0000000080700000, 0x0000000080700000|100%| O|  |TAMS 0x0000000080700000, 0x0000000080600000| Untracked 
|   7|0x0000000080700000, 0x0000000080800000, 0x0000000080800000|100%| O|  |TAMS 0x0000000080800000, 0x0000000080700000| Untracked 
|   8|0x0000000080800000, 0x0000000080900000, 0x0000000080900000|100%| O|  |TAMS 0x0000000080900000, 0x0000000080800000| Complete 
|   9|0x0000000080900000, 0x0000000080a00000, 0x0000000080a00000|100%| O|  |TAMS 0x0000000080a00000, 0x0000000080900000| Untracked 
|  10|0x0000000080a00000, 0x0000000080b00000, 0x0000000080b00000|100%| O|  |TAMS 0x0000000080b00000, 0x0000000080a00000| Complete 
|  11|0x0000000080b00000, 0x0000000080c00000, 0x0000000080c00000|100%| O|  |TAMS 0x0000000080c00000, 0x0000000080b00000| Untracked 
|  12|0x0000000080c00000, 0x0000000080d00000, 0x0000000080d00000|100%| O|  |TAMS 0x0000000080d00000, 0x0000000080c00000| Complete 
|  13|0x0000000080d00000, 0x0000000080e00000, 0x0000000080e00000|100%| O|  |TAMS 0x0000000080e00000, 0x0000000080d00000| Untracked 
|  14|0x0000000080e00000, 0x0000000080f00000, 0x0000000080f00000|100%| O|  |TAMS 0x0000000080f00000, 0x0000000080e00000| Untracked 
|  15|0x0000000080f00000, 0x0000000081000000, 0x0000000081000000|100%| O|  |TAMS 0x0000000081000000, 0x0000000080f00000| Complete 
|  16|0x0000000081000000, 0x0000000081100000, 0x0000000081100000|100%| O|  |TAMS 0x0000000081100000, 0x0000000081000000| Untracked 
|  17|0x0000000081100000, 0x0000000081200000, 0x0000000081200000|100%|HS|  |TAMS 0x0000000081200000, 0x0000000081100000| Complete 
|  18|0x0000000081200000, 0x0000000081300000, 0x0000000081300000|100%|HS|  |TAMS 0x0000000081300000, 0x0000000081200000| Complete 
|  19|0x0000000081300000, 0x0000000081400000, 0x0000000081400000|100%|HS|  |TAMS 0x0000000081400000, 0x0000000081300000| Complete 
|  20|0x0000000081400000, 0x0000000081500000, 0x0000000081500000|100%|HS|  |TAMS 0x0000000081500000, 0x0000000081400000| Complete 
|  21|0x0000000081500000, 0x0000000081600000, 0x0000000081600000|100%|HS|  |TAMS 0x0000000081600000, 0x0000000081500000| Complete 
|  22|0x0000000081600000, 0x0000000081700000, 0x0000000081700000|100%|HC|  |TAMS 0x0000000081700000, 0x0000000081600000| Complete 
|  23|0x0000000081700000, 0x0000000081800000, 0x0000000081800000|100%|HC|  |TAMS 0x0000000081800000, 0x0000000081700000| Complete 
|  24|0x0000000081800000, 0x0000000081900000, 0x0000000081900000|100%| O|  |TAMS 0x0000000081900000, 0x0000000081800000| Untracked 
|  25|0x0000000081900000, 0x0000000081a00000, 0x0000000081a00000|100%| O|  |TAMS 0x0000000081a00000, 0x0000000081900000| Untracked 
|  26|0x0000000081a00000, 0x0000000081b00000, 0x0000000081b00000|100%| O|  |TAMS 0x0000000081b00000, 0x0000000081a00000| Untracked 
|  27|0x0000000081b00000, 0x0000000081c00000, 0x0000000081c00000|100%| O|  |TAMS 0x0000000081c00000, 0x0000000081b00000| Untracked 
|  28|0x0000000081c00000, 0x0000000081d00000, 0x0000000081d00000|100%| O|  |TAMS 0x0000000081d00000, 0x0000000081c00000| Complete 
|  29|0x0000000081d00000, 0x0000000081e00000, 0x0000000081e00000|100%|HS|  |TAMS 0x0000000081e00000, 0x0000000081d00000| Complete 
|  30|0x0000000081e00000, 0x0000000081f00000, 0x0000000081f00000|100%|HC|  |TAMS 0x0000000081f00000, 0x0000000081e00000| Complete 
|  31|0x0000000081f00000, 0x0000000082000000, 0x0000000082000000|100%| O|  |TAMS 0x0000000082000000, 0x0000000081f00000| Untracked 
|  32|0x0000000082000000, 0x0000000082100000, 0x0000000082100000|100%| O|  |TAMS 0x0000000082100000, 0x0000000082000000| Untracked 
|  33|0x0000000082100000, 0x0000000082200000, 0x0000000082200000|100%| O|  |TAMS 0x0000000082200000, 0x0000000082100000| Untracked 
|  34|0x0000000082200000, 0x0000000082300000, 0x0000000082300000|100%| O|  |TAMS 0x0000000082300000, 0x0000000082200000| Untracked 
|  35|0x0000000082300000, 0x0000000082400000, 0x0000000082400000|100%| O|  |TAMS 0x0000000082400000, 0x0000000082300000| Untracked 
|  36|0x0000000082400000, 0x0000000082500000, 0x0000000082500000|100%| O|  |TAMS 0x0000000082500000, 0x0000000082400000| Complete 
|  37|0x0000000082500000, 0x0000000082600000, 0x0000000082600000|100%| O|  |TAMS 0x0000000082600000, 0x0000000082500000| Untracked 
|  38|0x0000000082600000, 0x0000000082700000, 0x0000000082700000|100%| O|  |TAMS 0x0000000082700000, 0x0000000082600000| Untracked 
|  39|0x0000000082700000, 0x0000000082800000, 0x0000000082800000|100%| O|  |TAMS 0x0000000082800000, 0x0000000082700000| Untracked 
|  40|0x0000000082800000, 0x0000000082900000, 0x0000000082900000|100%| O|  |TAMS 0x0000000082900000, 0x0000000082800000| Untracked 
|  41|0x0000000082900000, 0x0000000082a00000, 0x0000000082a00000|100%| O|  |TAMS 0x0000000082a00000, 0x0000000082900000| Complete 
|  42|0x0000000082a00000, 0x0000000082b00000, 0x0000000082b00000|100%| O|  |TAMS 0x0000000082b00000, 0x0000000082a00000| Untracked 
|  43|0x0000000082b00000, 0x0000000082c00000, 0x0000000082c00000|100%| O|  |TAMS 0x0000000082c00000, 0x0000000082b00000| Complete 
|  44|0x0000000082c00000, 0x0000000082d00000, 0x0000000082d00000|100%| O|  |TAMS 0x0000000082d00000, 0x0000000082c00000| Complete 
|  45|0x0000000082d00000, 0x0000000082e00000, 0x0000000082e00000|100%| O|  |TAMS 0x0000000082e00000, 0x0000000082d00000| Untracked 
|  46|0x0000000082e00000, 0x0000000082f00000, 0x0000000082f00000|100%| O|  |TAMS 0x0000000082f00000, 0x0000000082e00000| Untracked 
|  47|0x0000000082f00000, 0x0000000083000000, 0x0000000083000000|100%| O|  |TAMS 0x0000000083000000, 0x0000000082f00000| Untracked 
|  48|0x0000000083000000, 0x0000000083100000, 0x0000000083100000|100%| O|  |TAMS 0x0000000083100000, 0x0000000083000000| Untracked 
|  49|0x0000000083100000, 0x0000000083200000, 0x0000000083200000|100%| O|  |TAMS 0x0000000083200000, 0x0000000083100000| Complete 
|  50|0x0000000083200000, 0x0000000083300000, 0x0000000083300000|100%| O|  |TAMS 0x0000000083300000, 0x0000000083200000| Complete 
|  51|0x0000000083300000, 0x0000000083400000, 0x0000000083400000|100%| O|  |TAMS 0x0000000083400000, 0x0000000083300000| Complete 
|  52|0x0000000083400000, 0x0000000083500000, 0x0000000083500000|100%| O|  |TAMS 0x0000000083500000, 0x0000000083400000| Complete 
|  53|0x0000000083500000, 0x0000000083600000, 0x0000000083600000|100%| O|  |TAMS 0x0000000083600000, 0x0000000083500000| Untracked 
|  54|0x0000000083600000, 0x0000000083700000, 0x0000000083700000|100%| O|  |TAMS 0x0000000083700000, 0x0000000083600000| Untracked 
|  55|0x0000000083700000, 0x0000000083800000, 0x0000000083800000|100%| O|  |TAMS 0x0000000083800000, 0x0000000083700000| Complete 
|  56|0x0000000083800000, 0x0000000083900000, 0x0000000083900000|100%| O|  |TAMS 0x0000000083900000, 0x0000000083800000| Untracked 
|  57|0x0000000083900000, 0x0000000083a00000, 0x0000000083a00000|100%| O|  |TAMS 0x0000000083a00000, 0x0000000083900000| Complete 
|  58|0x0000000083a00000, 0x0000000083b00000, 0x0000000083b00000|100%| O|  |TAMS 0x0000000083b00000, 0x0000000083a00000| Complete 
|  59|0x0000000083b00000, 0x0000000083c00000, 0x0000000083c00000|100%| O|  |TAMS 0x0000000083c00000, 0x0000000083b00000| Untracked 
|  60|0x0000000083c00000, 0x0000000083d00000, 0x0000000083d00000|100%| O|  |TAMS 0x0000000083d00000, 0x0000000083c00000| Complete 
|  61|0x0000000083d00000, 0x0000000083e00000, 0x0000000083e00000|100%| O|  |TAMS 0x0000000083e00000, 0x0000000083d00000| Complete 
|  62|0x0000000083e00000, 0x0000000083f00000, 0x0000000083f00000|100%| O|  |TAMS 0x0000000083f00000, 0x0000000083e00000| Complete 
|  63|0x0000000083f00000, 0x0000000084000000, 0x0000000084000000|100%| O|  |TAMS 0x0000000084000000, 0x0000000083f00000| Untracked 
|  64|0x0000000084000000, 0x0000000084100000, 0x0000000084100000|100%| O|  |TAMS 0x0000000084100000, 0x0000000084000000| Complete 
|  65|0x0000000084100000, 0x0000000084200000, 0x0000000084200000|100%| O|  |TAMS 0x0000000084200000, 0x0000000084100000| Complete 
|  66|0x0000000084200000, 0x0000000084300000, 0x0000000084300000|100%| O|  |TAMS 0x0000000084300000, 0x0000000084200000| Complete 
|  67|0x0000000084300000, 0x0000000084400000, 0x0000000084400000|100%| O|  |TAMS 0x0000000084400000, 0x0000000084300000| Complete 
|  68|0x0000000084400000, 0x0000000084500000, 0x0000000084500000|100%| O|  |TAMS 0x0000000084500000, 0x0000000084400000| Complete 
|  69|0x0000000084500000, 0x0000000084600000, 0x0000000084600000|100%| O|  |TAMS 0x0000000084600000, 0x0000000084500000| Complete 
|  70|0x0000000084600000, 0x0000000084700000, 0x0000000084700000|100%| O|  |TAMS 0x0000000084700000, 0x0000000084600000| Complete 
|  71|0x0000000084700000, 0x0000000084800000, 0x0000000084800000|100%| O|  |TAMS 0x0000000084800000, 0x0000000084700000| Complete 
|  72|0x0000000084800000, 0x0000000084900000, 0x0000000084900000|100%| O|  |TAMS 0x0000000084900000, 0x0000000084800000| Complete 
|  73|0x0000000084900000, 0x0000000084a00000, 0x0000000084a00000|100%| O|  |TAMS 0x0000000084a00000, 0x0000000084900000| Complete 
|  74|0x0000000084a00000, 0x0000000084b00000, 0x0000000084b00000|100%| O|  |TAMS 0x0000000084b00000, 0x0000000084a00000| Complete 
|  75|0x0000000084b00000, 0x0000000084c00000, 0x0000000084c00000|100%| O|  |TAMS 0x0000000084c00000, 0x0000000084b00000| Complete 
|  76|0x0000000084c00000, 0x0000000084d00000, 0x0000000084d00000|100%| O|  |TAMS 0x0000000084d00000, 0x0000000084c00000| Complete 
|  77|0x0000000084d00000, 0x0000000084e00000, 0x0000000084e00000|100%| O|  |TAMS 0x0000000084e00000, 0x0000000084d00000| Untracked 
|  78|0x0000000084e00000, 0x0000000084f00000, 0x0000000084f00000|100%| O|  |TAMS 0x0000000084f00000, 0x0000000084e00000| Complete 
|  79|0x0000000084f00000, 0x0000000085000000, 0x0000000085000000|100%| O|  |TAMS 0x0000000085000000, 0x0000000084f00000| Untracked 
|  80|0x0000000085000000, 0x0000000085100000, 0x0000000085100000|100%| O|  |TAMS 0x0000000085100000, 0x0000000085000000| Complete 
|  81|0x0000000085100000, 0x0000000085200000, 0x0000000085200000|100%| O|  |TAMS 0x0000000085200000, 0x0000000085100000| Untracked 
|  82|0x0000000085200000, 0x0000000085300000, 0x0000000085300000|100%| O|  |TAMS 0x0000000085300000, 0x0000000085200000| Complete 
|  83|0x0000000085300000, 0x0000000085400000, 0x0000000085400000|100%| O|  |TAMS 0x0000000085400000, 0x0000000085300000| Complete 
|  84|0x0000000085400000, 0x0000000085500000, 0x0000000085500000|100%| O|  |TAMS 0x0000000085500000, 0x0000000085400000| Complete 
|  85|0x0000000085500000, 0x0000000085600000, 0x0000000085600000|100%| O|  |TAMS 0x0000000085600000, 0x0000000085500000| Complete 
|  86|0x0000000085600000, 0x0000000085700000, 0x0000000085700000|100%| O|  |TAMS 0x0000000085700000, 0x0000000085600000| Complete 
|  87|0x0000000085700000, 0x0000000085800000, 0x0000000085800000|100%| O|  |TAMS 0x0000000085800000, 0x0000000085700000| Untracked 
|  88|0x0000000085800000, 0x0000000085900000, 0x0000000085900000|100%| O|  |TAMS 0x0000000085900000, 0x0000000085800000| Complete 
|  89|0x0000000085900000, 0x0000000085a00000, 0x0000000085a00000|100%| O|  |TAMS 0x0000000085a00000, 0x0000000085900000| Complete 
|  90|0x0000000085a00000, 0x0000000085b00000, 0x0000000085b00000|100%| O|  |TAMS 0x0000000085b00000, 0x0000000085a00000| Untracked 
|  91|0x0000000085b00000, 0x0000000085c00000, 0x0000000085c00000|100%| O|  |TAMS 0x0000000085c00000, 0x0000000085b00000| Complete 
|  92|0x0000000085c00000, 0x0000000085d00000, 0x0000000085d00000|100%| O|  |TAMS 0x0000000085d00000, 0x0000000085c00000| Complete 
|  93|0x0000000085d00000, 0x0000000085d00000, 0x0000000085e00000|  0%| F|  |TAMS 0x0000000085d00000, 0x0000000085d00000| Untracked 
|  94|0x0000000085e00000, 0x0000000085e00000, 0x0000000085f00000|  0%| F|  |TAMS 0x0000000085e00000, 0x0000000085e00000| Untracked 
|  95|0x0000000085f00000, 0x0000000086000000, 0x0000000086000000|100%| O|  |TAMS 0x0000000086000000, 0x0000000085f00000| Complete 
|  96|0x0000000086000000, 0x0000000086100000, 0x0000000086100000|100%| O|  |TAMS 0x0000000086100000, 0x0000000086000000| Untracked 
|  97|0x0000000086100000, 0x0000000086200000, 0x0000000086200000|100%| O|  |TAMS 0x0000000086200000, 0x0000000086100000| Complete 
|  98|0x0000000086200000, 0x0000000086300000, 0x0000000086300000|100%| O|  |TAMS 0x0000000086300000, 0x0000000086200000| Complete 
|  99|0x0000000086300000, 0x0000000086400000, 0x0000000086400000|100%| O|  |TAMS 0x0000000086400000, 0x0000000086300000| Complete 
| 100|0x0000000086400000, 0x0000000086500000, 0x0000000086500000|100%| O|  |TAMS 0x0000000086500000, 0x0000000086400000| Complete 
| 101|0x0000000086500000, 0x0000000086600000, 0x0000000086600000|100%| O|  |TAMS 0x0000000086600000, 0x0000000086500000| Complete 
| 102|0x0000000086600000, 0x0000000086700000, 0x0000000086700000|100%| O|  |TAMS 0x0000000086700000, 0x0000000086600000| Complete 
| 103|0x0000000086700000, 0x0000000086800000, 0x0000000086800000|100%| O|  |TAMS 0x0000000086800000, 0x0000000086700000| Untracked 
| 104|0x0000000086800000, 0x0000000086900000, 0x0000000086900000|100%| O|  |TAMS 0x0000000086900000, 0x0000000086800000| Untracked 
| 105|0x0000000086900000, 0x0000000086a00000, 0x0000000086a00000|100%| O|  |TAMS 0x0000000086a00000, 0x0000000086900000| Untracked 
| 106|0x0000000086a00000, 0x0000000086b00000, 0x0000000086b00000|100%| O|  |TAMS 0x0000000086b00000, 0x0000000086a00000| Untracked 
| 107|0x0000000086b00000, 0x0000000086c00000, 0x0000000086c00000|100%| O|  |TAMS 0x0000000086c00000, 0x0000000086b00000| Untracked 
| 108|0x0000000086c00000, 0x0000000086d00000, 0x0000000086d00000|100%| O|  |TAMS 0x0000000086d00000, 0x0000000086c00000| Untracked 
| 109|0x0000000086d00000, 0x0000000086e00000, 0x0000000086e00000|100%| O|  |TAMS 0x0000000086e00000, 0x0000000086d00000| Complete 
| 110|0x0000000086e00000, 0x0000000086e1fa00, 0x0000000086f00000| 12%| O|  |TAMS 0x0000000086e1fa00, 0x0000000086e00000| Untracked 
| 111|0x0000000086f00000, 0x0000000086f00000, 0x0000000087000000|  0%| F|  |TAMS 0x0000000086f00000, 0x0000000086f00000| Untracked 
| 112|0x0000000087000000, 0x0000000087000000, 0x0000000087100000|  0%| F|  |TAMS 0x0000000087000000, 0x0000000087000000| Untracked 
| 113|0x0000000087100000, 0x0000000087100000, 0x0000000087200000|  0%| F|  |TAMS 0x0000000087100000, 0x0000000087100000| Untracked 
| 114|0x0000000087200000, 0x0000000087200000, 0x0000000087300000|  0%| F|  |TAMS 0x0000000087200000, 0x0000000087200000| Untracked 
| 115|0x0000000087300000, 0x0000000087300000, 0x0000000087400000|  0%| F|  |TAMS 0x0000000087300000, 0x0000000087300000| Untracked 
| 116|0x0000000087400000, 0x0000000087400000, 0x0000000087500000|  0%| F|  |TAMS 0x0000000087400000, 0x0000000087400000| Untracked 
| 117|0x0000000087500000, 0x0000000087500000, 0x0000000087600000|  0%| F|  |TAMS 0x0000000087500000, 0x0000000087500000| Untracked 
| 118|0x0000000087600000, 0x0000000087600000, 0x0000000087700000|  0%| F|  |TAMS 0x0000000087600000, 0x0000000087600000| Untracked 
| 119|0x0000000087700000, 0x0000000087700000, 0x0000000087800000|  0%| F|  |TAMS 0x0000000087700000, 0x0000000087700000| Untracked 
| 120|0x0000000087800000, 0x0000000087800000, 0x0000000087900000|  0%| F|  |TAMS 0x0000000087800000, 0x0000000087800000| Untracked 
| 121|0x0000000087900000, 0x0000000087900000, 0x0000000087a00000|  0%| F|  |TAMS 0x0000000087900000, 0x0000000087900000| Untracked 
| 122|0x0000000087a00000, 0x0000000087a00000, 0x0000000087b00000|  0%| F|  |TAMS 0x0000000087a00000, 0x0000000087a00000| Untracked 
| 123|0x0000000087b00000, 0x0000000087b00000, 0x0000000087c00000|  0%| F|  |TAMS 0x0000000087b00000, 0x0000000087b00000| Untracked 
| 124|0x0000000087c00000, 0x0000000087c00000, 0x0000000087d00000|  0%| F|  |TAMS 0x0000000087c00000, 0x0000000087c00000| Untracked 
| 125|0x0000000087d00000, 0x0000000087d00000, 0x0000000087e00000|  0%| F|  |TAMS 0x0000000087d00000, 0x0000000087d00000| Untracked 
| 126|0x0000000087e00000, 0x0000000087e00000, 0x0000000087f00000|  0%| F|  |TAMS 0x0000000087e00000, 0x0000000087e00000| Untracked 
| 127|0x0000000087f00000, 0x0000000087f00000, 0x0000000088000000|  0%| F|  |TAMS 0x0000000087f00000, 0x0000000087f00000| Untracked 
| 128|0x0000000088000000, 0x0000000088000000, 0x0000000088100000|  0%| F|  |TAMS 0x0000000088000000, 0x0000000088000000| Untracked 
| 129|0x0000000088100000, 0x0000000088100000, 0x0000000088200000|  0%| F|  |TAMS 0x0000000088100000, 0x0000000088100000| Untracked 
| 130|0x0000000088200000, 0x0000000088200000, 0x0000000088300000|  0%| F|  |TAMS 0x0000000088200000, 0x0000000088200000| Untracked 
| 131|0x0000000088300000, 0x0000000088300000, 0x0000000088400000|  0%| F|  |TAMS 0x0000000088300000, 0x0000000088300000| Untracked 
| 132|0x0000000088400000, 0x0000000088400000, 0x0000000088500000|  0%| F|  |TAMS 0x0000000088400000, 0x0000000088400000| Untracked 
| 133|0x0000000088500000, 0x0000000088500000, 0x0000000088600000|  0%| F|  |TAMS 0x0000000088500000, 0x0000000088500000| Untracked 
| 134|0x0000000088600000, 0x0000000088600000, 0x0000000088700000|  0%| F|  |TAMS 0x0000000088600000, 0x0000000088600000| Untracked 
| 135|0x0000000088700000, 0x0000000088700000, 0x0000000088800000|  0%| F|  |TAMS 0x0000000088700000, 0x0000000088700000| Untracked 
| 136|0x0000000088800000, 0x0000000088800000, 0x0000000088900000|  0%| F|  |TAMS 0x0000000088800000, 0x0000000088800000| Untracked 
| 137|0x0000000088900000, 0x0000000088900000, 0x0000000088a00000|  0%| F|  |TAMS 0x0000000088900000, 0x0000000088900000| Untracked 
| 138|0x0000000088a00000, 0x0000000088a00000, 0x0000000088b00000|  0%| F|  |TAMS 0x0000000088a00000, 0x0000000088a00000| Untracked 
| 139|0x0000000088b00000, 0x0000000088b00000, 0x0000000088c00000|  0%| F|  |TAMS 0x0000000088b00000, 0x0000000088b00000| Untracked 
| 140|0x0000000088c00000, 0x0000000088c00000, 0x0000000088d00000|  0%| F|  |TAMS 0x0000000088c00000, 0x0000000088c00000| Untracked 
| 141|0x0000000088d00000, 0x0000000088d00000, 0x0000000088e00000|  0%| F|  |TAMS 0x0000000088d00000, 0x0000000088d00000| Untracked 
| 142|0x0000000088e00000, 0x0000000088e00000, 0x0000000088f00000|  0%| F|  |TAMS 0x0000000088e00000, 0x0000000088e00000| Untracked 
| 143|0x0000000088f00000, 0x0000000088f00000, 0x0000000089000000|  0%| F|  |TAMS 0x0000000088f00000, 0x0000000088f00000| Untracked 
| 144|0x0000000089000000, 0x0000000089000000, 0x0000000089100000|  0%| F|  |TAMS 0x0000000089000000, 0x0000000089000000| Untracked 
| 145|0x0000000089100000, 0x0000000089100000, 0x0000000089200000|  0%| F|  |TAMS 0x0000000089100000, 0x0000000089100000| Untracked 
| 146|0x0000000089200000, 0x0000000089200000, 0x0000000089300000|  0%| F|  |TAMS 0x0000000089200000, 0x0000000089200000| Untracked 
| 147|0x0000000089300000, 0x0000000089300000, 0x0000000089400000|  0%| F|  |TAMS 0x0000000089300000, 0x0000000089300000| Untracked 
| 148|0x0000000089400000, 0x0000000089400000, 0x0000000089500000|  0%| F|  |TAMS 0x0000000089400000, 0x0000000089400000| Untracked 
| 149|0x0000000089500000, 0x0000000089500000, 0x0000000089600000|  0%| F|  |TAMS 0x0000000089500000, 0x0000000089500000| Untracked 
| 150|0x0000000089600000, 0x0000000089600000, 0x0000000089700000|  0%| F|  |TAMS 0x0000000089600000, 0x0000000089600000| Untracked 
| 151|0x0000000089700000, 0x0000000089700000, 0x0000000089800000|  0%| F|  |TAMS 0x0000000089700000, 0x0000000089700000| Untracked 
| 152|0x0000000089800000, 0x0000000089800000, 0x0000000089900000|  0%| F|  |TAMS 0x0000000089800000, 0x0000000089800000| Untracked 
| 153|0x0000000089900000, 0x0000000089900000, 0x0000000089a00000|  0%| F|  |TAMS 0x0000000089900000, 0x0000000089900000| Untracked 
| 154|0x0000000089a00000, 0x0000000089a00000, 0x0000000089b00000|  0%| F|  |TAMS 0x0000000089a00000, 0x0000000089a00000| Untracked 
| 155|0x0000000089b00000, 0x0000000089b00000, 0x0000000089c00000|  0%| F|  |TAMS 0x0000000089b00000, 0x0000000089b00000| Untracked 
| 156|0x0000000089c00000, 0x0000000089c00000, 0x0000000089d00000|  0%| F|  |TAMS 0x0000000089c00000, 0x0000000089c00000| Untracked 
| 157|0x0000000089d00000, 0x0000000089d00000, 0x0000000089e00000|  0%| F|  |TAMS 0x0000000089d00000, 0x0000000089d00000| Untracked 
| 158|0x0000000089e00000, 0x0000000089e00000, 0x0000000089f00000|  0%| F|  |TAMS 0x0000000089e00000, 0x0000000089e00000| Untracked 
| 159|0x0000000089f00000, 0x0000000089f00000, 0x000000008a000000|  0%| F|  |TAMS 0x0000000089f00000, 0x0000000089f00000| Untracked 
| 160|0x000000008a000000, 0x000000008a000000, 0x000000008a100000|  0%| F|  |TAMS 0x000000008a000000, 0x000000008a000000| Untracked 
| 161|0x000000008a100000, 0x000000008a100000, 0x000000008a200000|  0%| F|  |TAMS 0x000000008a100000, 0x000000008a100000| Untracked 
| 162|0x000000008a200000, 0x000000008a200000, 0x000000008a300000|  0%| F|  |TAMS 0x000000008a200000, 0x000000008a200000| Untracked 
| 163|0x000000008a300000, 0x000000008a300000, 0x000000008a400000|  0%| F|  |TAMS 0x000000008a300000, 0x000000008a300000| Untracked 
| 164|0x000000008a400000, 0x000000008a4d95c0, 0x000000008a500000| 84%| S|CS|TAMS 0x000000008a400000, 0x000000008a400000| Complete 
| 165|0x000000008a500000, 0x000000008a600000, 0x000000008a600000|100%| S|CS|TAMS 0x000000008a500000, 0x000000008a500000| Complete 
| 166|0x000000008a600000, 0x000000008a700000, 0x000000008a700000|100%| S|CS|TAMS 0x000000008a600000, 0x000000008a600000| Complete 
| 167|0x000000008a700000, 0x000000008a800000, 0x000000008a800000|100%| S|CS|TAMS 0x000000008a700000, 0x000000008a700000| Complete 
| 168|0x000000008a800000, 0x000000008a900000, 0x000000008a900000|100%| S|CS|TAMS 0x000000008a800000, 0x000000008a800000| Complete 
| 169|0x000000008a900000, 0x000000008aa00000, 0x000000008aa00000|100%| S|CS|TAMS 0x000000008a900000, 0x000000008a900000| Complete 
| 170|0x000000008aa00000, 0x000000008ab00000, 0x000000008ab00000|100%| S|CS|TAMS 0x000000008aa00000, 0x000000008aa00000| Complete 
| 171|0x000000008ab00000, 0x000000008ab00000, 0x000000008ac00000|  0%| F|  |TAMS 0x000000008ab00000, 0x000000008ab00000| Untracked 
| 172|0x000000008ac00000, 0x000000008ac00000, 0x000000008ad00000|  0%| F|  |TAMS 0x000000008ac00000, 0x000000008ac00000| Untracked 
| 173|0x000000008ad00000, 0x000000008ad00000, 0x000000008ae00000|  0%| F|  |TAMS 0x000000008ad00000, 0x000000008ad00000| Untracked 
| 174|0x000000008ae00000, 0x000000008ae00000, 0x000000008af00000|  0%| F|  |TAMS 0x000000008ae00000, 0x000000008ae00000| Untracked 
| 175|0x000000008af00000, 0x000000008af00000, 0x000000008b000000|  0%| F|  |TAMS 0x000000008af00000, 0x000000008af00000| Untracked 
| 176|0x000000008b000000, 0x000000008b000000, 0x000000008b100000|  0%| F|  |TAMS 0x000000008b000000, 0x000000008b000000| Untracked 
| 177|0x000000008b100000, 0x000000008b100000, 0x000000008b200000|  0%| F|  |TAMS 0x000000008b100000, 0x000000008b100000| Untracked 
| 178|0x000000008b200000, 0x000000008b200000, 0x000000008b300000|  0%| F|  |TAMS 0x000000008b200000, 0x000000008b200000| Untracked 
| 179|0x000000008b300000, 0x000000008b300000, 0x000000008b400000|  0%| F|  |TAMS 0x000000008b300000, 0x000000008b300000| Untracked 
| 180|0x000000008b400000, 0x000000008b400000, 0x000000008b500000|  0%| F|  |TAMS 0x000000008b400000, 0x000000008b400000| Untracked 
| 181|0x000000008b500000, 0x000000008b500000, 0x000000008b600000|  0%| F|  |TAMS 0x000000008b500000, 0x000000008b500000| Untracked 
| 182|0x000000008b600000, 0x000000008b600000, 0x000000008b700000|  0%| F|  |TAMS 0x000000008b600000, 0x000000008b600000| Untracked 
| 183|0x000000008b700000, 0x000000008b700000, 0x000000008b800000|  0%| F|  |TAMS 0x000000008b700000, 0x000000008b700000| Untracked 
| 184|0x000000008b800000, 0x000000008b800000, 0x000000008b900000|  0%| F|  |TAMS 0x000000008b800000, 0x000000008b800000| Untracked 
| 185|0x000000008b900000, 0x000000008b900000, 0x000000008ba00000|  0%| F|  |TAMS 0x000000008b900000, 0x000000008b900000| Untracked 
| 186|0x000000008ba00000, 0x000000008ba00000, 0x000000008bb00000|  0%| F|  |TAMS 0x000000008ba00000, 0x000000008ba00000| Untracked 
| 187|0x000000008bb00000, 0x000000008bb00000, 0x000000008bc00000|  0%| F|  |TAMS 0x000000008bb00000, 0x000000008bb00000| Untracked 
| 188|0x000000008bc00000, 0x000000008bc00000, 0x000000008bd00000|  0%| F|  |TAMS 0x000000008bc00000, 0x000000008bc00000| Untracked 
| 189|0x000000008bd00000, 0x000000008bd00000, 0x000000008be00000|  0%| F|  |TAMS 0x000000008bd00000, 0x000000008bd00000| Untracked 
| 190|0x000000008be00000, 0x000000008be00000, 0x000000008bf00000|  0%| F|  |TAMS 0x000000008be00000, 0x000000008be00000| Untracked 
| 191|0x000000008bf00000, 0x000000008bf00000, 0x000000008c000000|  0%| F|  |TAMS 0x000000008bf00000, 0x000000008bf00000| Untracked 
| 192|0x000000008c000000, 0x000000008c000000, 0x000000008c100000|  0%| F|  |TAMS 0x000000008c000000, 0x000000008c000000| Untracked 
| 193|0x000000008c100000, 0x000000008c100000, 0x000000008c200000|  0%| F|  |TAMS 0x000000008c100000, 0x000000008c100000| Untracked 
| 194|0x000000008c200000, 0x000000008c200000, 0x000000008c300000|  0%| F|  |TAMS 0x000000008c200000, 0x000000008c200000| Untracked 
| 195|0x000000008c300000, 0x000000008c300000, 0x000000008c400000|  0%| F|  |TAMS 0x000000008c300000, 0x000000008c300000| Untracked 
| 196|0x000000008c400000, 0x000000008c400000, 0x000000008c500000|  0%| F|  |TAMS 0x000000008c400000, 0x000000008c400000| Untracked 
| 197|0x000000008c500000, 0x000000008c500000, 0x000000008c600000|  0%| F|  |TAMS 0x000000008c500000, 0x000000008c500000| Untracked 
| 198|0x000000008c600000, 0x000000008c600000, 0x000000008c700000|  0%| F|  |TAMS 0x000000008c600000, 0x000000008c600000| Untracked 
| 199|0x000000008c700000, 0x000000008c700000, 0x000000008c800000|  0%| F|  |TAMS 0x000000008c700000, 0x000000008c700000| Untracked 
| 200|0x000000008c800000, 0x000000008c800000, 0x000000008c900000|  0%| F|  |TAMS 0x000000008c800000, 0x000000008c800000| Untracked 
| 201|0x000000008c900000, 0x000000008c900000, 0x000000008ca00000|  0%| F|  |TAMS 0x000000008c900000, 0x000000008c900000| Untracked 
| 202|0x000000008ca00000, 0x000000008ca00000, 0x000000008cb00000|  0%| F|  |TAMS 0x000000008ca00000, 0x000000008ca00000| Untracked 
| 203|0x000000008cb00000, 0x000000008cb00000, 0x000000008cc00000|  0%| F|  |TAMS 0x000000008cb00000, 0x000000008cb00000| Untracked 
| 204|0x000000008cc00000, 0x000000008cc00000, 0x000000008cd00000|  0%| F|  |TAMS 0x000000008cc00000, 0x000000008cc00000| Untracked 
| 205|0x000000008cd00000, 0x000000008cd00000, 0x000000008ce00000|  0%| F|  |TAMS 0x000000008cd00000, 0x000000008cd00000| Untracked 
| 206|0x000000008ce00000, 0x000000008ce00000, 0x000000008cf00000|  0%| F|  |TAMS 0x000000008ce00000, 0x000000008ce00000| Untracked 
| 207|0x000000008cf00000, 0x000000008cf476d8, 0x000000008d000000| 27%| E|  |TAMS 0x000000008cf00000, 0x000000008cf00000| Complete 
| 208|0x000000008d000000, 0x000000008d100000, 0x000000008d100000|100%| E|CS|TAMS 0x000000008d000000, 0x000000008d000000| Complete 
| 209|0x000000008d100000, 0x000000008d200000, 0x000000008d200000|100%| E|CS|TAMS 0x000000008d100000, 0x000000008d100000| Complete 
| 210|0x000000008d200000, 0x000000008d300000, 0x000000008d300000|100%| E|CS|TAMS 0x000000008d200000, 0x000000008d200000| Complete 
| 211|0x000000008d300000, 0x000000008d400000, 0x000000008d400000|100%| E|CS|TAMS 0x000000008d300000, 0x000000008d300000| Complete 
| 212|0x000000008d400000, 0x000000008d500000, 0x000000008d500000|100%| E|CS|TAMS 0x000000008d400000, 0x000000008d400000| Complete 
| 213|0x000000008d500000, 0x000000008d600000, 0x000000008d600000|100%| E|CS|TAMS 0x000000008d500000, 0x000000008d500000| Complete 
| 214|0x000000008d600000, 0x000000008d700000, 0x000000008d700000|100%| E|CS|TAMS 0x000000008d600000, 0x000000008d600000| Complete 
| 215|0x000000008d700000, 0x000000008d800000, 0x000000008d800000|100%| E|CS|TAMS 0x000000008d700000, 0x000000008d700000| Complete 
| 216|0x000000008d800000, 0x000000008d900000, 0x000000008d900000|100%| E|CS|TAMS 0x000000008d800000, 0x000000008d800000| Complete 
| 217|0x000000008d900000, 0x000000008da00000, 0x000000008da00000|100%| E|CS|TAMS 0x000000008d900000, 0x000000008d900000| Complete 
| 218|0x000000008da00000, 0x000000008db00000, 0x000000008db00000|100%| E|CS|TAMS 0x000000008da00000, 0x000000008da00000| Complete 
| 219|0x000000008db00000, 0x000000008dc00000, 0x000000008dc00000|100%| E|CS|TAMS 0x000000008db00000, 0x000000008db00000| Complete 
| 220|0x000000008dc00000, 0x000000008dd00000, 0x000000008dd00000|100%| E|  |TAMS 0x000000008dc00000, 0x000000008dc00000| Complete 
| 221|0x000000008dd00000, 0x000000008de00000, 0x000000008de00000|100%| E|CS|TAMS 0x000000008dd00000, 0x000000008dd00000| Complete 
| 222|0x000000008de00000, 0x000000008df00000, 0x000000008df00000|100%| E|CS|TAMS 0x000000008de00000, 0x000000008de00000| Complete 
| 223|0x000000008df00000, 0x000000008e000000, 0x000000008e000000|100%| E|CS|TAMS 0x000000008df00000, 0x000000008df00000| Complete 
| 224|0x000000008e000000, 0x000000008e100000, 0x000000008e100000|100%| E|CS|TAMS 0x000000008e000000, 0x000000008e000000| Complete 
| 225|0x000000008e100000, 0x000000008e200000, 0x000000008e200000|100%| E|CS|TAMS 0x000000008e100000, 0x000000008e100000| Complete 
| 226|0x000000008e200000, 0x000000008e300000, 0x000000008e300000|100%| E|CS|TAMS 0x000000008e200000, 0x000000008e200000| Complete 
| 227|0x000000008e300000, 0x000000008e400000, 0x000000008e400000|100%| E|CS|TAMS 0x000000008e300000, 0x000000008e300000| Complete 
| 228|0x000000008e400000, 0x000000008e500000, 0x000000008e500000|100%| E|CS|TAMS 0x000000008e400000, 0x000000008e400000| Complete 
| 229|0x000000008e500000, 0x000000008e600000, 0x000000008e600000|100%| E|CS|TAMS 0x000000008e500000, 0x000000008e500000| Complete 
| 230|0x000000008e600000, 0x000000008e700000, 0x000000008e700000|100%| E|CS|TAMS 0x000000008e600000, 0x000000008e600000| Complete 

Card table byte_map: [0x0000016d12e20000,0x0000016d13220000] _byte_map_base: 0x0000016d12a20000

Marking Bits (Prev, Next): (CMBitMap*) 0x0000016d7fbae608, (CMBitMap*) 0x0000016d7fbae640
 Prev Bits: [0x0000016d13620000, 0x0000016d15620000)
 Next Bits: [0x0000016d15620000, 0x0000016d17620000)

Polling page: 0x0000016d7dab0000

Metaspace:

Usage:
  Non-class:    102.12 MB capacity,   100.26 MB ( 98%) used,     1.47 MB (  1%) free+waste,   400.63 KB ( <1%) overhead. 
      Class:     16.17 MB capacity,    14.97 MB ( 93%) used,     1.03 MB (  6%) free+waste,   180.50 KB (  1%) overhead. 
       Both:    118.29 MB capacity,   115.22 MB ( 97%) used,     2.50 MB (  2%) free+waste,   581.13 KB ( <1%) overhead. 

Virtual space:
  Non-class space:      104.00 MB reserved,     102.45 MB ( 99%) committed 
      Class space:        1.00 GB reserved,      16.50 MB (  2%) committed 
             Both:        1.10 GB reserved,     118.95 MB ( 11%) committed 

Chunk freelists:
   Non-Class:  213.00 KB
       Class:  303.00 KB
        Both:  516.00 KB

MaxMetaspaceSize: 17179869184.00 GB
CompressedClassSpaceSize: 1.00 GB

CodeHeap 'non-profiled nmethods': size=120000Kb used=10543Kb max_used=10543Kb free=109456Kb
 bounds [0x0000016d0b4f0000, 0x0000016d0bf40000, 0x0000016d12a20000]
CodeHeap 'profiled nmethods': size=120000Kb used=37090Kb max_used=37090Kb free=82909Kb
 bounds [0x0000016d03fc0000, 0x0000016d06400000, 0x0000016d0b4f0000]
CodeHeap 'non-nmethods': size=5760Kb used=2353Kb max_used=2432Kb free=3406Kb
 bounds [0x0000016d03a20000, 0x0000016d03c90000, 0x0000016d03fc0000]
 total_blobs=17866 nmethods=16892 adapters=884
 compilation: enabled
              stopped_count=0, restarted_count=0
 full_count=0

Compilation events (20 events):
Event: 48.529 Thread 0x0000016d1a91a800 nmethod 17027 0x0000016d063f1690 code [0x0000016d063f1a00, 0x0000016d063f3308]
Event: 48.530 Thread 0x0000016d1a91a800 17028       3       org.gradle.internal.logging.sink.OutputEventRenderer$3::onOutput (114 bytes)
Event: 48.531 Thread 0x0000016d1a91a800 nmethod 17028 0x0000016d063f3a90 code [0x0000016d063f3d20, 0x0000016d063f4af8]
Event: 48.531 Thread 0x0000016d1a91a800 17029       3       org.gradle.internal.event.ListenerBroadcast::isEmpty (8 bytes)
Event: 48.531 Thread 0x0000016d1a91a800 nmethod 17029 0x0000016d063f4e10 code [0x0000016d063f4fc0, 0x0000016d063f5188]
Event: 48.532 Thread 0x0000016d1a91a800 17030       3       org.gradle.api.internal.tasks.properties.CompositePropertyVisitor::visitOutputFileProperty (47 bytes)
Event: 48.532 Thread 0x0000016d1a91a800 nmethod 17030 0x0000016d063f5290 code [0x0000016d063f5460, 0x0000016d063f5748]
Event: 48.532 Thread 0x0000016d1a91a800 17031       3       org.gradle.api.internal.provider.AbstractProperty::attachProducer (94 bytes)
Event: 48.533 Thread 0x0000016d1a91a800 nmethod 17031 0x0000016d063f5890 code [0x0000016d063f5b00, 0x0000016d063f64b8]
Event: 48.533 Thread 0x0000016d1a91a800 17033       3       org.gradle.execution.plan.Node::isSuccessful (43 bytes)
Event: 48.533 Thread 0x0000016d1a91a800 nmethod 17033 0x0000016d063f6710 code [0x0000016d063f68e0, 0x0000016d063f6bc8]
Event: 48.533 Thread 0x0000016d1a91a800 17032       3       org.gradle.internal.extensibility.ConventionAwareHelper::getConventionValue (109 bytes)
Event: 48.534 Thread 0x0000016d1a91a800 nmethod 17032 0x0000016d063f6c90 code [0x0000016d063f6ee0, 0x0000016d063f7b08]
Event: 48.534 Thread 0x0000016d1a91a800 17034       3       org.gradle.tooling.internal.provider.runner.OperationDependenciesResolver$$Lambda$852/0x0000000100b29040::test (8 bytes)
Event: 48.534 Thread 0x0000016d1a91a800 nmethod 17034 0x0000016d063f7d90 code [0x0000016d063f7f60, 0x0000016d063f8218]
Event: 48.534 Thread 0x0000016d1a91a800 17035       3       org.gradle.tooling.internal.provider.runner.OperationDependenciesResolver$$Lambda$845/0x0000000100b1f040::test (8 bytes)
Event: 48.534 Thread 0x0000016d1a91a800 nmethod 17035 0x0000016d063f8310 code [0x0000016d063f84e0, 0x0000016d063f8798]
Event: 48.534 Thread 0x0000016d1a91a800 17036       1       org.gradle.api.internal.AbstractTask::getLogger (5 bytes)
Event: 48.534 Thread 0x0000016d1a91a800 nmethod 17036 0x0000016d0bf37090 code [0x0000016d0bf37240, 0x0000016d0bf372f8]
Event: 48.535 Thread 0x0000016d1a91a800 17038       3       org.gradle.api.internal.file.pattern.HasPrefixPatternStep::matches (27 bytes)

GC Heap History (20 events):
Event: 17.129 GC heap before
{Heap before GC invocations=17 (full 0):
 garbage-first heap   total 196608K, used 121122K [0x0000000080000000, 0x0000000100000000)
  region size 1024K, 44 young (45056K), 10 survivors (10240K)
 Metaspace       used 98357K, capacity 100709K, committed 100820K, reserved 1136640K
  class space    used 12711K, capacity 13611K, committed 13696K, reserved 1048576K
}
Event: 17.156 GC heap after
{Heap after GC invocations=18 (full 0):
 garbage-first heap   total 196608K, used 93859K [0x0000000080000000, 0x0000000100000000)
  region size 1024K, 11 young (11264K), 11 survivors (11264K)
 Metaspace       used 98357K, capacity 100709K, committed 100820K, reserved 1136640K
  class space    used 12711K, capacity 13611K, committed 13696K, reserved 1048576K
}
Event: 17.932 GC heap before
{Heap before GC invocations=19 (full 0):
 garbage-first heap   total 196608K, used 156323K [0x0000000080000000, 0x0000000100000000)
  region size 1024K, 73 young (74752K), 11 survivors (11264K)
 Metaspace       used 99996K, capacity 102318K, committed 102604K, reserved 1138688K
  class space    used 12899K, capacity 13776K, committed 13824K, reserved 1048576K
}
Event: 17.951 GC heap after
{Heap after GC invocations=20 (full 0):
 garbage-first heap   total 196608K, used 94563K [0x0000000080000000, 0x0000000100000000)
  region size 1024K, 7 young (7168K), 7 survivors (7168K)
 Metaspace       used 99996K, capacity 102318K, committed 102604K, reserved 1138688K
  class space    used 12899K, capacity 13776K, committed 13824K, reserved 1048576K
}
Event: 18.219 GC heap before
{Heap before GC invocations=21 (full 0):
 garbage-first heap   total 196608K, used 109923K [0x0000000080000000, 0x0000000100000000)
  region size 1024K, 23 young (23552K), 7 survivors (7168K)
 Metaspace       used 100187K, capacity 102536K, committed 102604K, reserved 1138688K
  class space    used 12924K, capacity 13782K, committed 13824K, reserved 1048576K
}
Event: 18.226 GC heap after
{Heap after GC invocations=22 (full 0):
 garbage-first heap   total 196608K, used 94861K [0x0000000080000000, 0x0000000100000000)
  region size 1024K, 2 young (2048K), 2 survivors (2048K)
 Metaspace       used 100187K, capacity 102536K, committed 102604K, reserved 1138688K
  class space    used 12924K, capacity 13782K, committed 13824K, reserved 1048576K
}
Event: 19.116 GC heap before
{Heap before GC invocations=23 (full 0):
 garbage-first heap   total 196608K, used 159373K [0x0000000080000000, 0x0000000100000000)
  region size 1024K, 66 young (67584K), 2 survivors (2048K)
 Metaspace       used 109163K, capacity 112119K, committed 112332K, reserved 1146880K
  class space    used 14389K, capacity 15601K, committed 15616K, reserved 1048576K
}
Event: 19.127 GC heap after
{Heap after GC invocations=24 (full 0):
 garbage-first heap   total 196608K, used 101903K [0x0000000080000000, 0x0000000100000000)
  region size 1024K, 9 young (9216K), 9 survivors (9216K)
 Metaspace       used 109163K, capacity 112119K, committed 112332K, reserved 1146880K
  class space    used 14389K, capacity 15601K, committed 15616K, reserved 1048576K
}
Event: 19.587 GC heap before
{Heap before GC invocations=24 (full 0):
 garbage-first heap   total 196608K, used 142863K [0x0000000080000000, 0x0000000100000000)
  region size 1024K, 51 young (52224K), 9 survivors (9216K)
 Metaspace       used 112613K, capacity 115844K, committed 116044K, reserved 1148928K
  class space    used 14848K, capacity 16197K, committed 16256K, reserved 1048576K
}
Event: 19.606 GC heap after
{Heap after GC invocations=25 (full 0):
 garbage-first heap   total 196608K, used 104105K [0x0000000080000000, 0x0000000100000000)
  region size 1024K, 4 young (4096K), 4 survivors (4096K)
 Metaspace       used 112613K, capacity 115844K, committed 116044K, reserved 1148928K
  class space    used 14848K, capacity 16197K, committed 16256K, reserved 1048576K
}
Event: 20.307 GC heap before
{Heap before GC invocations=26 (full 0):
 garbage-first heap   total 196608K, used 145065K [0x0000000080000000, 0x0000000100000000)
  region size 1024K, 45 young (46080K), 4 survivors (4096K)
 Metaspace       used 114372K, capacity 117803K, committed 117964K, reserved 1150976K
  class space    used 15171K, capacity 16570K, committed 16640K, reserved 1048576K
}
Event: 20.341 GC heap after
{Heap after GC invocations=27 (full 0):
 garbage-first heap   total 196608K, used 108445K [0x0000000080000000, 0x0000000100000000)
  region size 1024K, 7 young (7168K), 7 survivors (7168K)
 Metaspace       used 114372K, capacity 117803K, committed 117964K, reserved 1150976K
  class space    used 15171K, capacity 16570K, committed 16640K, reserved 1048576K
}
Event: 21.095 GC heap before
{Heap before GC invocations=28 (full 0):
 garbage-first heap   total 196608K, used 143261K [0x0000000080000000, 0x0000000100000000)
  region size 1024K, 42 young (43008K), 7 survivors (7168K)
 Metaspace       used 115670K, capacity 118752K, committed 119628K, reserved 1153024K
  class space    used 15165K, capacity 16385K, committed 16768K, reserved 1048576K
}
Event: 21.105 GC heap after
{Heap after GC invocations=29 (full 0):
 garbage-first heap   total 236544K, used 108685K [0x0000000080000000, 0x0000000100000000)
  region size 1024K, 4 young (4096K), 4 survivors (4096K)
 Metaspace       used 115670K, capacity 118752K, committed 119628K, reserved 1153024K
  class space    used 15165K, capacity 16385K, committed 16768K, reserved 1048576K
}
Event: 39.518 GC heap before
{Heap before GC invocations=30 (full 0):
 garbage-first heap   total 236544K, used 175374K [0x0000000080000000, 0x0000000100000000)
  region size 1024K, 62 young (63488K), 4 survivors (4096K)
 Metaspace       used 117373K, capacity 120498K, committed 121292K, reserved 1153024K
  class space    used 15317K, capacity 16548K, committed 16896K, reserved 1048576K
}
Event: 39.527 GC heap after
{Heap after GC invocations=31 (full 0):
 garbage-first heap   total 236544K, used 112721K [0x0000000080000000, 0x0000000100000000)
  region size 1024K, 8 young (8192K), 8 survivors (8192K)
 Metaspace       used 117373K, capacity 120498K, committed 121292K, reserved 1153024K
  class space    used 15317K, capacity 16548K, committed 16896K, reserved 1048576K
}
Event: 39.558 GC heap before
{Heap before GC invocations=31 (full 0):
 garbage-first heap   total 236544K, used 114769K [0x0000000080000000, 0x0000000100000000)
  region size 1024K, 11 young (11264K), 8 survivors (8192K)
 Metaspace       used 117375K, capacity 120501K, committed 121292K, reserved 1153024K
  class space    used 15317K, capacity 16549K, committed 16896K, reserved 1048576K
}
Event: 39.570 GC heap after
{Heap after GC invocations=32 (full 0):
 garbage-first heap   total 236544K, used 111585K [0x0000000080000000, 0x0000000100000000)
  region size 1024K, 1 young (1024K), 1 survivors (1024K)
 Metaspace       used 117375K, capacity 120501K, committed 121292K, reserved 1153024K
  class space    used 15317K, capacity 16549K, committed 16896K, reserved 1048576K
}
Event: 48.201 GC heap before
{Heap before GC invocations=32 (full 0):
 garbage-first heap   total 236544K, used 170977K [0x0000000080000000, 0x0000000100000000)
  region size 1024K, 60 young (61440K), 1 survivors (1024K)
 Metaspace       used 117878K, capacity 121107K, committed 121548K, reserved 1155072K
  class space    used 15337K, capacity 16582K, committed 16896K, reserved 1048576K
}
Event: 48.219 GC heap after
{Heap after GC invocations=33 (full 0):
 garbage-first heap   total 236544K, used 117731K [0x0000000080000000, 0x0000000100000000)
  region size 1024K, 7 young (7168K), 7 survivors (7168K)
 Metaspace       used 117878K, capacity 121107K, committed 121548K, reserved 1155072K
  class space    used 15337K, capacity 16582K, committed 16896K, reserved 1048576K
}

Deoptimization events (20 events):
Event: 48.010 Thread 0x0000016d1e30a800 DEOPT PACKING pc=0x0000016d0bac48ac sp=0x0000003dbb8fe940
Event: 48.010 Thread 0x0000016d1e30a800 DEOPT UNPACKING pc=0x0000016d03a4662f sp=0x0000003dbb8fe888 mode 2
Event: 48.011 Thread 0x0000016d1e305800 Uncommon trap: trap_request=0xffffff4d fr.pc=0x0000016d0beb7a3c relative=0x000000000000037c
Event: 48.011 Thread 0x0000016d1e305800 Uncommon trap: reason=unstable_if action=reinterpret pc=0x0000016d0beb7a3c method=java.util.concurrent.ConcurrentLinkedQueue.offer(Ljava/lang/Object;)Z @ 96 c2
Event: 48.011 Thread 0x0000016d1e305800 DEOPT PACKING pc=0x0000016d0beb7a3c sp=0x0000003dbb6fe370
Event: 48.011 Thread 0x0000016d1e305800 DEOPT UNPACKING pc=0x0000016d03a4662f sp=0x0000003dbb6fe318 mode 2
Event: 48.012 Thread 0x0000016d1d388800 Uncommon trap: trap_request=0xffffff4d fr.pc=0x0000016d0b7ba2f4 relative=0x00000000000004b4
Event: 48.012 Thread 0x0000016d1d388800 Uncommon trap: reason=unstable_if action=reinterpret pc=0x0000016d0b7ba2f4 method=java.util.concurrent.ConcurrentLinkedQueue.poll()Ljava/lang/Object; @ 24 c2
Event: 48.012 Thread 0x0000016d1d388800 DEOPT PACKING pc=0x0000016d0b7ba2f4 sp=0x0000003db64fe520
Event: 48.012 Thread 0x0000016d1d388800 DEOPT UNPACKING pc=0x0000016d03a4662f sp=0x0000003db64fe4e0 mode 2
Event: 48.131 Thread 0x0000016d1b655000 DEOPT PACKING pc=0x0000016d04440b79 sp=0x0000003db4cf8b30
Event: 48.131 Thread 0x0000016d1b655000 DEOPT UNPACKING pc=0x0000016d03a46dde sp=0x0000003db4cf7ff8 mode 0
Event: 48.233 Thread 0x0000016d1b655000 Uncommon trap: trap_request=0xffffffde fr.pc=0x0000016d0babfe78 relative=0x00000000000000b8
Event: 48.233 Thread 0x0000016d1b655000 Uncommon trap: reason=class_check action=maybe_recompile pc=0x0000016d0babfe78 method=java.util.stream.ReferencePipeline$4$1.accept(Ljava/lang/Object;)V @ 12 c2
Event: 48.233 Thread 0x0000016d1b655000 DEOPT PACKING pc=0x0000016d0babfe78 sp=0x0000003db4cfb0d0
Event: 48.233 Thread 0x0000016d1b655000 DEOPT UNPACKING pc=0x0000016d03a4662f sp=0x0000003db4cfb050 mode 2
Event: 48.238 Thread 0x0000016d1b655000 Uncommon trap: trap_request=0xffffffcc fr.pc=0x0000016d0bf1d23c relative=0x00000000000002fc
Event: 48.238 Thread 0x0000016d1b655000 Uncommon trap: reason=intrinsic_or_type_checked_inlining action=make_not_entrant pc=0x0000016d0bf1d23c method=java.util.Arrays.copyOfRange([Ljava/lang/Object;IILjava/lang/Class;)[Ljava/lang/Object; @ 83 c2
Event: 48.238 Thread 0x0000016d1b655000 DEOPT PACKING pc=0x0000016d0bf1d23c sp=0x0000003db4cf9e70
Event: 48.238 Thread 0x0000016d1b655000 DEOPT UNPACKING pc=0x0000016d03a4662f sp=0x0000003db4cf9df0 mode 2

Classes redefined (0 events):
No events

Internal exceptions (20 events):
Event: 21.330 Thread 0x0000016d1b655000 Exception <a 'sun/nio/fs/WindowsException'{0x000000008e21fa50}> (0x000000008e21fa50) thrown at [./src/hotspot/share/prims/jni.cpp, line 615]
Event: 21.404 Thread 0x0000016d1b655000 Exception <a 'java/lang/NoSuchMethodError'{0x000000008e04ba78}: 'java.lang.Object java.lang.invoke.DirectMethodHandle$Holder.invokeSpecial(java.lang.Object, java.lang.Object, java.lang.Object, java.lang.Object, int, java.lang.Object, java.lang.Object)'> (0x000000008e04ba78) thrown at [./src/hotspot/share/interpreter/linkResolver.cpp, line 773]
Event: 21.848 Thread 0x0000016d1db64800 Implicit null exception at 0x0000016d0b5239f7 to 0x0000016d0b523ef0
Event: 21.848 Thread 0x0000016d1db64800 Implicit null exception at 0x0000016d0b90aef4 to 0x0000016d0b90b510
Event: 38.418 Thread 0x0000016d1b655000 Implicit null exception at 0x0000016d0bb2365f to 0x0000016d0bb241bc
Event: 39.051 Thread 0x0000016d1b655000 Exception <a 'sun/nio/fs/WindowsException'{0x000000008c445e98}> (0x000000008c445e98) thrown at [./src/hotspot/share/prims/jni.cpp, line 615]
Event: 39.289 Thread 0x0000016d1b655000 Exception <a 'sun/nio/fs/WindowsException'{0x000000008b8e00d8}> (0x000000008b8e00d8) thrown at [./src/hotspot/share/prims/jni.cpp, line 615]
Event: 39.300 Thread 0x0000016d1b655000 Exception <a 'sun/nio/fs/WindowsException'{0x000000008b77e6f8}> (0x000000008b77e6f8) thrown at [./src/hotspot/share/prims/jni.cpp, line 615]
Event: 39.300 Thread 0x0000016d1b655000 Exception <a 'sun/nio/fs/WindowsException'{0x000000008b77fa80}> (0x000000008b77fa80) thrown at [./src/hotspot/share/prims/jni.cpp, line 615]
Event: 39.300 Thread 0x0000016d1b655000 Exception <a 'sun/nio/fs/WindowsException'{0x000000008b781098}> (0x000000008b781098) thrown at [./src/hotspot/share/prims/jni.cpp, line 615]
Event: 39.300 Thread 0x0000016d1b655000 Exception <a 'sun/nio/fs/WindowsException'{0x000000008b782470}> (0x000000008b782470) thrown at [./src/hotspot/share/prims/jni.cpp, line 615]
Event: 39.948 Thread 0x0000016d1b655000 Exception <a 'sun/nio/fs/WindowsException'{0x000000008e61ed28}> (0x000000008e61ed28) thrown at [./src/hotspot/share/prims/jni.cpp, line 615]
Event: 39.948 Thread 0x0000016d1b655000 Exception <a 'sun/nio/fs/WindowsException'{0x000000008e61eda8}> (0x000000008e61eda8) thrown at [./src/hotspot/share/prims/jni.cpp, line 615]
Event: 39.948 Thread 0x0000016d1b655000 Exception <a 'sun/nio/fs/WindowsException'{0x000000008e620748}> (0x000000008e620748) thrown at [./src/hotspot/share/prims/jni.cpp, line 615]
Event: 48.041 Thread 0x0000016d1b655000 Exception <a 'sun/nio/fs/WindowsException'{0x000000008b9225e8}> (0x000000008b9225e8) thrown at [./src/hotspot/share/prims/jni.cpp, line 615]
Event: 48.175 Thread 0x0000016d1b655000 Exception <a 'sun/nio/fs/WindowsException'{0x000000008ad82a30}> (0x000000008ad82a30) thrown at [./src/hotspot/share/prims/jni.cpp, line 615]
Event: 48.181 Thread 0x0000016d1b655000 Exception <a 'sun/nio/fs/WindowsException'{0x000000008ac1f8d0}> (0x000000008ac1f8d0) thrown at [./src/hotspot/share/prims/jni.cpp, line 615]
Event: 48.181 Thread 0x0000016d1b655000 Exception <a 'sun/nio/fs/WindowsException'{0x000000008ac20c58}> (0x000000008ac20c58) thrown at [./src/hotspot/share/prims/jni.cpp, line 615]
Event: 48.181 Thread 0x0000016d1b655000 Exception <a 'sun/nio/fs/WindowsException'{0x000000008ac22030}> (0x000000008ac22030) thrown at [./src/hotspot/share/prims/jni.cpp, line 615]
Event: 48.181 Thread 0x0000016d1b655000 Exception <a 'sun/nio/fs/WindowsException'{0x000000008ac23408}> (0x000000008ac23408) thrown at [./src/hotspot/share/prims/jni.cpp, line 615]

Events (20 events):
Event: 48.371 Executing VM operation: CGC_Operation
Event: 48.390 Executing VM operation: CGC_Operation done
Event: 48.410 Executing VM operation: RevokeBias
Event: 48.411 Executing VM operation: RevokeBias done
Event: 48.411 Executing VM operation: RevokeBias
Event: 48.411 Executing VM operation: RevokeBias done
Event: 48.411 Executing VM operation: RevokeBias
Event: 48.412 Executing VM operation: RevokeBias done
Event: 48.449 Executing VM operation: RevokeBias
Event: 48.449 Executing VM operation: RevokeBias done
Event: 48.450 Executing VM operation: RevokeBias
Event: 48.450 Executing VM operation: RevokeBias done
Event: 48.450 Executing VM operation: RevokeBias
Event: 48.451 Executing VM operation: RevokeBias done
Event: 48.451 Executing VM operation: RevokeBias
Event: 48.452 Executing VM operation: RevokeBias done
Event: 48.452 Executing VM operation: RevokeBias
Event: 48.452 Executing VM operation: RevokeBias done
Event: 48.470 Executing VM operation: CGC_Operation
Event: 48.471 Executing VM operation: CGC_Operation done


Dynamic libraries:
0x00007ff602c20000 - 0x00007ff602c2a000 	C:\Program Files\Android\Android Studio\jre\bin\java.exe
0x00007ff8a7c00000 - 0x00007ff8a7de0000 	C:\Windows\SYSTEM32\ntdll.dll
0x00007ff8a5340000 - 0x00007ff8a53ee000 	C:\Windows\System32\KERNEL32.DLL
0x00007ff8a44d0000 - 0x00007ff8a4736000 	C:\Windows\System32\KERNELBASE.dll
0x00007ff8a43d0000 - 0x00007ff8a44c6000 	C:\Windows\System32\ucrtbase.dll
0x00007ff891ab0000 - 0x00007ff891ac9000 	C:\Program Files\Android\Android Studio\jre\bin\jli.dll
0x00007ff88f630000 - 0x00007ff88f647000 	C:\Program Files\Android\Android Studio\jre\bin\VCRUNTIME140.dll
0x00007ff8a7680000 - 0x00007ff8a780f000 	C:\Windows\System32\USER32.dll
0x00007ff8a4080000 - 0x00007ff8a40a0000 	C:\Windows\System32\win32u.dll
0x00007ff8a7500000 - 0x00007ff8a7528000 	C:\Windows\System32\GDI32.dll
0x00007ff8a4f30000 - 0x00007ff8a50c3000 	C:\Windows\System32\gdi32full.dll
0x00007ff88f6b0000 - 0x00007ff88f919000 	C:\Windows\WinSxS\amd64_microsoft.windows.common-controls_6595b64144ccf1df_6.0.16299.251_none_15c7cfda9365a4c7\COMCTL32.dll
0x00007ff8a4e90000 - 0x00007ff8a4f2b000 	C:\Windows\System32\msvcp_win.dll
0x00007ff8a51f0000 - 0x00007ff8a528d000 	C:\Windows\System32\msvcrt.dll
0x00007ff8a5460000 - 0x00007ff8a5768000 	C:\Windows\System32\combase.dll
0x00007ff8a73e0000 - 0x00007ff8a74ff000 	C:\Windows\System32\RPCRT4.dll
0x00007ff8a4000000 - 0x00007ff8a4072000 	C:\Windows\System32\bcryptPrimitives.dll
0x00007ff8a7810000 - 0x00007ff8a783d000 	C:\Windows\System32\IMM32.DLL
0x00007ff874e10000 - 0x00007ff874ead000 	C:\Program Files\Android\Android Studio\jre\bin\msvcp140.dll
0x00007ff8447f0000 - 0x00007ff8452c5000 	C:\Program Files\Android\Android Studio\jre\bin\server\jvm.dll
0x00007ff8a50d0000 - 0x00007ff8a5171000 	C:\Windows\System32\ADVAPI32.dll
0x00007ff8a78c0000 - 0x00007ff8a791b000 	C:\Windows\System32\sechost.dll
0x00007ff8a7670000 - 0x00007ff8a7678000 	C:\Windows\System32\PSAPI.DLL
0x00007ff892ab0000 - 0x00007ff892ab9000 	C:\Windows\SYSTEM32\WSOCK32.dll
0x00007ff8a1df0000 - 0x00007ff8a1e13000 	C:\Windows\SYSTEM32\WINMM.dll
0x00007ff8a7600000 - 0x00007ff8a766c000 	C:\Windows\System32\WS2_32.dll
0x00007ff89f260000 - 0x00007ff89f26a000 	C:\Windows\SYSTEM32\VERSION.dll
0x00007ff8a1d90000 - 0x00007ff8a1dba000 	C:\Windows\SYSTEM32\winmmbase.dll
0x00007ff8a42d0000 - 0x00007ff8a431a000 	C:\Windows\System32\cfgmgr32.dll
0x00007ff8a3fa0000 - 0x00007ff8a3fb1000 	C:\Windows\System32\kernel.appcore.dll
0x00007ff88f610000 - 0x00007ff88f621000 	C:\Program Files\Android\Android Studio\jre\bin\verify.dll
0x00007ff8a2980000 - 0x00007ff8a2b48000 	C:\Windows\SYSTEM32\DBGHELP.DLL
0x00007ff88a7b0000 - 0x00007ff88a7d9000 	C:\Windows\SYSTEM32\dbgcore.DLL
0x00007ff88abc0000 - 0x00007ff88abe9000 	C:\Program Files\Android\Android Studio\jre\bin\java.dll
0x00007ff8919c0000 - 0x00007ff8919cb000 	C:\Program Files\Android\Android Studio\jre\bin\jimage.dll
0x00007ff88a790000 - 0x00007ff88a7a8000 	C:\Program Files\Android\Android Studio\jre\bin\zip.dll
0x00007ff8a5dd0000 - 0x00007ff8a7206000 	C:\Windows\System32\SHELL32.dll
0x00007ff8a5290000 - 0x00007ff8a5336000 	C:\Windows\System32\shcore.dll
0x00007ff8a4740000 - 0x00007ff8a4e87000 	C:\Windows\System32\windows.storage.dll
0x00007ff8a5400000 - 0x00007ff8a5451000 	C:\Windows\System32\shlwapi.dll
0x00007ff8a3f50000 - 0x00007ff8a3f9c000 	C:\Windows\System32\powrprof.dll
0x00007ff8a3fe0000 - 0x00007ff8a3ffb000 	C:\Windows\System32\profapi.dll
0x00007ff8872d0000 - 0x00007ff8872ea000 	C:\Program Files\Android\Android Studio\jre\bin\net.dll
0x00007ff89f3f0000 - 0x00007ff89f4ce000 	C:\Windows\SYSTEM32\WINHTTP.dll
0x00007ff8a3780000 - 0x00007ff8a37e6000 	C:\Windows\system32\mswsock.dll
0x00007ff883bb0000 - 0x00007ff883bc4000 	C:\Program Files\Android\Android Studio\jre\bin\nio.dll
0x00007ff882260000 - 0x00007ff882287000 	C:\Users\Bailey\.gradle\native\e1d6ef7f7dcc3fd88c89a11ec53ec762bb8ba0a96d01ffa2cd45eb1d1d8dd5c5\windows-amd64\native-platform.dll
0x00007ff871960000 - 0x00007ff871aa4000 	C:\Users\Bailey\.gradle\native\5664cfc778a61ccfe75a443a1ab52a65af34e5dc3c78e0209fed803814484fcb\windows-amd64\native-platform-file-events.dll
0x00007ff88f600000 - 0x00007ff88f60a000 	C:\Program Files\Android\Android Studio\jre\bin\management.dll
0x00007ff88f500000 - 0x00007ff88f50d000 	C:\Program Files\Android\Android Studio\jre\bin\management_ext.dll
0x00007ff8a3940000 - 0x00007ff8a3957000 	C:\Windows\SYSTEM32\CRYPTSP.dll
0x00007ff8a3390000 - 0x00007ff8a33c3000 	C:\Windows\system32\rsaenh.dll
0x00007ff8a3a50000 - 0x00007ff8a3a75000 	C:\Windows\SYSTEM32\bcrypt.dll
0x00007ff8a3e50000 - 0x00007ff8a3e79000 	C:\Windows\SYSTEM32\USERENV.dll
0x00007ff8a3960000 - 0x00007ff8a396b000 	C:\Windows\SYSTEM32\CRYPTBASE.dll
0x00007ff8a3510000 - 0x00007ff8a3549000 	C:\Windows\SYSTEM32\IPHLPAPI.DLL
0x00007ff8a53f0000 - 0x00007ff8a53f8000 	C:\Windows\System32\NSI.dll
0x00007ff89e280000 - 0x00007ff89e296000 	C:\Windows\SYSTEM32\dhcpcsvc6.DLL
0x00007ff89e260000 - 0x00007ff89e27a000 	C:\Windows\SYSTEM32\dhcpcsvc.DLL
0x00007ff88ab90000 - 0x00007ff88abb7000 	C:\Program Files\Android\Android Studio\jre\bin\sunec.dll

dbghelp: loaded successfully - version: 4.0.5 - missing functions: none
symbol engine: initialized successfully - sym options: 0x614 - pdb path: .;C:\Program Files\Android\Android Studio\jre\bin;C:\Windows\SYSTEM32;C:\Windows\WinSxS\amd64_microsoft.windows.common-controls_6595b64144ccf1df_6.0.16299.251_none_15c7cfda9365a4c7;C:\Program Files\Android\Android Studio\jre\bin\server;C:\Users\Bailey\.gradle\native\e1d6ef7f7dcc3fd88c89a11ec53ec762bb8ba0a96d01ffa2cd45eb1d1d8dd5c5\windows-amd64;C:\Users\Bailey\.gradle\native\5664cfc778a61ccfe75a443a1ab52a65af34e5dc3c78e0209fed803814484fcb\windows-amd64

VM Arguments:
jvm_args: --add-opens=java.base/java.util=ALL-UNNAMED --add-opens=java.base/java.lang=ALL-UNNAMED --add-opens=java.base/java.lang.invoke=ALL-UNNAMED --add-opens=java.base/java.util=ALL-UNNAMED --add-opens=java.prefs/java.util.prefs=ALL-UNNAMED --add-opens=java.prefs/java.util.prefs=ALL-UNNAMED --add-opens=java.base/java.nio.charset=ALL-UNNAMED --add-opens=java.base/java.net=ALL-UNNAMED --add-opens=java.base/java.util.concurrent.atomic=ALL-UNNAMED -Xmx2048m -Dfile.encoding=UTF-8 -Duser.country=US -Duser.language=en -Duser.variant 
java_command: org.gradle.launcher.daemon.bootstrap.GradleDaemon 7.2
java_class_path (initial): C:\Users\Bailey\.gradle\wrapper\dists\gradle-7.2-bin\2dnblmf4td7x66yl1d74lt32g\gradle-7.2\lib\gradle-launcher-7.2.jar
Launcher Type: SUN_STANDARD

[Global flags]
     intx CICompilerCount                          = 4                                         {product} {ergonomic}
     uint ConcGCThreads                            = 2                                         {product} {ergonomic}
     uint G1ConcRefinementThreads                  = 8                                         {product} {ergonomic}
   size_t G1HeapRegionSize                         = 1048576                                   {product} {ergonomic}
    uintx GCDrainStackTargetSize                   = 64                                        {product} {ergonomic}
   size_t InitialHeapSize                          = 201326592                                 {product} {ergonomic}
   size_t MarkStackSize                            = 4194304                                   {product} {ergonomic}
   size_t MaxHeapSize                              = 2147483648                                {product} {command line}
   size_t MaxNewSize                               = 1287651328                                {product} {ergonomic}
   size_t MinHeapDeltaBytes                        = 1048576                                   {product} {ergonomic}
    uintx NonNMethodCodeHeapSize                   = 5836300                                {pd product} {ergonomic}
    uintx NonProfiledCodeHeapSize                  = 122910970                              {pd product} {ergonomic}
    uintx ProfiledCodeHeapSize                     = 122910970                              {pd product} {ergonomic}
    uintx ReservedCodeCacheSize                    = 251658240                              {pd product} {ergonomic}
     bool SegmentedCodeCache                       = true                                      {product} {ergonomic}
     bool UseCompressedClassPointers               = true                                 {lp64_product} {ergonomic}
     bool UseCompressedOops                        = true                                 {lp64_product} {ergonomic}
     bool UseG1GC                                  = true                                      {product} {ergonomic}
     bool UseLargePagesIndividualAllocation        = false                                  {pd product} {ergonomic}

Logging:
Log output configuration:
 #0: stdout all=warning uptime,level,tags
 #1: stderr all=off uptime,level,tags

Environment Variables:
CLASSPATH=%CLASSPATH%;JUNIT_HOME%\C:\Users\Bailey\Downloads\JUNIT\junit-4.13.2.jar
PATH=C:\Program Files\Common Files\Oracle\Java\javapath;C:\Program Files (x86)\Common Files\Oracle\Java\javapath;C:\Windows\system32;C:\Windows;C:\Windows\System32\Wbem;C:\Windows\System32\WindowsPowerShell\v1.0\;C:\Program Files\dotnet\;C:\Users\Bailey\AppData\Local\Programs\Python\Python39\Scripts\;C:\Users\Bailey\AppData\Local\Programs\Python\Python39\;C:\Users\Bailey\AppData\Local\Microsoft\WindowsApps;C:\Program Files\PostgreSQL\13\bin;C:\Program Files\Java\jdk-11\bin;C:\Users\Bailey\AppData\Local\GitHubDesktop\bin
USERNAME=Bailey
OS=Windows_NT
PROCESSOR_IDENTIFIER=Intel64 Family 6 Model 142 Stepping 10, GenuineIntel



---------------  S Y S T E M  ---------------

OS: Windows 10 , 64 bit Build 16299 (10.0.16299.15)
OS uptime: 8 days 10:40 hours

CPU:total 8 (initial active 8) (4 cores per cpu, 2 threads per core) family 6 model 142 stepping 10 microcode 0x64, cmov, cx8, fxsr, mmx, sse, sse2, sse3, ssse3, sse4.1, sse4.2, popcnt, avx, avx2, aes, clmul, erms, 3dnowpref, lzcnt, ht, tsc, tscinvbit, bmi1, bmi2, adx, fma

Memory: 4k page, system-wide physical 12170M (619M free)
TotalPageFile size 12170M (AvailPageFile size 4M)
current process WorkingSet (physical memory assigned to process): 586M, peak: 586M
current process commit charge ("private bytes"): 621M, peak: 622M

vm_info: OpenJDK 64-Bit Server VM (11.0.11+9-b60-7590822) for windows-amd64 JRE (11.0.11+9-b60-7590822), built on Jul 29 2021 21:43:44 by "builder" with MS VC++ 14.0 (VS2015)

END.
